{"numTotalTestSuites":112,"numPassedTestSuites":112,"numFailedTestSuites":0,"numPendingTestSuites":0,"numTotalTests":334,"numPassedTests":334,"numFailedTests":0,"numPendingTests":0,"numTodoTests":0,"snapshot":{"added":0,"failure":false,"filesAdded":0,"filesRemoved":0,"filesRemovedList":[],"filesUnmatched":0,"filesUpdated":0,"matched":0,"total":0,"unchecked":0,"uncheckedKeysByFile":[],"unmatched":0,"updated":0,"didUpdate":false},"startTime":1777712275933,"success":true,"testResults":[{"assertionResults":[{"ancestorTitles":["GameLoop"],"fullName":"GameLoop should start and call update/render","status":"passed","title":"should start and call update/render","duration":4.62458300000003,"failureMessages":[],"meta":{},"tags":[]},{"ancestorTitles":["GameLoop"],"fullName":"GameLoop should cap delta time at 0.1s","status":"passed","title":"should cap delta time at 0.1s","duration":0.9342910000000302,"failureMessages":[],"meta":{},"tags":[]},{"ancestorTitles":["GameLoop"],"fullName":"GameLoop should pause and stop","status":"passed","title":"should pause and stop","duration":0.6234580000000278,"failureMessages":[],"meta":{},"tags":[]}],"startTime":1777712282983,"endTime":1777712282989.6235,"status":"passed","message":"","name":"/Users/shingotada/Documents/vscode/watch-game/tests/game/GameLoop.test.ts"},{"assertionResults":[{"ancestorTitles":["SceneManager"],"fullName":"SceneManager should register and transition to a scene","status":"passed","title":"should register and transition to a scene","duration":6.482042000000092,"failureMessages":[],"meta":{},"tags":[]},{"ancestorTitles":["SceneManager"],"fullName":"SceneManager should call exit on previous scene when transitioning","status":"passed","title":"should call exit on previous scene when transitioning","duration":0.799167000000125,"failureMessages":[],"meta":{},"tags":[]},{"ancestorTitles":["SceneManager"],"fullName":"SceneManager should delegate update to current scene","status":"passed","title":"should delegate update to current scene","duration":0.850208000000066,"failureMessages":[],"meta":{},"tags":[]},{"ancestorTitles":["SceneManager"],"fullName":"SceneManager should use transition handler if set","status":"passed","title":"should use transition handler if set","duration":0.751207999999906,"failureMessages":[],"meta":{},"tags":[]},{"ancestorTitles":["SceneManager"],"fullName":"SceneManager should warn on unregistered scene","status":"passed","title":"should warn on unregistered scene","duration":0.7256660000000466,"failureMessages":[],"meta":{},"tags":[]},{"ancestorTitles":["SceneManager"],"fullName":"SceneManager currentSceneNeedsContinuousRendering respects scene opt-out","status":"passed","title":"currentSceneNeedsContinuousRendering respects scene opt-out","duration":0.265041999999994,"failureMessages":[],"meta":{},"tags":[]}],"startTime":1777712283013,"endTime":1777712283023.2651,"status":"passed","message":"","name":"/Users/shingotada/Documents/vscode/watch-game/tests/game/SceneManager.test.ts"},{"assertionResults":[{"ancestorTitles":["ChoiceButtons"],"fullName":"ChoiceButtons should render buttons for each choice","status":"passed","title":"should render buttons for each choice","duration":167.92316699999992,"failureMessages":[],"meta":{},"tags":[]},{"ancestorTitles":["ChoiceButtons"],"fullName":"ChoiceButtons should scale down on pointerdown","status":"passed","title":"should scale down on pointerdown","duration":17.342167000000018,"failureMessages":[],"meta":{},"tags":[]},{"ancestorTitles":["ChoiceButtons"],"fullName":"ChoiceButtons should reset scale on pointerup","status":"passed","title":"should reset scale on pointerup","duration":8.631417000000056,"failureMessages":[],"meta":{},"tags":[]},{"ancestorTitles":["ChoiceButtons"],"fullName":"ChoiceButtons should reset scale on pointerleave","status":"passed","title":"should reset scale on pointerleave","duration":9.678083000000015,"failureMessages":[],"meta":{},"tags":[]},{"ancestorTitles":["ChoiceButtons"],"fullName":"ChoiceButtons should call onSelect callback when clicked","status":"passed","title":"should call onSelect callback when clicked","duration":5.060375000000022,"failureMessages":[],"meta":{},"tags":[]},{"ancestorTitles":["ChoiceButtons"],"fullName":"ChoiceButtons should not call onSelect when disabled after showResult","status":"passed","title":"should not call onSelect when disabled after showResult","duration":46.17941700000006,"failureMessages":[],"meta":{},"tags":[]},{"ancestorTitles":["ChoiceButtons"],"fullName":"ChoiceButtons should not scale down on pointerdown when disabled","status":"passed","title":"should not scale down on pointerdown when disabled","duration":25.41512499999999,"failureMessages":[],"meta":{},"tags":[]},{"ancestorTitles":["ChoiceButtons"],"fullName":"ChoiceButtons should reset scale on pointerleave even when disabled","status":"passed","title":"should reset scale on pointerleave even when disabled","duration":12.085332999999991,"failureMessages":[],"meta":{},"tags":[]},{"ancestorTitles":["ChoiceButtons"],"fullName":"ChoiceButtons should clean up on unmount","status":"passed","title":"should clean up on unmount","duration":8.593082999999979,"failureMessages":[],"meta":{},"tags":[]},{"ancestorTitles":["ChoiceButtons","showHint"],"fullName":"ChoiceButtons showHint should dim 2 incorrect buttons and keep correct + 1 incorrect visible","status":"passed","title":"should dim 2 incorrect buttons and keep correct + 1 incorrect visible","duration":10.895999999999958,"failureMessages":[],"meta":{},"tags":[]},{"ancestorTitles":["ChoiceButtons","showHint"],"fullName":"ChoiceButtons showHint should set pointerEvents to none on dimmed buttons","status":"passed","title":"should set pointerEvents to none on dimmed buttons","duration":12.458374999999933,"failureMessages":[],"meta":{},"tags":[]},{"ancestorTitles":["ChoiceButtons","showHint"],"fullName":"ChoiceButtons showHint should not dim the correct button","status":"passed","title":"should not dim the correct button","duration":51.46137499999986,"failureMessages":[],"meta":{},"tags":[]},{"ancestorTitles":["ChoiceButtons","showHint"],"fullName":"ChoiceButtons showHint should do nothing when disabled (after showResult)","status":"passed","title":"should do nothing when disabled (after showResult)","duration":12.882082999999966,"failureMessages":[],"meta":{},"tags":[]},{"ancestorTitles":["ChoiceButtons","showHint"],"fullName":"ChoiceButtons showHint should not dim buttons if not mounted","status":"passed","title":"should not dim buttons if not mounted","duration":1.302791999999954,"failureMessages":[],"meta":{},"tags":[]}],"startTime":1777712279118,"endTime":1777712279509.3027,"status":"passed","message":"","name":"/Users/shingotada/Documents/vscode/watch-game/tests/ui/ChoiceButtons.test.ts"},{"assertionResults":[{"ancestorTitles":["ConfirmButton"],"fullName":"ConfirmButton mount(parent) でボタン要素が parent に追加されること","status":"passed","title":"mount(parent) でボタン要素が parent に追加されること","duration":152.74862499999995,"failureMessages":[],"meta":{},"tags":[]},{"ancestorTitles":["ConfirmButton"],"fullName":"ConfirmButton デフォルトのラベルが「けってい！」であること","status":"passed","title":"デフォルトのラベルが「けってい！」であること","duration":3.3547080000000733,"failureMessages":[],"meta":{},"tags":[]},{"ancestorTitles":["ConfirmButton"],"fullName":"ConfirmButton カスタムラベルが適用されること","status":"passed","title":"カスタムラベルが適用されること","duration":4.045624999999973,"failureMessages":[],"meta":{},"tags":[]},{"ancestorTitles":["ConfirmButton"],"fullName":"ConfirmButton unmount() でボタン要素が削除されること","status":"passed","title":"unmount() でボタン要素が削除されること","duration":5.580500000000029,"failureMessages":[],"meta":{},"tags":[]},{"ancestorTitles":["ConfirmButton"],"fullName":"ConfirmButton onClick(callback) でクリック時にコールバックが呼ばれること","status":"passed","title":"onClick(callback) でクリック時にコールバックが呼ばれること","duration":5.98233399999981,"failureMessages":[],"meta":{},"tags":[]},{"ancestorTitles":["ConfirmButton"],"fullName":"ConfirmButton unmount() 後にクリックしてもコールバックが呼ばれないこと","status":"passed","title":"unmount() 後にクリックしてもコールバックが呼ばれないこと","duration":2.44141599999989,"failureMessages":[],"meta":{},"tags":[]},{"ancestorTitles":["ConfirmButton"],"fullName":"ConfirmButton disable() で opacity が 0.5、pointerEvents が none になること","status":"passed","title":"disable() で opacity が 0.5、pointerEvents が none になること","duration":3.9400839999998425,"failureMessages":[],"meta":{},"tags":[]},{"ancestorTitles":["ConfirmButton"],"fullName":"ConfirmButton enable() で opacity が 1、pointerEvents が auto になること","status":"passed","title":"enable() で opacity が 1、pointerEvents が auto になること","duration":6.115624999999909,"failureMessages":[],"meta":{},"tags":[]},{"ancestorTitles":["ConfirmButton"],"fullName":"ConfirmButton カスタムカラー（gradient）が適用されること","status":"passed","title":"カスタムカラー（gradient）が適用されること","duration":11.194792000000007,"failureMessages":[],"meta":{},"tags":[]},{"ancestorTitles":["ConfirmButton"],"fullName":"ConfirmButton デフォルトカラー（グリーン gradient）が適用されること","status":"passed","title":"デフォルトカラー（グリーン gradient）が適用されること","duration":9.122834000000012,"failureMessages":[],"meta":{},"tags":[]}],"startTime":1777712279078,"endTime":1777712279283.1228,"status":"passed","message":"","name":"/Users/shingotada/Documents/vscode/watch-game/tests/ui/ConfirmButton.test.ts"},{"assertionResults":[{"ancestorTitles":["CurrentTimeDisplay"],"fullName":"CurrentTimeDisplay mount後にDOM要素が親に追加されること","status":"passed","title":"mount後にDOM要素が親に追加されること","duration":110.79045799999994,"failureMessages":[],"meta":{},"tags":[]},{"ancestorTitles":["CurrentTimeDisplay"],"fullName":"CurrentTimeDisplay ラベルに「いま ▶」が表示されること","status":"passed","title":"ラベルに「いま ▶」が表示されること","duration":12.750917000000072,"failureMessages":[],"meta":{},"tags":[]},{"ancestorTitles":["CurrentTimeDisplay"],"fullName":"CurrentTimeDisplay setTime()で表示テキストがformatTimeと一致すること（正時）","status":"passed","title":"setTime()で表示テキストがformatTimeと一致すること（正時）","duration":10.255957999999964,"failureMessages":[],"meta":{},"tags":[]},{"ancestorTitles":["CurrentTimeDisplay"],"fullName":"CurrentTimeDisplay setTime()で表示テキストがformatTimeと一致すること（30分）","status":"passed","title":"setTime()で表示テキストがformatTimeと一致すること（30分）","duration":4.091167000000041,"failureMessages":[],"meta":{},"tags":[]},{"ancestorTitles":["CurrentTimeDisplay"],"fullName":"CurrentTimeDisplay setTime()で表示テキストがformatTimeと一致すること（任意の分）","status":"passed","title":"setTime()で表示テキストがformatTimeと一致すること（任意の分）","duration":8.257875000000013,"failureMessages":[],"meta":{},"tags":[]},{"ancestorTitles":["CurrentTimeDisplay"],"fullName":"CurrentTimeDisplay mount前のsetTimeはエラーにならないこと","status":"passed","title":"mount前のsetTimeはエラーにならないこと","duration":5.4789160000000265,"failureMessages":[],"meta":{},"tags":[]},{"ancestorTitles":["CurrentTimeDisplay"],"fullName":"CurrentTimeDisplay unmountでDOM要素がクリーンアップされること","status":"passed","title":"unmountでDOM要素がクリーンアップされること","duration":4.560582999999951,"failureMessages":[],"meta":{},"tags":[]},{"ancestorTitles":["CurrentTimeDisplay"],"fullName":"CurrentTimeDisplay unmount後のsetTimeはエラーにならないこと","status":"passed","title":"unmount後のsetTimeはエラーにならないこと","duration":2.9635829999999714,"failureMessages":[],"meta":{},"tags":[]},{"ancestorTitles":["CurrentTimeDisplay"],"fullName":"CurrentTimeDisplay 半透明スタイルが適用されていること","status":"passed","title":"半透明スタイルが適用されていること","duration":2.2524170000001504,"failureMessages":[],"meta":{},"tags":[]}],"startTime":1777712279110,"endTime":1777712279272.2524,"status":"passed","message":"","name":"/Users/shingotada/Documents/vscode/watch-game/tests/ui/CurrentTimeDisplay.test.ts"},{"assertionResults":[{"ancestorTitles":["DailyProgress"],"fullName":"DailyProgress mount() で親要素にコンテナが追加されること","status":"passed","title":"mount() で親要素にコンテナが追加されること","duration":22.784291999999823,"failureMessages":[],"meta":{},"tags":[]},{"ancestorTitles":["DailyProgress"],"fullName":"DailyProgress setEvents() でドットが生成されること","status":"passed","title":"setEvents() でドットが生成されること","duration":97.7934580000001,"failureMessages":[],"meta":{},"tags":[]},{"ancestorTitles":["DailyProgress"],"fullName":"DailyProgress 現在のイベントのドットがハイライトされること","status":"passed","title":"現在のイベントのドットがハイライトされること","duration":8.889999999999873,"failureMessages":[],"meta":{},"tags":[]},{"ancestorTitles":["DailyProgress"],"fullName":"DailyProgress 完了済みイベントのドットに「✅」が表示されること","status":"passed","title":"完了済みイベントのドットに「✅」が表示されること","duration":7.710458000000017,"failureMessages":[],"meta":{},"tags":[]},{"ancestorTitles":["DailyProgress"],"fullName":"DailyProgress 未到達イベントのドットに emoji が表示されること","status":"passed","title":"未到達イベントのドットに emoji が表示されること","duration":7.146750000000111,"failureMessages":[],"meta":{},"tags":[]},{"ancestorTitles":["DailyProgress"],"fullName":"DailyProgress unmount() で DOM が除去されること","status":"passed","title":"unmount() で DOM が除去されること","duration":1.8716669999998885,"failureMessages":[],"meta":{},"tags":[]}],"startTime":1777712280543,"endTime":1777712280689.8716,"status":"passed","message":"","name":"/Users/shingotada/Documents/vscode/watch-game/tests/ui/DailyProgress.test.ts"},{"assertionResults":[{"ancestorTitles":["HUD"],"fullName":"HUD mount() で親要素に DOM が追加されること","status":"passed","title":"mount() で親要素に DOM が追加されること","duration":99.84691700000008,"failureMessages":[],"meta":{},"tags":[]},{"ancestorTitles":["HUD"],"fullName":"HUD mount() で questionEl と scoreEl が生成されること","status":"passed","title":"mount() で questionEl と scoreEl が生成されること","duration":5.438458999999966,"failureMessages":[],"meta":{},"tags":[]},{"ancestorTitles":["HUD"],"fullName":"HUD updateQuestion(3, 5) で「もんだい 3/5」が表示されること","status":"passed","title":"updateQuestion(3, 5) で「もんだい 3/5」が表示されること","duration":15.59395900000004,"failureMessages":[],"meta":{},"tags":[]},{"ancestorTitles":["HUD"],"fullName":"HUD updateScore(2) で「⭕ 2」が表示されること","status":"passed","title":"updateScore(2) で「⭕ 2」が表示されること","duration":3.9653749999999945,"failureMessages":[],"meta":{},"tags":[]},{"ancestorTitles":["HUD"],"fullName":"HUD unmount() で DOM が除去されること","status":"passed","title":"unmount() で DOM が除去されること","duration":4.5875830000002225,"failureMessages":[],"meta":{},"tags":[]},{"ancestorTitles":["HUD"],"fullName":"HUD unmount() 後に updateQuestion/updateScore を呼んでもエラーにならないこと","status":"passed","title":"unmount() 後に updateQuestion/updateScore を呼んでもエラーにならないこと","duration":2.8735419999998157,"failureMessages":[],"meta":{},"tags":[]},{"ancestorTitles":["HUD"],"fullName":"HUD スタイルに pointer-events: none が設定されること","status":"passed","title":"スタイルに pointer-events: none が設定されること","duration":3.202957999999853,"failureMessages":[],"meta":{},"tags":[]}],"startTime":1777712280853,"endTime":1777712280988.203,"status":"passed","message":"","name":"/Users/shingotada/Documents/vscode/watch-game/tests/ui/HUD.test.ts"},{"assertionResults":[{"ancestorTitles":["HomeButton"],"fullName":"HomeButton mount() で親要素にボタンが追加されること","status":"passed","title":"mount() で親要素にボタンが追加されること","duration":151.73091599999998,"failureMessages":[],"meta":{},"tags":[]},{"ancestorTitles":["HomeButton"],"fullName":"HomeButton ボタンテキストが「🏠」であること","status":"passed","title":"ボタンテキストが「🏠」であること","duration":6.86850000000004,"failureMessages":[],"meta":{},"tags":[]},{"ancestorTitles":["HomeButton"],"fullName":"HomeButton onClick() で登録したコールバックがクリック時に呼ばれること","status":"passed","title":"onClick() で登録したコールバックがクリック時に呼ばれること","duration":6.730166000000054,"failureMessages":[],"meta":{},"tags":[]},{"ancestorTitles":["HomeButton"],"fullName":"HomeButton unmount() で DOM が除去されること","status":"passed","title":"unmount() で DOM が除去されること","duration":4.803834000000052,"failureMessages":[],"meta":{},"tags":[]},{"ancestorTitles":["HomeButton"],"fullName":"HomeButton unmount() 後にクリックしてもコールバックが呼ばれないこと","status":"passed","title":"unmount() 後にクリックしてもコールバックが呼ばれないこと","duration":9.46529200000009,"failureMessages":[],"meta":{},"tags":[]}],"startTime":1777712280883,"endTime":1777712281063.4653,"status":"passed","message":"","name":"/Users/shingotada/Documents/vscode/watch-game/tests/ui/HomeButton.test.ts"},{"assertionResults":[{"ancestorTitles":["showNotification"],"fullName":"showNotification DOM要素が親に追加されること","status":"passed","title":"DOM要素が親に追加されること","duration":75.4716249999999,"failureMessages":[],"meta":{},"tags":[]},{"ancestorTitles":["showNotification"],"fullName":"showNotification 指定されたテキストと色が反映されること","status":"passed","title":"指定されたテキストと色が反映されること","duration":7.797750000000178,"failureMessages":[],"meta":{},"tags":[]},{"ancestorTitles":["showNotification"],"fullName":"showNotification notif-anim スタイル要素が document.head に1つだけ存在すること","status":"passed","title":"notif-anim スタイル要素が document.head に1つだけ存在すること","duration":11.711291000000074,"failureMessages":[],"meta":{},"tags":[]},{"ancestorTitles":["showNotification"],"fullName":"showNotification 1200ms後にDOM要素が自動削除されること","status":"passed","title":"1200ms後にDOM要素が自動削除されること","duration":3.463416000000052,"failureMessages":[],"meta":{},"tags":[]},{"ancestorTitles":["showNotification"],"fullName":"showNotification topオプションでカスタム位置が設定できること","status":"passed","title":"topオプションでカスタム位置が設定できること","duration":5.779917000000069,"failureMessages":[],"meta":{},"tags":[]},{"ancestorTitles":["showNotification"],"fullName":"showNotification デフォルトのtopは40%であること","status":"passed","title":"デフォルトのtopは40%であること","duration":3.8893749999999727,"failureMessages":[],"meta":{},"tags":[]},{"ancestorTitles":["showNotification"],"fullName":"showNotification fontSizeオプションでフォントサイズを変更できること","status":"passed","title":"fontSizeオプションでフォントサイズを変更できること","duration":2.6127919999998994,"failureMessages":[],"meta":{},"tags":[]},{"ancestorTitles":["showNotification"],"fullName":"showNotification paddingオプションでパディングを変更できること","status":"passed","title":"paddingオプションでパディングを変更できること","duration":3.3469169999998485,"failureMessages":[],"meta":{},"tags":[]},{"ancestorTitles":["showNotification"],"fullName":"showNotification タイマーIDを返すこと","status":"passed","title":"タイマーIDを返すこと","duration":4.805916000000025,"failureMessages":[],"meta":{},"tags":[]}],"startTime":1777712279035,"endTime":1777712279154.806,"status":"passed","message":"","name":"/Users/shingotada/Documents/vscode/watch-game/tests/ui/Notification.test.ts"},{"assertionResults":[{"ancestorTitles":["TimeDisplay"],"fullName":"TimeDisplay mount() で親要素に DOM が追加されること","status":"passed","title":"mount() で親要素に DOM が追加されること","duration":113.14933300000007,"failureMessages":[],"meta":{},"tags":[]},{"ancestorTitles":["TimeDisplay"],"fullName":"TimeDisplay ラベルテキストが表示されること","status":"passed","title":"ラベルテキストが表示されること","duration":15.50645899999995,"failureMessages":[],"meta":{},"tags":[]},{"ancestorTitles":["TimeDisplay"],"fullName":"TimeDisplay setTime() で時刻が正しく表示されること","status":"passed","title":"setTime() で時刻が正しく表示されること","duration":7.807417000000214,"failureMessages":[],"meta":{},"tags":[]},{"ancestorTitles":["TimeDisplay"],"fullName":"TimeDisplay unmount() で DOM が除去されること","status":"passed","title":"unmount() で DOM が除去されること","duration":4.236707999999908,"failureMessages":[],"meta":{},"tags":[]},{"ancestorTitles":["TimeDisplay"],"fullName":"TimeDisplay unmount() 後に setTime() を呼んでもエラーにならないこと","status":"passed","title":"unmount() 後に setTime() を呼んでもエラーにならないこと","duration":4.079458000000159,"failureMessages":[],"meta":{},"tags":[]}],"startTime":1777712280599,"endTime":1777712280745.0793,"status":"passed","message":"","name":"/Users/shingotada/Documents/vscode/watch-game/tests/ui/TimeDisplay.test.ts"},{"assertionResults":[{"ancestorTitles":["TransitionOverlay"],"fullName":"TransitionOverlay mount で DOM 要素が追加されること","status":"passed","title":"mount で DOM 要素が追加されること","duration":60.0559589999998,"failureMessages":[],"meta":{},"tags":[]},{"ancestorTitles":["TransitionOverlay"],"fullName":"TransitionOverlay 初期状態で opacity: 0, pointer-events: none であること","status":"passed","title":"初期状態で opacity: 0, pointer-events: none であること","duration":3.8542090000000826,"failureMessages":[],"meta":{},"tags":[]},{"ancestorTitles":["TransitionOverlay"],"fullName":"TransitionOverlay z-index が 200 であること","status":"passed","title":"z-index が 200 であること","duration":2.4874590000001717,"failureMessages":[],"meta":{},"tags":[]},{"ancestorTitles":["TransitionOverlay"],"fullName":"TransitionOverlay fadeOut で opacity が 1 になること","status":"passed","title":"fadeOut で opacity が 1 になること","duration":3.3131660000001375,"failureMessages":[],"meta":{},"tags":[]},{"ancestorTitles":["TransitionOverlay"],"fullName":"TransitionOverlay fadeOut 開始時に pointer-events: auto になること","status":"passed","title":"fadeOut 開始時に pointer-events: auto になること","duration":4.054540999999972,"failureMessages":[],"meta":{},"tags":[]},{"ancestorTitles":["TransitionOverlay"],"fullName":"TransitionOverlay fadeOut のコールバックが transitionend 後に呼ばれること","status":"passed","title":"fadeOut のコールバックが transitionend 後に呼ばれること","duration":4.768666000000167,"failureMessages":[],"meta":{},"tags":[]},{"ancestorTitles":["TransitionOverlay"],"fullName":"TransitionOverlay fadeOut のコールバックが propertyName !== opacity の場合は呼ばれないこと","status":"passed","title":"fadeOut のコールバックが propertyName !== opacity の場合は呼ばれないこと","duration":2.933208999999806,"failureMessages":[],"meta":{},"tags":[]},{"ancestorTitles":["TransitionOverlay"],"fullName":"TransitionOverlay fadeOut のコールバックが setTimeout フォールバックで呼ばれること","status":"passed","title":"fadeOut のコールバックが setTimeout フォールバックで呼ばれること","duration":3.3459589999999935,"failureMessages":[],"meta":{},"tags":[]},{"ancestorTitles":["TransitionOverlay"],"fullName":"TransitionOverlay fadeIn で opacity が 0 に戻ること","status":"passed","title":"fadeIn で opacity が 0 に戻ること","duration":4.0788330000000315,"failureMessages":[],"meta":{},"tags":[]},{"ancestorTitles":["TransitionOverlay"],"fullName":"TransitionOverlay fadeIn 完了後に pointer-events: none に戻ること","status":"passed","title":"fadeIn 完了後に pointer-events: none に戻ること","duration":3.840791999999965,"failureMessages":[],"meta":{},"tags":[]},{"ancestorTitles":["TransitionOverlay"],"fullName":"TransitionOverlay fadeIn 完了後に isTransitioning が false になること","status":"passed","title":"fadeIn 完了後に isTransitioning が false になること","duration":2.6806249999999636,"failureMessages":[],"meta":{},"tags":[]},{"ancestorTitles":["TransitionOverlay"],"fullName":"TransitionOverlay fadeIn の setTimeout フォールバックで pointer-events: none に戻ること","status":"passed","title":"fadeIn の setTimeout フォールバックで pointer-events: none に戻ること","duration":6.293042000000014,"failureMessages":[],"meta":{},"tags":[]},{"ancestorTitles":["TransitionOverlay"],"fullName":"TransitionOverlay isTransitioning() がフェード中に true を返すこと","status":"passed","title":"isTransitioning() がフェード中に true を返すこと","duration":2.6950839999999516,"failureMessages":[],"meta":{},"tags":[]},{"ancestorTitles":["TransitionOverlay"],"fullName":"TransitionOverlay 二重 fadeOut 呼び出し時にガードが機能すること","status":"passed","title":"二重 fadeOut 呼び出し時にガードが機能すること","duration":2.114415999999892,"failureMessages":[],"meta":{},"tags":[]},{"ancestorTitles":["TransitionOverlay"],"fullName":"TransitionOverlay unmount で DOM 要素が除去されること","status":"passed","title":"unmount で DOM 要素が除去されること","duration":1.7512919999999212,"failureMessages":[],"meta":{},"tags":[]},{"ancestorTitles":["TransitionOverlay"],"fullName":"TransitionOverlay unmount で setTimeout タイマーがクリアされること","status":"passed","title":"unmount で setTimeout タイマーがクリアされること","duration":1.9316670000000613,"failureMessages":[],"meta":{},"tags":[]}],"startTime":1777712280611,"endTime":1777712280720.9316,"status":"passed","message":"","name":"/Users/shingotada/Documents/vscode/watch-game/tests/ui/TransitionOverlay.test.ts"},{"assertionResults":[{"ancestorTitles":["AudioManager"],"fullName":"AudioManager pauseBGM() が内部の bgmGenerator.pause() を呼ぶこと","status":"passed","title":"pauseBGM() が内部の bgmGenerator.pause() を呼ぶこと","duration":4.160916999999927,"failureMessages":[],"meta":{},"tags":[]},{"ancestorTitles":["AudioManager"],"fullName":"AudioManager init() 前に pauseBGM() を呼んでもエラーにならないこと","status":"passed","title":"init() 前に pauseBGM() を呼んでもエラーにならないこと","duration":0.2648749999998472,"failureMessages":[],"meta":{},"tags":[]}],"startTime":1777712284131,"endTime":1777712284135.265,"status":"passed","message":"","name":"/Users/shingotada/Documents/vscode/watch-game/tests/game/audio/AudioManager.test.ts"},{"assertionResults":[{"ancestorTitles":["BGMGenerator","pause()"],"fullName":"BGMGenerator pause() pause() 後に currentMode が保持されること","status":"passed","title":"pause() 後に currentMode が保持されること","duration":7.57120800000007,"failureMessages":[],"meta":{},"tags":[]},{"ancestorTitles":["BGMGenerator","pause()"],"fullName":"BGMGenerator pause() pause() で playing が false になること","status":"passed","title":"pause() で playing が false になること","duration":1.2773340000001099,"failureMessages":[],"meta":{},"tags":[]},{"ancestorTitles":["BGMGenerator","pause()"],"fullName":"BGMGenerator pause() pause() → resume() で playing が true に復帰すること","status":"passed","title":"pause() → resume() で playing が true に復帰すること","duration":1.0007920000000468,"failureMessages":[],"meta":{},"tags":[]},{"ancestorTitles":["BGMGenerator","stop() 後の resume()"],"fullName":"BGMGenerator stop() 後の resume() stop() 後に resume() が何もしないこと","status":"passed","title":"stop() 後に resume() が何もしないこと","duration":0.550707999999986,"failureMessages":[],"meta":{},"tags":[]},{"ancestorTitles":["BGMGenerator","pause() vs stop() の違い"],"fullName":"BGMGenerator pause() vs stop() の違い pause() 後は resume() で再開できるが stop() 後はできない","status":"passed","title":"pause() 後は resume() で再開できるが stop() 後はできない","duration":0.5713749999999891,"failureMessages":[],"meta":{},"tags":[]}],"startTime":1777712283002,"endTime":1777712283013.5713,"status":"passed","message":"","name":"/Users/shingotada/Documents/vscode/watch-game/tests/game/audio/BGMGenerator.test.ts"},{"assertionResults":[{"ancestorTitles":["SFXGenerator","init()"],"fullName":"SFXGenerator init() init() で context と destination が設定されること","status":"passed","title":"init() で context と destination が設定されること","duration":11.04037500000004,"failureMessages":[],"meta":{},"tags":[]},{"ancestorTitles":["SFXGenerator","init() 前の安全性"],"fullName":"SFXGenerator init() 前の安全性 init() 前に play() を呼んでもエラーにならないこと","status":"passed","title":"init() 前に play() を呼んでもエラーにならないこと","duration":3.441250000000082,"failureMessages":[],"meta":{},"tags":[]},{"ancestorTitles":["SFXGenerator","init() 前の安全性"],"fullName":"SFXGenerator init() 前の安全性 init() 前は createOscillator が呼ばれないこと","status":"passed","title":"init() 前は createOscillator が呼ばれないこと","duration":0.8207089999998516,"failureMessages":[],"meta":{},"tags":[]},{"ancestorTitles":["SFXGenerator","全 SFX タイプの再生"],"fullName":"SFXGenerator 全 SFX タイプの再生 play(\"correct\") が createOscillator を呼ぶこと","status":"passed","title":"play(\"correct\") が createOscillator を呼ぶこと","duration":2.65362499999992,"failureMessages":[],"meta":{},"tags":[]},{"ancestorTitles":["SFXGenerator","全 SFX タイプの再生"],"fullName":"SFXGenerator 全 SFX タイプの再生 play(\"incorrect\") が createOscillator を呼ぶこと","status":"passed","title":"play(\"incorrect\") が createOscillator を呼ぶこと","duration":1.579332999999906,"failureMessages":[],"meta":{},"tags":[]},{"ancestorTitles":["SFXGenerator","全 SFX タイプの再生"],"fullName":"SFXGenerator 全 SFX タイプの再生 play(\"hint\") が createOscillator を呼ぶこと","status":"passed","title":"play(\"hint\") が createOscillator を呼ぶこと","duration":0.912708000000066,"failureMessages":[],"meta":{},"tags":[]},{"ancestorTitles":["SFXGenerator","全 SFX タイプの再生"],"fullName":"SFXGenerator 全 SFX タイプの再生 play(\"levelClear\") が createOscillator を呼ぶこと","status":"passed","title":"play(\"levelClear\") が createOscillator を呼ぶこと","duration":1.4822919999999158,"failureMessages":[],"meta":{},"tags":[]},{"ancestorTitles":["SFXGenerator","全 SFX タイプの再生"],"fullName":"SFXGenerator 全 SFX タイプの再生 play(\"allClear\") が createOscillator を呼ぶこと","status":"passed","title":"play(\"allClear\") が createOscillator を呼ぶこと","duration":1.078125,"failureMessages":[],"meta":{},"tags":[]},{"ancestorTitles":["SFXGenerator","全 SFX タイプの再生"],"fullName":"SFXGenerator 全 SFX タイプの再生 play(\"buttonTap\") が createOscillator を呼ぶこと","status":"passed","title":"play(\"buttonTap\") が createOscillator を呼ぶこと","duration":0.5319999999999254,"failureMessages":[],"meta":{},"tags":[]},{"ancestorTitles":["SFXGenerator","全 SFX タイプの再生"],"fullName":"SFXGenerator 全 SFX タイプの再生 play(\"tick\") が createOscillator を呼ぶこと","status":"passed","title":"play(\"tick\") が createOscillator を呼ぶこと","duration":1.1563750000000255,"failureMessages":[],"meta":{},"tags":[]},{"ancestorTitles":["SFXGenerator","全 SFX タイプの再生"],"fullName":"SFXGenerator 全 SFX タイプの再生 play(\"clockSet\") が createOscillator を呼ぶこと","status":"passed","title":"play(\"clockSet\") が createOscillator を呼ぶこと","duration":2.0412089999999807,"failureMessages":[],"meta":{},"tags":[]},{"ancestorTitles":["SFXGenerator","playNote 検証（buttonTap / tick 経由）"],"fullName":"SFXGenerator playNote 検証（buttonTap / tick 経由） buttonTap で createOscillator が 1 回呼ばれること","status":"passed","title":"buttonTap で createOscillator が 1 回呼ばれること","duration":0.6528749999999945,"failureMessages":[],"meta":{},"tags":[]},{"ancestorTitles":["SFXGenerator","playNote 検証（buttonTap / tick 経由）"],"fullName":"SFXGenerator playNote 検証（buttonTap / tick 経由） tick で createOscillator が 1 回呼ばれること","status":"passed","title":"tick で createOscillator が 1 回呼ばれること","duration":0.4300829999999678,"failureMessages":[],"meta":{},"tags":[]},{"ancestorTitles":["SFXGenerator","playNote 検証（buttonTap / tick 経由）"],"fullName":"SFXGenerator playNote 検証（buttonTap / tick 経由） buttonTap でオシレーターの start と stop が呼ばれること","status":"passed","title":"buttonTap でオシレーターの start と stop が呼ばれること","duration":0.4767500000000382,"failureMessages":[],"meta":{},"tags":[]},{"ancestorTitles":["SFXGenerator","playNote 検証（buttonTap / tick 経由）"],"fullName":"SFXGenerator playNote 検証（buttonTap / tick 経由） buttonTap で gain の setValueAtTime と exponentialRampToValueAtTime が呼ばれること","status":"passed","title":"buttonTap で gain の setValueAtTime と exponentialRampToValueAtTime が呼ばれること","duration":0.4794999999999163,"failureMessages":[],"meta":{},"tags":[]},{"ancestorTitles":["SFXGenerator","playFanfare 検証（correct / levelClear / allClear 経由）"],"fullName":"SFXGenerator playFanfare 検証（correct / levelClear / allClear 経由） correct で setTimeout 経由で 3 ノート再生されること","status":"passed","title":"correct で setTimeout 経由で 3 ノート再生されること","duration":0.6655000000000655,"failureMessages":[],"meta":{},"tags":[]},{"ancestorTitles":["SFXGenerator","playFanfare 検証（correct / levelClear / allClear 経由）"],"fullName":"SFXGenerator playFanfare 検証（correct / levelClear / allClear 経由） levelClear で setTimeout 経由で 4 ノート再生されること","status":"passed","title":"levelClear で setTimeout 経由で 4 ノート再生されること","duration":0.6840840000002117,"failureMessages":[],"meta":{},"tags":[]},{"ancestorTitles":["SFXGenerator","playFanfare 検証（correct / levelClear / allClear 経由）"],"fullName":"SFXGenerator playFanfare 検証（correct / levelClear / allClear 経由） allClear で setTimeout 経由で 6 ノート再生されること","status":"passed","title":"allClear で setTimeout 経由で 6 ノート再生されること","duration":0.8044159999999465,"failureMessages":[],"meta":{},"tags":[]},{"ancestorTitles":["SFXGenerator","playFanfare 検証（correct / levelClear / allClear 経由）"],"fullName":"SFXGenerator playFanfare 検証（correct / levelClear / allClear 経由） correct の最初のノートは delay=0 で再生されること","status":"passed","title":"correct の最初のノートは delay=0 で再生されること","duration":0.4764580000000933,"failureMessages":[],"meta":{},"tags":[]},{"ancestorTitles":["SFXGenerator","playTone 検証（incorrect / hint 経由）"],"fullName":"SFXGenerator playTone 検証（incorrect / hint 経由） incorrect で setTimeout 経由で 2 ノート再生されること","status":"passed","title":"incorrect で setTimeout 経由で 2 ノート再生されること","duration":0.528041999999914,"failureMessages":[],"meta":{},"tags":[]},{"ancestorTitles":["SFXGenerator","playTone 検証（incorrect / hint 経由）"],"fullName":"SFXGenerator playTone 検証（incorrect / hint 経由） hint で setTimeout 経由で 2 ノート再生されること","status":"passed","title":"hint で setTimeout 経由で 2 ノート再生されること","duration":0.49445799999989504,"failureMessages":[],"meta":{},"tags":[]},{"ancestorTitles":["SFXGenerator","playTone 検証（incorrect / hint 経由）"],"fullName":"SFXGenerator playTone 検証（incorrect / hint 経由） incorrect の最初のノートは delay=0 で再生されること","status":"passed","title":"incorrect の最初のノートは delay=0 で再生されること","duration":0.4132079999999405,"failureMessages":[],"meta":{},"tags":[]},{"ancestorTitles":["SFXGenerator","playChord 検証（clockSet 経由）"],"fullName":"SFXGenerator playChord 検証（clockSet 経由） clockSet で 3 つの音が同時に再生されること","status":"passed","title":"clockSet で 3 つの音が同時に再生されること","duration":0.5092499999998381,"failureMessages":[],"meta":{},"tags":[]},{"ancestorTitles":["SFXGenerator","playChord 検証（clockSet 経由）"],"fullName":"SFXGenerator playChord 検証（clockSet 経由） clockSet で各オシレーターが connect → start → stop されること","status":"passed","title":"clockSet で各オシレーターが connect → start → stop されること","duration":1.669582999999875,"failureMessages":[],"meta":{},"tags":[]}],"startTime":1777712280972,"endTime":1777712281008.6697,"status":"passed","message":"","name":"/Users/shingotada/Documents/vscode/watch-game/tests/game/audio/SFXGenerator.test.ts"},{"assertionResults":[{"ancestorTitles":["LevelConfig"],"fullName":"LevelConfig should have 4 levels","status":"passed","title":"should have 4 levels","duration":3.51304099999993,"failureMessages":[],"meta":{},"tags":[]},{"ancestorTitles":["LevelConfig"],"fullName":"LevelConfig each level should have valid properties","status":"passed","title":"each level should have valid properties","duration":3.3916249999999764,"failureMessages":[],"meta":{},"tags":[]},{"ancestorTitles":["LevelConfig"],"fullName":"LevelConfig getLevelDef should return correct level","status":"passed","title":"getLevelDef should return correct level","duration":0.3633750000001328,"failureMessages":[],"meta":{},"tags":[]},{"ancestorTitles":["LevelConfig"],"fullName":"LevelConfig getLevelDef should fallback for invalid level","status":"passed","title":"getLevelDef should fallback for invalid level","duration":0.1628330000000915,"failureMessages":[],"meta":{},"tags":[]},{"ancestorTitles":["DailySchedule"],"fullName":"DailySchedule should have 8 events","status":"passed","title":"should have 8 events","duration":0.4157079999999951,"failureMessages":[],"meta":{},"tags":[]},{"ancestorTitles":["DailySchedule"],"fullName":"DailySchedule each event should have valid time","status":"passed","title":"each event should have valid time","duration":1.8438750000000255,"failureMessages":[],"meta":{},"tags":[]}],"startTime":1777712282964,"endTime":1777712282974.844,"status":"passed","message":"","name":"/Users/shingotada/Documents/vscode/watch-game/tests/game/config/Config.test.ts"},{"assertionResults":[{"ancestorTitles":["Clock3D"],"fullName":"Clock3D should initialize at 12:00","status":"passed","title":"should initialize at 12:00","duration":13.338707999999997,"failureMessages":[],"meta":{},"tags":[]},{"ancestorTitles":["Clock3D"],"fullName":"Clock3D should set and get time correctly","status":"passed","title":"should set and get time correctly","duration":2.937125000000151,"failureMessages":[],"meta":{},"tags":[]},{"ancestorTitles":["Clock3D"],"fullName":"Clock3D should snap minutes to step","status":"passed","title":"should snap minutes to step","duration":4.150749999999789,"failureMessages":[],"meta":{},"tags":[]},{"ancestorTitles":["Clock3D"],"fullName":"Clock3D should snap minutes to 30-min step","status":"passed","title":"should snap minutes to 30-min step","duration":2.4147499999999127,"failureMessages":[],"meta":{},"tags":[]},{"ancestorTitles":["Clock3D"],"fullName":"Clock3D should convert angles to minutes (12 oclock = 0 min)","status":"passed","title":"should convert angles to minutes (12 oclock = 0 min)","duration":2.2261250000001382,"failureMessages":[],"meta":{},"tags":[]},{"ancestorTitles":["Clock3D"],"fullName":"Clock3D should convert angles to minutes (3 oclock = 15 min)","status":"passed","title":"should convert angles to minutes (3 oclock = 15 min)","duration":3.3509579999999914,"failureMessages":[],"meta":{},"tags":[]},{"ancestorTitles":["Clock3D"],"fullName":"Clock3D should convert angles to minutes (6 oclock = 30 min)","status":"passed","title":"should convert angles to minutes (6 oclock = 30 min)","duration":3.678625000000011,"failureMessages":[],"meta":{},"tags":[]},{"ancestorTitles":["Clock3D"],"fullName":"Clock3D should have a clock face mesh","status":"passed","title":"should have a clock face mesh","duration":2.6269999999999527,"failureMessages":[],"meta":{},"tags":[]},{"ancestorTitles":["Clock3D"],"fullName":"Clock3D should set hour angle to 3 oclock","status":"passed","title":"should set hour angle to 3 oclock","duration":3.6256670000000213,"failureMessages":[],"meta":{},"tags":[]},{"ancestorTitles":["Clock3D"],"fullName":"Clock3D should set hour angle to 12 oclock","status":"passed","title":"should set hour angle to 12 oclock","duration":2.237209000000121,"failureMessages":[],"meta":{},"tags":[]},{"ancestorTitles":["Clock3D"],"fullName":"Clock3D should set hour angle to 6 oclock","status":"passed","title":"should set hour angle to 6 oclock","duration":1.5478749999999764,"failureMessages":[],"meta":{},"tags":[]},{"ancestorTitles":["Clock3D"],"fullName":"Clock3D should return hand tip positions","status":"passed","title":"should return hand tip positions","duration":2.169958000000179,"failureMessages":[],"meta":{},"tags":[]},{"ancestorTitles":["Clock3D"],"fullName":"Clock3D getHandTipPosition should reuse provided target instance","status":"passed","title":"getHandTipPosition should reuse provided target instance","duration":3.679540999999972,"failureMessages":[],"meta":{},"tags":[]},{"ancestorTitles":["Clock3D"],"fullName":"Clock3D getHandTipPosition without target should return a new Vector3 each call","status":"passed","title":"getHandTipPosition without target should return a new Vector3 each call","duration":3.236708000000135,"failureMessages":[],"meta":{},"tags":[]},{"ancestorTitles":["Clock3D"],"fullName":"Clock3D should increment hours when snapMinutes rounds to 60 (step=30, min=45)","status":"passed","title":"should increment hours when snapMinutes rounds to 60 (step=30, min=45)","duration":2.129707999999937,"failureMessages":[],"meta":{},"tags":[]},{"ancestorTitles":["Clock3D"],"fullName":"Clock3D should increment hours when snapMinutes rounds to 60 (step=5, min=58)","status":"passed","title":"should increment hours when snapMinutes rounds to 60 (step=5, min=58)","duration":1.3592499999999745,"failureMessages":[],"meta":{},"tags":[]},{"ancestorTitles":["Clock3D"],"fullName":"Clock3D should wrap hours from 12 to 1 when snapMinutes rounds to 60","status":"passed","title":"should wrap hours from 12 to 1 when snapMinutes rounds to 60","duration":1.1697919999999158,"failureMessages":[],"meta":{},"tags":[]},{"ancestorTitles":["Clock3D"],"fullName":"Clock3D should not change hours when snapMinutes does not reach 60 (step=30, min=14)","status":"passed","title":"should not change hours when snapMinutes does not reach 60 (step=30, min=14)","duration":2.93425000000002,"failureMessages":[],"meta":{},"tags":[]},{"ancestorTitles":["Clock3D"],"fullName":"Clock3D should highlight and clear hand","status":"passed","title":"should highlight and clear hand","duration":3.951915999999983,"failureMessages":[],"meta":{},"tags":[]},{"ancestorTitles":["Clock3D","tick geometry and material sharing"],"fullName":"Clock3D tick geometry and material sharing should share geometry among same type ticks (major/minor)","status":"passed","title":"should share geometry among same type ticks (major/minor)","duration":6.349249999999984,"failureMessages":[],"meta":{},"tags":[]},{"ancestorTitles":["Clock3D","dispose"],"fullName":"Clock3D dispose should not throw when called","status":"passed","title":"should not throw when called","duration":4.250708999999915,"failureMessages":[],"meta":{},"tags":[]},{"ancestorTitles":["Clock3D","dispose"],"fullName":"Clock3D dispose should remove all children from group","status":"passed","title":"should remove all children from group","duration":1.8565410000001066,"failureMessages":[],"meta":{},"tags":[]},{"ancestorTitles":["Clock3D","dispose"],"fullName":"Clock3D dispose should not throw when called twice (idempotent)","status":"passed","title":"should not throw when called twice (idempotent)","duration":1.6914580000000115,"failureMessages":[],"meta":{},"tags":[]},{"ancestorTitles":["Clock3D","dispose"],"fullName":"Clock3D dispose should dispose unique geometries and materials once","status":"passed","title":"should dispose unique geometries and materials once","duration":5.5280830000001515,"failureMessages":[],"meta":{},"tags":[]},{"ancestorTitles":["Clock3D","dispose"],"fullName":"Clock3D dispose should dispose unique textures on materials","status":"passed","title":"should dispose unique textures on materials","duration":2.6199589999998807,"failureMessages":[],"meta":{},"tags":[]}],"startTime":1777712280898,"endTime":1777712280984.6199,"status":"passed","message":"","name":"/Users/shingotada/Documents/vscode/watch-game/tests/game/entities/Clock3D.test.ts"},{"assertionResults":[{"ancestorTitles":["CorrectEffect"],"fullName":"CorrectEffect dispose() で geometry と material が解放されること","status":"passed","title":"dispose() で geometry と material が解放されること","duration":4.009708000000046,"failureMessages":[],"meta":{},"tags":[]},{"ancestorTitles":["CorrectEffect"],"fullName":"CorrectEffect dispose() 後に update() を呼んでもエラーにならないこと","status":"passed","title":"dispose() 後に update() を呼んでもエラーにならないこと","duration":1.5841250000003129,"failureMessages":[],"meta":{},"tags":[]},{"ancestorTitles":["CorrectEffect"],"fullName":"CorrectEffect dispose() を2回呼んでもエラーにならないこと（冪等性）","status":"passed","title":"dispose() を2回呼んでもエラーにならないこと（冪等性）","duration":0.6216669999998885,"failureMessages":[],"meta":{},"tags":[]},{"ancestorTitles":["CorrectEffect"],"fullName":"CorrectEffect trigger() 前に dispose() を呼んでもエラーにならないこと","status":"passed","title":"trigger() 前に dispose() を呼んでもエラーにならないこと","duration":0.298041000000012,"failureMessages":[],"meta":{},"tags":[]},{"ancestorTitles":["IncorrectEffect"],"fullName":"IncorrectEffect dispose() で geometry と material が解放されること","status":"passed","title":"dispose() で geometry と material が解放されること","duration":0.5699589999999262,"failureMessages":[],"meta":{},"tags":[]},{"ancestorTitles":["IncorrectEffect"],"fullName":"IncorrectEffect dispose() 後に update() を呼んでもエラーにならないこと","status":"passed","title":"dispose() 後に update() を呼んでもエラーにならないこと","duration":3.210708000000068,"failureMessages":[],"meta":{},"tags":[]},{"ancestorTitles":["IncorrectEffect"],"fullName":"IncorrectEffect dispose() を2回呼んでもエラーにならないこと（冪等性）","status":"passed","title":"dispose() を2回呼んでもエラーにならないこと（冪等性）","duration":0.6921659999998155,"failureMessages":[],"meta":{},"tags":[]},{"ancestorTitles":["IncorrectEffect"],"fullName":"IncorrectEffect trigger() 前に dispose() を呼んでもエラーにならないこと","status":"passed","title":"trigger() 前に dispose() を呼んでもエラーにならないこと","duration":0.452125000000251,"failureMessages":[],"meta":{},"tags":[]},{"ancestorTitles":["FireworkEffect"],"fullName":"FireworkEffect dispose() でロケットがシーンから除去されること","status":"passed","title":"dispose() でロケットがシーンから除去されること","duration":1.5763750000000982,"failureMessages":[],"meta":{},"tags":[]},{"ancestorTitles":["FireworkEffect"],"fullName":"FireworkEffect dispose() 後に update() を呼んでもエラーにならないこと","status":"passed","title":"dispose() 後に update() を呼んでもエラーにならないこと","duration":0.9497089999999844,"failureMessages":[],"meta":{},"tags":[]},{"ancestorTitles":["FireworkEffect"],"fullName":"FireworkEffect dispose() を2回呼んでもエラーにならないこと（冪等性）","status":"passed","title":"dispose() を2回呼んでもエラーにならないこと（冪等性）","duration":0.552958000000217,"failureMessages":[],"meta":{},"tags":[]},{"ancestorTitles":["FireworkEffect"],"fullName":"FireworkEffect trigger() 前に dispose() を呼んでもエラーにならないこと","status":"passed","title":"trigger() 前に dispose() を呼んでもエラーにならないこと","duration":0.3202080000000933,"failureMessages":[],"meta":{},"tags":[]}],"startTime":1777712282879,"endTime":1777712282895.3203,"status":"passed","message":"","name":"/Users/shingotada/Documents/vscode/watch-game/tests/game/effects/EffectDispose.test.ts"},{"assertionResults":[{"ancestorTitles":["ClockController","イベントリスナー管理"],"fullName":"ClockController イベントリスナー管理 setEnabled(true) で canvas に4種のイベントリスナーが登録されること","status":"passed","title":"setEnabled(true) で canvas に4種のイベントリスナーが登録されること","duration":300.71729099999993,"failureMessages":[],"meta":{},"tags":[]},{"ancestorTitles":["ClockController","イベントリスナー管理"],"fullName":"ClockController イベントリスナー管理 setEnabled(false) で全リスナーが解除されること","status":"passed","title":"setEnabled(false) で全リスナーが解除されること","duration":4.66599999999994,"failureMessages":[],"meta":{},"tags":[]},{"ancestorTitles":["ClockController","イベントリスナー管理"],"fullName":"ClockController イベントリスナー管理 setEnabled(true) を2回呼んでもリスナーが二重登録されないこと","status":"passed","title":"setEnabled(true) を2回呼んでもリスナーが二重登録されないこと","duration":2.535041999999976,"failureMessages":[],"meta":{},"tags":[]},{"ancestorTitles":["ClockController","イベントリスナー管理"],"fullName":"ClockController イベントリスナー管理 dispose() 後にリスナーが解除されること","status":"passed","title":"dispose() 後にリスナーが解除されること","duration":2.2383340000001226,"failureMessages":[],"meta":{},"tags":[]},{"ancestorTitles":["ClockController","イベントリスナー管理"],"fullName":"ClockController イベントリスナー管理 pointerdown で setPointerCapture が呼ばれ、setEnabled(false) ／ dispose() で releasePointerCapture が呼ばれること","status":"passed","title":"pointerdown で setPointerCapture が呼ばれ、setEnabled(false) ／ dispose() で releasePointerCapture が呼ばれること","duration":8.332124999999905,"failureMessages":[],"meta":{},"tags":[]},{"ancestorTitles":["ClockController","イベントリスナー管理"],"fullName":"ClockController イベントリスナー管理 pointerdown → pointerup のフローで pointerId を使って releasePointerCapture が呼ばれること","status":"passed","title":"pointerdown → pointerup のフローで pointerId を使って releasePointerCapture が呼ばれること","duration":3.2227080000000115,"failureMessages":[],"meta":{},"tags":[]},{"ancestorTitles":["ClockController","角度ジャンプ抑制"],"fullName":"ClockController 角度ジャンプ抑制 小さな角度変化（< 60°）が正常に通ること","status":"passed","title":"小さな角度変化（< 60°）が正常に通ること","duration":2.6189160000001266,"failureMessages":[],"meta":{},"tags":[]},{"ancestorTitles":["ClockController","角度ジャンプ抑制"],"fullName":"ClockController 角度ジャンプ抑制 大きな角度ジャンプ（> 60°）が棄却されること","status":"passed","title":"大きな角度ジャンプ（> 60°）が棄却されること","duration":2.4002499999999145,"failureMessages":[],"meta":{},"tags":[]},{"ancestorTitles":["ClockController","角度ジャンプ抑制"],"fullName":"ClockController 角度ジャンプ抑制 π付近のラップアラウンドが正しく正規化されること","status":"passed","title":"π付近のラップアラウンドが正しく正規化されること","duration":2.202874999999949,"failureMessages":[],"meta":{},"tags":[]},{"ancestorTitles":["ClockController","ドラッグフロー統合テスト"],"fullName":"ClockController ドラッグフロー統合テスト pointerdown → pointermove → pointerup で onChange が呼ばれること","status":"passed","title":"pointerdown → pointermove → pointerup で onChange が呼ばれること","duration":4.6386660000000575,"failureMessages":[],"meta":{},"tags":[]},{"ancestorTitles":["ClockController","ドラッグフロー統合テスト"],"fullName":"ClockController ドラッグフロー統合テスト enabled = false のとき dragging が開始されないこと","status":"passed","title":"enabled = false のとき dragging が開始されないこと","duration":11.87608299999988,"failureMessages":[],"meta":{},"tags":[]},{"ancestorTitles":["ClockController","ドラッグフロー統合テスト"],"fullName":"ClockController ドラッグフロー統合テスト ドラッグ中に setEnabled(false) すると dragging 状態がリセットされること","status":"passed","title":"ドラッグ中に setEnabled(false) すると dragging 状態がリセットされること","duration":7.521833000000015,"failureMessages":[],"meta":{},"tags":[]},{"ancestorTitles":["ClockController","スナップ連携"],"fullName":"ClockController スナップ連携 setSnapStep(5) 設定時、pointerup で snapMinutes(5) が呼ばれること","status":"passed","title":"setSnapStep(5) 設定時、pointerup で snapMinutes(5) が呼ばれること","duration":3.147416000000021,"failureMessages":[],"meta":{},"tags":[]},{"ancestorTitles":["ClockController","onChange 時刻変化チェック"],"fullName":"ClockController onChange 時刻変化チェック ドラッグ中にスナップ後の時刻が変化しない pointermove ではコールバックが呼ばれないこと","status":"passed","title":"ドラッグ中にスナップ後の時刻が変化しない pointermove ではコールバックが呼ばれないこと","duration":7.280250000000024,"failureMessages":[],"meta":{},"tags":[]},{"ancestorTitles":["ClockController","onChange 時刻変化チェック"],"fullName":"ClockController onChange 時刻変化チェック ドラッグ中にスナップ後の時刻が変化する pointermove ではコールバックが呼ばれること","status":"passed","title":"ドラッグ中にスナップ後の時刻が変化する pointermove ではコールバックが呼ばれること","duration":4.350541999999905,"failureMessages":[],"meta":{},"tags":[]},{"ancestorTitles":["ClockController","onChange 時刻変化チェック"],"fullName":"ClockController onChange 時刻変化チェック onPointerUp 後に時刻変化がある場合のみコールバックが呼ばれること","status":"passed","title":"onPointerUp 後に時刻変化がある場合のみコールバックが呼ばれること","duration":5.3600410000001375,"failureMessages":[],"meta":{},"tags":[]},{"ancestorTitles":["ClockController","onChange 時刻変化チェック"],"fullName":"ClockController onChange 時刻変化チェック onPointerUp でスナップにより時刻が変化する場合はコールバックが呼ばれること","status":"passed","title":"onPointerUp でスナップにより時刻が変化する場合はコールバックが呼ばれること","duration":6.951291999999967,"failureMessages":[],"meta":{},"tags":[]},{"ancestorTitles":["ClockController","onChange 時刻変化チェック"],"fullName":"ClockController onChange 時刻変化チェック 短針ドラッグ時にも時刻変化チェックが機能すること","status":"passed","title":"短針ドラッグ時にも時刻変化チェックが機能すること","duration":6.085917000000109,"failureMessages":[],"meta":{},"tags":[]},{"ancestorTitles":["ClockController","onChange 時刻変化チェック"],"fullName":"ClockController onChange 時刻変化チェック setEnabled(false) → setEnabled(true) → 再ドラッグで正しく動作すること","status":"passed","title":"setEnabled(false) → setEnabled(true) → 再ドラッグで正しく動作すること","duration":15.827792000000045,"failureMessages":[],"meta":{},"tags":[]},{"ancestorTitles":["ClockController","一時オブジェクト再利用"],"fullName":"ClockController 一時オブジェクト再利用 getNDC が同一の Vector2 インスタンスを返すこと","status":"passed","title":"getNDC が同一の Vector2 インスタンスを返すこと","duration":7.329042000000072,"failureMessages":[],"meta":{},"tags":[]},{"ancestorTitles":["ClockController","一時オブジェクト再利用"],"fullName":"ClockController 一時オブジェクト再利用 getWorldPoint が同一の Vector3 インスタンスを返すこと","status":"passed","title":"getWorldPoint が同一の Vector3 インスタンスを返すこと","duration":3.84695899999997,"failureMessages":[],"meta":{},"tags":[]},{"ancestorTitles":["ClockController","一時オブジェクト再利用"],"fullName":"ClockController 一時オブジェクト再利用 selectHand は getHandTipPosition に再利用ベクタを渡して呼び出すこと","status":"passed","title":"selectHand は getHandTipPosition に再利用ベクタを渡して呼び出すこと","duration":4.955124999999953,"failureMessages":[],"meta":{},"tags":[]},{"ancestorTitles":["pixelsToWorldDistance (integration)"],"fullName":"pixelsToWorldDistance (integration) produces positive distances for perspective camera","status":"passed","title":"produces positive distances for perspective camera","duration":1.0012920000001486,"failureMessages":[],"meta":{},"tags":[]},{"ancestorTitles":["pixelsToWorldDistance (integration)"],"fullName":"pixelsToWorldDistance (integration) returns finite positive distance when camera is at same z as plane (perspective)","status":"passed","title":"returns finite positive distance when camera is at same z as plane (perspective)","duration":0.9232090000000426,"failureMessages":[],"meta":{},"tags":[]},{"ancestorTitles":["pixelsToWorldDistance (integration)"],"fullName":"pixelsToWorldDistance (integration) produces positive distance for orthographic camera even when camera at same z","status":"passed","title":"produces positive distance for orthographic camera even when camera at same z","duration":1.7641670000000431,"failureMessages":[],"meta":{},"tags":[]},{"ancestorTitles":["pixelsToWorldDistance (integration)"],"fullName":"pixelsToWorldDistance (integration) produces different values for orthographic vs perspective","status":"passed","title":"produces different values for orthographic vs perspective","duration":1.0820000000001073,"failureMessages":[],"meta":{},"tags":[]},{"ancestorTitles":["pixelsToWorldDistance (integration)"],"fullName":"pixelsToWorldDistance (integration) returns fallback when canvas rect is zero-sized","status":"passed","title":"returns fallback when canvas rect is zero-sized","duration":0.29429099999993014,"failureMessages":[],"meta":{},"tags":[]},{"ancestorTitles":["pixelsToWorldDistance (integration)"],"fullName":"pixelsToWorldDistance (integration) returns fallback when pixels is non-positive","status":"passed","title":"returns fallback when pixels is non-positive","duration":0.19233299999996234,"failureMessages":[],"meta":{},"tags":[]}],"startTime":1777712279011,"endTime":1777712279435.2942,"status":"passed","message":"","name":"/Users/shingotada/Documents/vscode/watch-game/tests/game/systems/ClockController.test.ts"},{"assertionResults":[{"ancestorTitles":["PerformanceManager"],"fullName":"PerformanceManager applies initial pixel ratio and size on applyInitial","status":"passed","title":"applies initial pixel ratio and size on applyInitial","duration":4.923000000000002,"failureMessages":[],"meta":{},"tags":[]},{"ancestorTitles":["PerformanceManager"],"fullName":"PerformanceManager downgrades quality when frame times are high","status":"passed","title":"downgrades quality when frame times are high","duration":0.8418340000000626,"failureMessages":[],"meta":{},"tags":[]},{"ancestorTitles":["PerformanceManager"],"fullName":"PerformanceManager upgrades quality when frame times are low","status":"passed","title":"upgrades quality when frame times are low","duration":0.4760830000000169,"failureMessages":[],"meta":{},"tags":[]}],"startTime":1777712284122,"endTime":1777712284128.476,"status":"passed","message":"","name":"/Users/shingotada/Documents/vscode/watch-game/tests/game/systems/PerformanceManager.test.ts"},{"assertionResults":[{"ancestorTitles":["QuizGenerator"],"fullName":"QuizGenerator should generate times within level 1 constraints (hours only)","status":"passed","title":"should generate times within level 1 constraints (hours only)","duration":4.473250000000007,"failureMessages":[],"meta":{},"tags":[]},{"ancestorTitles":["QuizGenerator"],"fullName":"QuizGenerator should generate times within level 2 constraints (30-min steps)","status":"passed","title":"should generate times within level 2 constraints (30-min steps)","duration":2.0877919999998085,"failureMessages":[],"meta":{},"tags":[]},{"ancestorTitles":["QuizGenerator"],"fullName":"QuizGenerator should generate times within level 3 constraints (5-min steps)","status":"passed","title":"should generate times within level 3 constraints (5-min steps)","duration":0.90300000000002,"failureMessages":[],"meta":{},"tags":[]},{"ancestorTitles":["QuizGenerator"],"fullName":"QuizGenerator should generate times within level 4 constraints (1-min steps)","status":"passed","title":"should generate times within level 4 constraints (1-min steps)","duration":7.764208000000053,"failureMessages":[],"meta":{},"tags":[]},{"ancestorTitles":["QuizGenerator"],"fullName":"QuizGenerator should generate 4 unique choices","status":"passed","title":"should generate 4 unique choices","duration":0.7077919999999267,"failureMessages":[],"meta":{},"tags":[]},{"ancestorTitles":["QuizGenerator"],"fullName":"QuizGenerator should filter wrap-around close choices (correct=12:55, wrong=1:00)","status":"passed","title":"should filter wrap-around close choices (correct=12:55, wrong=1:00)","duration":1.8862500000000182,"failureMessages":[],"meta":{},"tags":[]},{"ancestorTitles":["QuizGenerator"],"fullName":"QuizGenerator should filter wrap-around close choices (correct=1:00, wrong=12:55)","status":"passed","title":"should filter wrap-around close choices (correct=1:00, wrong=12:55)","duration":1.038041000000021,"failureMessages":[],"meta":{},"tags":[]},{"ancestorTitles":["QuizGenerator"],"fullName":"QuizGenerator should fallback to enumerated candidates when attempts exhausted","status":"passed","title":"should fallback to enumerated candidates when attempts exhausted","duration":0.9912500000000364,"failureMessages":[],"meta":{},"tags":[]},{"ancestorTitles":["generateUniqueTime"],"fullName":"generateUniqueTime should return a time not in exclude list","status":"passed","title":"should return a time not in exclude list","duration":2.0228329999999914,"failureMessages":[],"meta":{},"tags":[]},{"ancestorTitles":["generateUniqueTime"],"fullName":"generateUniqueTime should generate all unique times for level 1 with 5 questions","status":"passed","title":"should generate all unique times for level 1 with 5 questions","duration":0.5561250000000655,"failureMessages":[],"meta":{},"tags":[]},{"ancestorTitles":["generateUniqueTime"],"fullName":"generateUniqueTime should pick from remaining candidates when some are excluded (deterministic)","status":"passed","title":"should pick from remaining candidates when some are excluded (deterministic)","duration":1.049417000000176,"failureMessages":[],"meta":{},"tags":[]},{"ancestorTitles":["generateUniqueTime"],"fullName":"generateUniqueTime should fallback when all candidates are excluded and return generated time","status":"passed","title":"should fallback when all candidates are excluded and return generated time","duration":0.7692500000000564,"failureMessages":[],"meta":{},"tags":[]},{"ancestorTitles":["generateUniqueTime"],"fullName":"generateUniqueTime should not crash when exclude covers all candidates (fallback)","status":"passed","title":"should not crash when exclude covers all candidates (fallback)","duration":0.9206659999999829,"failureMessages":[],"meta":{},"tags":[]},{"ancestorTitles":["formatTime"],"fullName":"formatTime should format exact hours","status":"passed","title":"should format exact hours","duration":0.23025000000006912,"failureMessages":[],"meta":{},"tags":[]},{"ancestorTitles":["formatTime"],"fullName":"formatTime should format half hours","status":"passed","title":"should format half hours","duration":0.13704099999995378,"failureMessages":[],"meta":{},"tags":[]},{"ancestorTitles":["formatTime"],"fullName":"formatTime should format other minutes","status":"passed","title":"should format other minutes","duration":0.11145800000008421,"failureMessages":[],"meta":{},"tags":[]},{"ancestorTitles":["QuizGenerator fallback"],"fullName":"QuizGenerator fallback should return 4 unique choices when generateTime repeatedly returns filtered candidates","status":"passed","title":"should return 4 unique choices when generateTime repeatedly returns filtered candidates","duration":1.3868330000000242,"failureMessages":[],"meta":{},"tags":[]}],"startTime":1777712282673,"endTime":1777712282700.3867,"status":"passed","message":"","name":"/Users/shingotada/Documents/vscode/watch-game/tests/game/systems/QuizGenerator.test.ts"},{"assertionResults":[{"ancestorTitles":["TimeValidator"],"fullName":"TimeValidator should validate exact match","status":"passed","title":"should validate exact match","duration":2.0322920000000977,"failureMessages":[],"meta":{},"tags":[]},{"ancestorTitles":["TimeValidator"],"fullName":"TimeValidator should validate within tolerance","status":"passed","title":"should validate within tolerance","duration":0.20670899999981884,"failureMessages":[],"meta":{},"tags":[]},{"ancestorTitles":["TimeValidator"],"fullName":"TimeValidator should reject outside tolerance","status":"passed","title":"should reject outside tolerance","duration":0.18308299999989686,"failureMessages":[],"meta":{},"tags":[]},{"ancestorTitles":["TimeValidator"],"fullName":"TimeValidator should handle wrap-around (12:55 vs 1:05)","status":"passed","title":"should handle wrap-around (12:55 vs 1:05)","duration":0.1534590000001117,"failureMessages":[],"meta":{},"tags":[]},{"ancestorTitles":["TimeValidator"],"fullName":"TimeValidator should work with tight tolerance (1 minute)","status":"passed","title":"should work with tight tolerance (1 minute)","duration":0.19074999999998,"failureMessages":[],"meta":{},"tags":[]}],"startTime":1777712284218,"endTime":1777712284221.1907,"status":"passed","message":"","name":"/Users/shingotada/Documents/vscode/watch-game/tests/game/systems/TimeValidator.test.ts"},{"assertionResults":[{"ancestorTitles":["SaveManager"],"fullName":"SaveManager should return default data when no save exists","status":"passed","title":"should return default data when no save exists","duration":4.273834000000079,"failureMessages":[],"meta":{},"tags":[]},{"ancestorTitles":["SaveManager"],"fullName":"SaveManager should save and load data","status":"passed","title":"should save and load data","duration":0.7966250000001764,"failureMessages":[],"meta":{},"tags":[]},{"ancestorTitles":["SaveManager"],"fullName":"SaveManager should add completed level without duplicates","status":"passed","title":"should add completed level without duplicates","duration":1.126792000000023,"failureMessages":[],"meta":{},"tags":[]},{"ancestorTitles":["SaveManager"],"fullName":"SaveManager should add trophies without duplicates","status":"passed","title":"should add trophies without duplicates","duration":0.45220900000003894,"failureMessages":[],"meta":{},"tags":[]},{"ancestorTitles":["SaveManager"],"fullName":"SaveManager should update best score only if higher","status":"passed","title":"should update best score only if higher","duration":0.48795799999993505,"failureMessages":[],"meta":{},"tags":[]},{"ancestorTitles":["SaveManager"],"fullName":"SaveManager should increment stats","status":"passed","title":"should increment stats","duration":0.4899159999999938,"failureMessages":[],"meta":{},"tags":[]},{"ancestorTitles":["SaveManager"],"fullName":"SaveManager should clear data","status":"passed","title":"should clear data","duration":0.4175000000000182,"failureMessages":[],"meta":{},"tags":[]},{"ancestorTitles":["SaveManager"],"fullName":"SaveManager should handle corrupted data gracefully (non-json)","status":"passed","title":"should handle corrupted data gracefully (non-json)","duration":5.066457999999784,"failureMessages":[],"meta":{},"tags":[]},{"ancestorTitles":["SaveManager"],"fullName":"SaveManager should fallback to default for structurally corrupted data and allow recovery","status":"passed","title":"should fallback to default for structurally corrupted data and allow recovery","duration":3.1840830000001006,"failureMessages":[],"meta":{},"tags":[]}],"startTime":1777712282701,"endTime":1777712282717.184,"status":"passed","message":"","name":"/Users/shingotada/Documents/vscode/watch-game/tests/game/storage/SaveManager.test.ts"},{"assertionResults":[{"ancestorTitles":["Clock disposal on scene exit"],"fullName":"Clock disposal on scene exit TitleScene should dispose Clock3D on exit and remove clock elements from scene","status":"passed","title":"TitleScene should dispose Clock3D on exit and remove clock elements from scene","duration":504.731667,"failureMessages":[],"meta":{},"tags":[]}],"startTime":1777712277391,"endTime":1777712277895.7317,"status":"passed","message":"","name":"/Users/shingotada/Documents/vscode/watch-game/tests/game/scenes/ClockDisposal.test.ts"},{"assertionResults":[{"ancestorTitles":["DailyPlayScene"],"fullName":"DailyPlayScene exit() 後に setTimeout コールバックが requestTransition を呼ばないこと","status":"passed","title":"exit() 後に setTimeout コールバックが requestTransition を呼ばないこと","duration":200.828708,"failureMessages":[],"meta":{},"tags":[]},{"ancestorTitles":["DailyPlayScene"],"fullName":"DailyPlayScene handleConfirm() 後にボタンが視覚的に無効化されること","status":"passed","title":"handleConfirm() 後にボタンが視覚的に無効化されること","duration":64.27762500000017,"failureMessages":[],"meta":{},"tags":[]},{"ancestorTitles":["DailyPlayScene"],"fullName":"DailyPlayScene 次のイベント表示後にボタンが再度有効化されること","status":"passed","title":"次のイベント表示後にボタンが再度有効化されること","duration":40.12699999999995,"failureMessages":[],"meta":{},"tags":[]},{"ancestorTitles":["DailyPlayScene"],"fullName":"DailyPlayScene enter() で pendingTimers が初期化されること（再入時の防御）","status":"passed","title":"enter() で pendingTimers が初期化されること（再入時の防御）","duration":31.599791000000096,"failureMessages":[],"meta":{},"tags":[]},{"ancestorTitles":["DailyPlayScene"],"fullName":"DailyPlayScene 不正解時に CurrentTimeDisplay が正解の時刻に更新されること","status":"passed","title":"不正解時に CurrentTimeDisplay が正解の時刻に更新されること","duration":29.748374999999896,"failureMessages":[],"meta":{},"tags":[]},{"ancestorTitles":["DailyPlayScene"],"fullName":"DailyPlayScene enter() で CurrentTimeDisplay に初期時刻 12:00 が表示されること","status":"passed","title":"enter() で CurrentTimeDisplay に初期時刻 12:00 が表示されること","duration":9.792957999999999,"failureMessages":[],"meta":{},"tags":[]},{"ancestorTitles":["DailyPlayScene"],"fullName":"DailyPlayScene exit() で CurrentTimeDisplay が unmount されること","status":"passed","title":"exit() で CurrentTimeDisplay が unmount されること","duration":25.943083000000115,"failureMessages":[],"meta":{},"tags":[]}],"startTime":1777712277459,"endTime":1777712277860.943,"status":"passed","message":"","name":"/Users/shingotada/Documents/vscode/watch-game/tests/game/scenes/DailyPlayScene.test.ts"},{"assertionResults":[{"ancestorTitles":["LevelSelectScene","星評価表示（ベストスコアベース）"],"fullName":"LevelSelectScene 星評価表示（ベストスコアベース） 未プレイのレベルは ☆☆☆ を表示する","status":"passed","title":"未プレイのレベルは ☆☆☆ を表示する","duration":196.3798330000002,"failureMessages":[],"meta":{},"tags":[]},{"ancestorTitles":["LevelSelectScene","星評価表示（ベストスコアベース）"],"fullName":"LevelSelectScene 星評価表示（ベストスコアベース） ratio < 0.6 のとき ☆☆☆ を表示する","status":"passed","title":"ratio < 0.6 のとき ☆☆☆ を表示する","duration":20.703457999999955,"failureMessages":[],"meta":{},"tags":[]},{"ancestorTitles":["LevelSelectScene","星評価表示（ベストスコアベース）"],"fullName":"LevelSelectScene 星評価表示（ベストスコアベース） ratio >= 0.6 のとき ★☆☆ を表示する","status":"passed","title":"ratio >= 0.6 のとき ★☆☆ を表示する","duration":8.251209000000017,"failureMessages":[],"meta":{},"tags":[]},{"ancestorTitles":["LevelSelectScene","星評価表示（ベストスコアベース）"],"fullName":"LevelSelectScene 星評価表示（ベストスコアベース） ratio >= 0.8 のとき ★★☆ を表示する","status":"passed","title":"ratio >= 0.8 のとき ★★☆ を表示する","duration":10.344833000000108,"failureMessages":[],"meta":{},"tags":[]},{"ancestorTitles":["LevelSelectScene","星評価表示（ベストスコアベース）"],"fullName":"LevelSelectScene 星評価表示（ベストスコアベース） ratio === 1.0 のとき ★★★ を表示する","status":"passed","title":"ratio === 1.0 のとき ★★★ を表示する","duration":12.46550000000002,"failureMessages":[],"meta":{},"tags":[]},{"ancestorTitles":["LevelSelectScene","星評価表示（ベストスコアベース）"],"fullName":"LevelSelectScene 星評価表示（ベストスコアベース） 未プレイ（☆☆☆）はグレー(#BDC3C7)で表示される","status":"passed","title":"未プレイ（☆☆☆）はグレー(#BDC3C7)で表示される","duration":16.06512500000008,"failureMessages":[],"meta":{},"tags":[]},{"ancestorTitles":["LevelSelectScene","星評価表示（ベストスコアベース）"],"fullName":"LevelSelectScene 星評価表示（ベストスコアベース） ★ありはゴールド(#F39C12)で表示される","status":"passed","title":"★ありはゴールド(#F39C12)で表示される","duration":18.92362500000013,"failureMessages":[],"meta":{},"tags":[]},{"ancestorTitles":["LevelSelectScene","星評価表示（ベストスコアベース）"],"fullName":"LevelSelectScene 星評価表示（ベストスコアベース） setTime モードでも正しいキーでスコアを参照する","status":"passed","title":"setTime モードでも正しいキーでスコアを参照する","duration":18.89779199999998,"failureMessages":[],"meta":{},"tags":[]},{"ancestorTitles":["LevelSelectScene","ベストスコア・トロフィー表示"],"fullName":"LevelSelectScene ベストスコア・トロフィー表示 ベストスコアがある場合「🎯 3/5」のように表示される","status":"passed","title":"ベストスコアがある場合「🎯 3/5」のように表示される","duration":23.166791999999987,"failureMessages":[],"meta":{},"tags":[]},{"ancestorTitles":["LevelSelectScene","ベストスコア・トロフィー表示"],"fullName":"LevelSelectScene ベストスコア・トロフィー表示 ベストスコアがない（未プレイ）場合はスコア表示がない","status":"passed","title":"ベストスコアがない（未プレイ）場合はスコア表示がない","duration":10.5625,"failureMessages":[],"meta":{},"tags":[]},{"ancestorTitles":["LevelSelectScene","ベストスコア・トロフィー表示"],"fullName":"LevelSelectScene ベストスコア・トロフィー表示 トロフィーがある場合「🏆」が表示される","status":"passed","title":"トロフィーがある場合「🏆」が表示される","duration":6.7592080000001715,"failureMessages":[],"meta":{},"tags":[]},{"ancestorTitles":["LevelSelectScene","ベストスコア・トロフィー表示"],"fullName":"LevelSelectScene ベストスコア・トロフィー表示 トロフィーがない場合「🏆」は表示されない","status":"passed","title":"トロフィーがない場合「🏆」は表示されない","duration":16.89429199999995,"failureMessages":[],"meta":{},"tags":[]},{"ancestorTitles":["LevelSelectScene","ベストスコア・トロフィー表示"],"fullName":"LevelSelectScene ベストスコア・トロフィー表示 setTimeモードでも正しいキーでスコア・トロフィーを参照する","status":"passed","title":"setTimeモードでも正しいキーでスコア・トロフィーを参照する","duration":7.384041000000025,"failureMessages":[],"meta":{},"tags":[]}],"startTime":1777712279011,"endTime":1777712279378.384,"status":"passed","message":"","name":"/Users/shingotada/Documents/vscode/watch-game/tests/game/scenes/LevelSelectScene.test.ts"},{"assertionResults":[{"ancestorTitles":["ModeSelectScene","進捗バッジ表示"],"fullName":"ModeSelectScene 進捗バッジ表示 未プレイ時は quiz カードに「★ 0/4」と表示される","status":"passed","title":"未プレイ時は quiz カードに「★ 0/4」と表示される","duration":149.715958,"failureMessages":[],"meta":{},"tags":[]},{"ancestorTitles":["ModeSelectScene","進捗バッジ表示"],"fullName":"ModeSelectScene 進捗バッジ表示 quiz モードでレベル1,2をクリア済みの場合「★ 2/4」と表示される","status":"passed","title":"quiz モードでレベル1,2をクリア済みの場合「★ 2/4」と表示される","duration":11.270957999999837,"failureMessages":[],"meta":{},"tags":[]},{"ancestorTitles":["ModeSelectScene","進捗バッジ表示"],"fullName":"ModeSelectScene 進捗バッジ表示 setTime モードでレベル1をクリア済みの場合「★ 1/4」と表示される","status":"passed","title":"setTime モードでレベル1をクリア済みの場合「★ 1/4」と表示される","duration":12.931208999999853,"failureMessages":[],"meta":{},"tags":[]},{"ancestorTitles":["ModeSelectScene","進捗バッジ表示"],"fullName":"ModeSelectScene 進捗バッジ表示 daily モードが未クリアの場合チェックマークが表示されない","status":"passed","title":"daily モードが未クリアの場合チェックマークが表示されない","duration":12.145332999999937,"failureMessages":[],"meta":{},"tags":[]},{"ancestorTitles":["ModeSelectScene","進捗バッジ表示"],"fullName":"ModeSelectScene 進捗バッジ表示 daily モードがクリア済み（completedLevels.daily.length > 0）の場合「✅」が表示される","status":"passed","title":"daily モードがクリア済み（completedLevels.daily.length > 0）の場合「✅」が表示される","duration":8.668874999999844,"failureMessages":[],"meta":{},"tags":[]},{"ancestorTitles":["ModeSelectScene","進捗バッジ表示"],"fullName":"ModeSelectScene 進捗バッジ表示 全レベルクリア済みの場合、分母は LEVELS.length と一致する","status":"passed","title":"全レベルクリア済みの場合、分母は LEVELS.length と一致する","duration":6.637291000000005,"failureMessages":[],"meta":{},"tags":[]},{"ancestorTitles":["ModeSelectScene","カード操作"],"fullName":"ModeSelectScene カード操作 quiz カードをクリックすると levelSelect に遷移する","status":"passed","title":"quiz カードをクリックすると levelSelect に遷移する","duration":50.03991700000006,"failureMessages":[],"meta":{},"tags":[]},{"ancestorTitles":["ModeSelectScene","カード操作"],"fullName":"ModeSelectScene カード操作 daily カードをクリックすると dailyPlay に遷移する","status":"passed","title":"daily カードをクリックすると dailyPlay に遷移する","duration":42.44079099999999,"failureMessages":[],"meta":{},"tags":[]}],"startTime":1777712277404,"endTime":1777712277698.4407,"status":"passed","message":"","name":"/Users/shingotada/Documents/vscode/watch-game/tests/game/scenes/ModeSelectScene.test.ts"},{"assertionResults":[{"ancestorTitles":["QuizPlayScene"],"fullName":"QuizPlayScene exit() 後に setTimeout コールバックが requestTransition を呼ばないこと","status":"passed","title":"exit() 後に setTimeout コールバックが requestTransition を呼ばないこと","duration":257.8865410000001,"failureMessages":[],"meta":{},"tags":[]},{"ancestorTitles":["QuizPlayScene"],"fullName":"QuizPlayScene 質問プロンプト「なんじかな」が表示されること","status":"passed","title":"質問プロンプト「なんじかな」が表示されること","duration":10.299166999999898,"failureMessages":[],"meta":{},"tags":[]},{"ancestorTitles":["QuizPlayScene"],"fullName":"QuizPlayScene enter() で pendingTimers が初期化されること（再入時の防御）","status":"passed","title":"enter() で pendingTimers が初期化されること（再入時の防御）","duration":76.34804200000008,"failureMessages":[],"meta":{},"tags":[]},{"ancestorTitles":["QuizPlayScene","ヒントタイマー"],"fullName":"QuizPlayScene ヒントタイマー 8秒後にヒントSFXが再生されること","status":"passed","title":"8秒後にヒントSFXが再生されること","duration":13.639291000000185,"failureMessages":[],"meta":{},"tags":[]},{"ancestorTitles":["QuizPlayScene","ヒントタイマー"],"fullName":"QuizPlayScene ヒントタイマー 8秒後にボタンが2つ薄くなること（2択になる）","status":"passed","title":"8秒後にボタンが2つ薄くなること（2択になる）","duration":14.255332999999837,"failureMessages":[],"meta":{},"tags":[]},{"ancestorTitles":["QuizPlayScene","ヒントタイマー"],"fullName":"QuizPlayScene ヒントタイマー 回答するとヒントタイマーがクリアされること","status":"passed","title":"回答するとヒントタイマーがクリアされること","duration":19.528999999999996,"failureMessages":[],"meta":{},"tags":[]},{"ancestorTitles":["QuizPlayScene","ヒントタイマー"],"fullName":"QuizPlayScene ヒントタイマー ヒントは1問につき1回のみ発動すること","status":"passed","title":"ヒントは1問につき1回のみ発動すること","duration":15.869458000000122,"failureMessages":[],"meta":{},"tags":[]},{"ancestorTitles":["QuizPlayScene","ヒントタイマー"],"fullName":"QuizPlayScene ヒントタイマー exit()でヒントタイマーがクリアされること","status":"passed","title":"exit()でヒントタイマーがクリアされること","duration":20.158874999999853,"failureMessages":[],"meta":{},"tags":[]},{"ancestorTitles":["QuizPlayScene","ヒントタイマー"],"fullName":"QuizPlayScene ヒントタイマー 💡 ヒント！通知が表示されること","status":"passed","title":"💡 ヒント！通知が表示されること","duration":11.000500000000102,"failureMessages":[],"meta":{},"tags":[]}],"startTime":1777712277463,"endTime":1777712277902.0005,"status":"passed","message":"","name":"/Users/shingotada/Documents/vscode/watch-game/tests/game/scenes/QuizPlayScene.test.ts"},{"assertionResults":[{"ancestorTitles":["ResultScene","進捗保存"],"fullName":"ResultScene 進捗保存 ratio >= 0.6 かつ quiz モードで completedLevel が保存される","status":"passed","title":"ratio >= 0.6 かつ quiz モードで completedLevel が保存される","duration":121.86612500000001,"failureMessages":[],"meta":{},"tags":[]},{"ancestorTitles":["ResultScene","進捗保存"],"fullName":"ResultScene 進捗保存 ratio >= 0.6 かつ setTime モードで completedLevel が保存される","status":"passed","title":"ratio >= 0.6 かつ setTime モードで completedLevel が保存される","duration":5.50020799999993,"failureMessages":[],"meta":{},"tags":[]},{"ancestorTitles":["ResultScene","進捗保存"],"fullName":"ResultScene 進捗保存 ratio < 0.6 かつ quiz モードで completedLevel が保存されない","status":"passed","title":"ratio < 0.6 かつ quiz モードで completedLevel が保存されない","duration":4.300958999999921,"failureMessages":[],"meta":{},"tags":[]},{"ancestorTitles":["ResultScene","進捗保存"],"fullName":"ResultScene 進捗保存 ratio >= 0.6 かつ daily モードで daily の completedLevel が保存される","status":"passed","title":"ratio >= 0.6 かつ daily モードで daily の completedLevel が保存される","duration":13.358749999999873,"failureMessages":[],"meta":{},"tags":[]},{"ancestorTitles":["ResultScene","進捗保存"],"fullName":"ResultScene 進捗保存 ratio < 0.6 かつ daily モードで completedLevel が保存されない","status":"passed","title":"ratio < 0.6 かつ daily モードで completedLevel が保存されない","duration":12.01670799999988,"failureMessages":[],"meta":{},"tags":[]},{"ancestorTitles":["ResultScene","進捗保存"],"fullName":"ResultScene 進捗保存 daily モードでは quiz/setTime の completedLevel には追加されない","status":"passed","title":"daily モードでは quiz/setTime の completedLevel には追加されない","duration":9.261957999999822,"failureMessages":[],"meta":{},"tags":[]},{"ancestorTitles":["ResultScene","ベストスコアと統計"],"fullName":"ResultScene ベストスコアと統計 ratio 100% で bestScore と stats が更新される","status":"passed","title":"ratio 100% で bestScore と stats が更新される","duration":7.830124999999953,"failureMessages":[],"meta":{},"tags":[]},{"ancestorTitles":["ResultScene","ベストスコアと統計"],"fullName":"ResultScene ベストスコアと統計 ratio 40% でも bestScore と stats が更新される","status":"passed","title":"ratio 40% でも bestScore と stats が更新される","duration":3.4135000000001128,"failureMessages":[],"meta":{},"tags":[]},{"ancestorTitles":["ResultScene","ベストスコアと統計"],"fullName":"ResultScene ベストスコアと統計 複数回プレイで totalPlays が加算される","status":"passed","title":"複数回プレイで totalPlays が加算される","duration":31.97679200000016,"failureMessages":[],"meta":{},"tags":[]},{"ancestorTitles":["ResultScene","トロフィー"],"fullName":"ResultScene トロフィー ratio === 1 でパーフェクトトロフィーが付与される","status":"passed","title":"ratio === 1 でパーフェクトトロフィーが付与される","duration":15.801749999999856,"failureMessages":[],"meta":{},"tags":[]},{"ancestorTitles":["ResultScene","トロフィー"],"fullName":"ResultScene トロフィー ratio < 1 ではトロフィーが付与されない","status":"passed","title":"ratio < 1 ではトロフィーが付与されない","duration":22.456042000000025,"failureMessages":[],"meta":{},"tags":[]},{"ancestorTitles":["ResultScene","BGM と SFX"],"fullName":"ResultScene BGM と SFX enter() で result BGM が開始される","status":"passed","title":"enter() で result BGM が開始される","duration":10.409750000000031,"failureMessages":[],"meta":{},"tags":[]},{"ancestorTitles":["ResultScene","BGM と SFX"],"fullName":"ResultScene BGM と SFX ratio === 1 で allClear SFX が再生される","status":"passed","title":"ratio === 1 で allClear SFX が再生される","duration":4.206750000000056,"failureMessages":[],"meta":{},"tags":[]},{"ancestorTitles":["ResultScene","BGM と SFX"],"fullName":"ResultScene BGM と SFX ratio >= 0.6 かつ < 1 で levelClear SFX が再生される","status":"passed","title":"ratio >= 0.6 かつ < 1 で levelClear SFX が再生される","duration":10.083667000000105,"failureMessages":[],"meta":{},"tags":[]},{"ancestorTitles":["ResultScene","BGM と SFX"],"fullName":"ResultScene BGM と SFX ratio < 0.6 では SFX が再生されない","status":"passed","title":"ratio < 0.6 では SFX が再生されない","duration":5.38737500000002,"failureMessages":[],"meta":{},"tags":[]},{"ancestorTitles":["ResultScene","BGM と SFX"],"fullName":"ResultScene BGM と SFX exit() で BGM が停止される","status":"passed","title":"exit() で BGM が停止される","duration":3.894791999999825,"failureMessages":[],"meta":{},"tags":[]},{"ancestorTitles":["ResultScene","UI 表示"],"fullName":"ResultScene UI 表示 100% で星3つ ★★★ とパーフェクトメッセージが表示される","status":"passed","title":"100% で星3つ ★★★ とパーフェクトメッセージが表示される","duration":4.174417000000176,"failureMessages":[],"meta":{},"tags":[]},{"ancestorTitles":["ResultScene","UI 表示"],"fullName":"ResultScene UI 表示 80% で星2つ ★★☆ と「とてもよくできました」が表示される","status":"passed","title":"80% で星2つ ★★☆ と「とてもよくできました」が表示される","duration":5.030042000000094,"failureMessages":[],"meta":{},"tags":[]},{"ancestorTitles":["ResultScene","UI 表示"],"fullName":"ResultScene UI 表示 60% で星1つ ★☆☆ と「よくがんばったね」が表示される","status":"passed","title":"60% で星1つ ★☆☆ と「よくがんばったね」が表示される","duration":3.681500000000142,"failureMessages":[],"meta":{},"tags":[]},{"ancestorTitles":["ResultScene","UI 表示"],"fullName":"ResultScene UI 表示 40% で星0個 ☆☆☆ と「もういちど チャレンジしよう」が表示される","status":"passed","title":"40% で星0個 ☆☆☆ と「もういちど チャレンジしよう」が表示される","duration":3.6310419999999795,"failureMessages":[],"meta":{},"tags":[]},{"ancestorTitles":["ResultScene","UI 表示"],"fullName":"ResultScene UI 表示 スコア表示が「correct / total もん せいかい！」形式である","status":"passed","title":"スコア表示が「correct / total もん せいかい！」形式である","duration":3.8700830000000224,"failureMessages":[],"meta":{},"tags":[]},{"ancestorTitles":["ResultScene","ボタン遷移"],"fullName":"ResultScene ボタン遷移 ratio < 0.6 で 3つのボタン（もういちど・モードせんたく・ホーム）が表示される","status":"passed","title":"ratio < 0.6 で 3つのボタン（もういちど・モードせんたく・ホーム）が表示される","duration":9.797125000000051,"failureMessages":[],"meta":{},"tags":[]},{"ancestorTitles":["ResultScene","ボタン遷移"],"fullName":"ResultScene ボタン遷移 ホームボタンで title に遷移する","status":"passed","title":"ホームボタンで title に遷移する","duration":6.388916999999992,"failureMessages":[],"meta":{},"tags":[]},{"ancestorTitles":["ResultScene","ボタン遷移"],"fullName":"ResultScene ボタン遷移 モードせんたくボタンで modeSelect に遷移する","status":"passed","title":"モードせんたくボタンで modeSelect に遷移する","duration":43.16420799999992,"failureMessages":[],"meta":{},"tags":[]},{"ancestorTitles":["ResultScene","ボタン遷移"],"fullName":"ResultScene ボタン遷移 もういちどボタンで quiz モードは quizPlay に遷移する","status":"passed","title":"もういちどボタンで quiz モードは quizPlay に遷移する","duration":4.5222499999999854,"failureMessages":[],"meta":{},"tags":[]},{"ancestorTitles":["ResultScene","ボタン遷移"],"fullName":"ResultScene ボタン遷移 もういちどボタンで setTime モードは setTimePlay に遷移する","status":"passed","title":"もういちどボタンで setTime モードは setTimePlay に遷移する","duration":3.8610419999999976,"failureMessages":[],"meta":{},"tags":[]},{"ancestorTitles":["ResultScene","ボタン遷移"],"fullName":"ResultScene ボタン遷移 もういちどボタンで daily モードは dailyPlay に遷移する","status":"passed","title":"もういちどボタンで daily モードは dailyPlay に遷移する","duration":7.621625000000222,"failureMessages":[],"meta":{},"tags":[]},{"ancestorTitles":["ResultScene","exit()"],"fullName":"ResultScene exit() exit() でオーバーレイが除去される","status":"passed","title":"exit() でオーバーレイが除去される","duration":16.846415999999863,"failureMessages":[],"meta":{},"tags":[]},{"ancestorTitles":["ResultScene — つぎのレベルへボタン"],"fullName":"ResultScene — つぎのレベルへボタン レベルクリア（ratio >= 0.6）かつ最終レベルでない場合にボタンが表示される","status":"passed","title":"レベルクリア（ratio >= 0.6）かつ最終レベルでない場合にボタンが表示される","duration":3.888916999999992,"failureMessages":[],"meta":{},"tags":[]},{"ancestorTitles":["ResultScene — つぎのレベルへボタン"],"fullName":"ResultScene — つぎのレベルへボタン ratio = 0.6 ちょうどでボタンが表示される（境界値）","status":"passed","title":"ratio = 0.6 ちょうどでボタンが表示される（境界値）","duration":3.4329999999999927,"failureMessages":[],"meta":{},"tags":[]},{"ancestorTitles":["ResultScene — つぎのレベルへボタン"],"fullName":"ResultScene — つぎのレベルへボタン ratio = 0.59 でボタンが表示されない（境界値）","status":"passed","title":"ratio = 0.59 でボタンが表示されない（境界値）","duration":16.120290999999952,"failureMessages":[],"meta":{},"tags":[]},{"ancestorTitles":["ResultScene — つぎのレベルへボタン"],"fullName":"ResultScene — つぎのレベルへボタン 最終レベルの場合はボタンが表示されない","status":"passed","title":"最終レベルの場合はボタンが表示されない","duration":3.1056670000000395,"failureMessages":[],"meta":{},"tags":[]},{"ancestorTitles":["ResultScene — つぎのレベルへボタン"],"fullName":"ResultScene — つぎのレベルへボタン mode === \"daily\" の場合はボタンが表示されない","status":"passed","title":"mode === \"daily\" の場合はボタンが表示されない","duration":4.3872499999999945,"failureMessages":[],"meta":{},"tags":[]},{"ancestorTitles":["ResultScene — つぎのレベルへボタン"],"fullName":"ResultScene — つぎのレベルへボタン quiz モードでボタンクリック時に quizPlay に level+1 で遷移する","status":"passed","title":"quiz モードでボタンクリック時に quizPlay に level+1 で遷移する","duration":20.424833000000035,"failureMessages":[],"meta":{},"tags":[]},{"ancestorTitles":["ResultScene — つぎのレベルへボタン"],"fullName":"ResultScene — つぎのレベルへボタン setTime モードでボタンクリック時に setTimePlay に level+1 で遷移する","status":"passed","title":"setTime モードでボタンクリック時に setTimePlay に level+1 で遷移する","duration":19.975708000000168,"failureMessages":[],"meta":{},"tags":[]},{"ancestorTitles":["ResultScene — つぎのレベルへボタン"],"fullName":"ResultScene — つぎのレベルへボタン retryBtn の直後に配置される","status":"passed","title":"retryBtn の直後に配置される","duration":11.804333000000042,"failureMessages":[],"meta":{},"tags":[]},{"ancestorTitles":["ResultScene - トロフィー獲得通知"],"fullName":"ResultScene - トロフィー獲得通知 パーフェクト達成 + 初回トロフィー → 🏆 トロフィーゲット！が表示される","status":"passed","title":"パーフェクト達成 + 初回トロフィー → 🏆 トロフィーゲット！が表示される","duration":3.807708000000048,"failureMessages":[],"meta":{},"tags":[]},{"ancestorTitles":["ResultScene - トロフィー獲得通知"],"fullName":"ResultScene - トロフィー獲得通知 パーフェクト達成 + 既得トロフィー → トロフィーゲット！が表示されない","status":"passed","title":"パーフェクト達成 + 既得トロフィー → トロフィーゲット！が表示されない","duration":2.97591599999987,"failureMessages":[],"meta":{},"tags":[]},{"ancestorTitles":["ResultScene - トロフィー獲得通知"],"fullName":"ResultScene - トロフィー獲得通知 パーフェクト未達 → トロフィーゲット！が表示されない","status":"passed","title":"パーフェクト未達 → トロフィーゲット！が表示されない","duration":2.9983340000001135,"failureMessages":[],"meta":{},"tags":[]},{"ancestorTitles":["ResultScene - トロフィー獲得通知"],"fullName":"ResultScene - トロフィー獲得通知 exit() で isNewTrophy がリセットされること","status":"passed","title":"exit() で isNewTrophy がリセットされること","duration":11.890750000000025,"failureMessages":[],"meta":{},"tags":[]}],"startTime":1777712277399,"endTime":1777712277900.8909,"status":"passed","message":"","name":"/Users/shingotada/Documents/vscode/watch-game/tests/game/scenes/ResultScene.test.ts"},{"assertionResults":[{"ancestorTitles":["SetTimePlayScene"],"fullName":"SetTimePlayScene exit() 後に setTimeout コールバックが requestTransition を呼ばないこと","status":"passed","title":"exit() 後に setTimeout コールバックが requestTransition を呼ばないこと","duration":176.42045899999994,"failureMessages":[],"meta":{},"tags":[]},{"ancestorTitles":["SetTimePlayScene"],"fullName":"SetTimePlayScene handleConfirm() 後にボタンが視覚的に無効化されること","status":"passed","title":"handleConfirm() 後にボタンが視覚的に無効化されること","duration":24.86483300000009,"failureMessages":[],"meta":{},"tags":[]},{"ancestorTitles":["SetTimePlayScene"],"fullName":"SetTimePlayScene 次の問題表示後にボタンが再度有効化されること","status":"passed","title":"次の問題表示後にボタンが再度有効化されること","duration":16.835583000000042,"failureMessages":[],"meta":{},"tags":[]},{"ancestorTitles":["SetTimePlayScene"],"fullName":"SetTimePlayScene enter() で pendingTimers が初期化されること（再入時の防御）","status":"passed","title":"enter() で pendingTimers が初期化されること（再入時の防御）","duration":55.03941699999996,"failureMessages":[],"meta":{},"tags":[]},{"ancestorTitles":["SetTimePlayScene"],"fullName":"SetTimePlayScene 不正解時に CurrentTimeDisplay が正解の時刻に更新されること","status":"passed","title":"不正解時に CurrentTimeDisplay が正解の時刻に更新されること","duration":65.18012499999986,"failureMessages":[],"meta":{},"tags":[]},{"ancestorTitles":["SetTimePlayScene"],"fullName":"SetTimePlayScene enter() で CurrentTimeDisplay に初期時刻 12:00 が表示されること","status":"passed","title":"enter() で CurrentTimeDisplay に初期時刻 12:00 が表示されること","duration":9.669499999999971,"failureMessages":[],"meta":{},"tags":[]},{"ancestorTitles":["SetTimePlayScene"],"fullName":"SetTimePlayScene exit() で CurrentTimeDisplay が unmount されること","status":"passed","title":"exit() で CurrentTimeDisplay が unmount されること","duration":7.623000000000047,"failureMessages":[],"meta":{},"tags":[]}],"startTime":1777712277462,"endTime":1777712277817.623,"status":"passed","message":"","name":"/Users/shingotada/Documents/vscode/watch-game/tests/game/scenes/SetTimePlayScene.test.ts"},{"assertionResults":[{"ancestorTitles":["TitleScene","BGM"],"fullName":"TitleScene BGM enter() で startBGM(\"title\") が呼ばれること","status":"passed","title":"enter() で startBGM(\"title\") が呼ばれること","duration":177.70466699999997,"failureMessages":[],"meta":{},"tags":[]},{"ancestorTitles":["TitleScene","BGM"],"fullName":"TitleScene BGM audioManager が未初期化の場合 startBGM が呼ばれないこと","status":"passed","title":"audioManager が未初期化の場合 startBGM が呼ばれないこと","duration":26.88129200000003,"failureMessages":[],"meta":{},"tags":[]},{"ancestorTitles":["TitleScene","BGM"],"fullName":"TitleScene BGM exit() で stopBGM() が呼ばれること","status":"passed","title":"exit() で stopBGM() が呼ばれること","duration":13.324749999999995,"failureMessages":[],"meta":{},"tags":[]},{"ancestorTitles":["TitleScene","時計表示"],"fullName":"TitleScene 時計表示 enter() で Clock3D の group が scene に追加されること","status":"passed","title":"enter() で Clock3D の group が scene に追加されること","duration":13.65870800000016,"failureMessages":[],"meta":{},"tags":[]},{"ancestorTitles":["TitleScene","時計表示"],"fullName":"TitleScene 時計表示 exit() で Clock3D の group が scene から除去されること","status":"passed","title":"exit() で Clock3D の group が scene から除去されること","duration":16.227916999999934,"failureMessages":[],"meta":{},"tags":[]},{"ancestorTitles":["TitleScene","背景 stars"],"fullName":"TitleScene 背景 stars enter() で stars パーティクルが scene に追加されること","status":"passed","title":"enter() で stars パーティクルが scene に追加されること","duration":4.886457999999948,"failureMessages":[],"meta":{},"tags":[]},{"ancestorTitles":["TitleScene","背景 stars"],"fullName":"TitleScene 背景 stars exit() で stars の geometry/material が dispose されること","status":"passed","title":"exit() で stars の geometry/material が dispose されること","duration":4.9850830000000315,"failureMessages":[],"meta":{},"tags":[]},{"ancestorTitles":["TitleScene","ボタン操作"],"fullName":"TitleScene ボタン操作 「あそぶ」ボタンクリックで modeSelect に遷移すること","status":"passed","title":"「あそぶ」ボタンクリックで modeSelect に遷移すること","duration":30.053833000000168,"failureMessages":[],"meta":{},"tags":[]},{"ancestorTitles":["TitleScene","ボタン操作"],"fullName":"TitleScene ボタン操作 「トロフィー」ボタンクリックで trophy に遷移すること","status":"passed","title":"「トロフィー」ボタンクリックで trophy に遷移すること","duration":5.46754100000021,"failureMessages":[],"meta":{},"tags":[]},{"ancestorTitles":["TitleScene","ボタン操作"],"fullName":"TitleScene ボタン操作 ボタンクリック時に未初期化なら audioManager.init() が呼ばれること","status":"passed","title":"ボタンクリック時に未初期化なら audioManager.init() が呼ばれること","duration":5.083832999999913,"failureMessages":[],"meta":{},"tags":[]},{"ancestorTitles":["TitleScene","ボタン操作"],"fullName":"TitleScene ボタン操作 ボタンクリック時に初期化済みなら audioManager.init() が呼ばれないこと","status":"passed","title":"ボタンクリック時に初期化済みなら audioManager.init() が呼ばれないこと","duration":19.25195900000017,"failureMessages":[],"meta":{},"tags":[]},{"ancestorTitles":["TitleScene","ボタン操作"],"fullName":"TitleScene ボタン操作 ボタンクリックで buttonTap SFX が再生されること","status":"passed","title":"ボタンクリックで buttonTap SFX が再生されること","duration":12.191000000000031,"failureMessages":[],"meta":{},"tags":[]},{"ancestorTitles":["TitleScene","exit()"],"fullName":"TitleScene exit() exit() でオーバーレイ DOM が除去されること","status":"passed","title":"exit() でオーバーレイ DOM が除去されること","duration":17.247500000000173,"failureMessages":[],"meta":{},"tags":[]}],"startTime":1777712279110,"endTime":1777712279458.2476,"status":"passed","message":"","name":"/Users/shingotada/Documents/vscode/watch-game/tests/game/scenes/TitleScene.test.ts"},{"assertionResults":[{"ancestorTitles":["TrophyScene","BGM"],"fullName":"TrophyScene BGM enter() で startBGM(\"title\") が呼ばれること","status":"passed","title":"enter() で startBGM(\"title\") が呼ばれること","duration":75.4887090000002,"failureMessages":[],"meta":{},"tags":[]},{"ancestorTitles":["TrophyScene","BGM"],"fullName":"TrophyScene BGM audioManager が未初期化の場合 startBGM が呼ばれないこと","status":"passed","title":"audioManager が未初期化の場合 startBGM が呼ばれないこと","duration":12.054459000000179,"failureMessages":[],"meta":{},"tags":[]},{"ancestorTitles":["TrophyScene","BGM"],"fullName":"TrophyScene BGM exit() で stopBGM() が呼ばれること","status":"passed","title":"exit() で stopBGM() が呼ばれること","duration":17.348875000000135,"failureMessages":[],"meta":{},"tags":[]},{"ancestorTitles":["TrophyScene","トロフィー表示"],"fullName":"TrophyScene トロフィー表示 獲得済みトロフィーが正しい emoji・ラベルで表示されること","status":"passed","title":"獲得済みトロフィーが正しい emoji・ラベルで表示されること","duration":77.07104200000003,"failureMessages":[],"meta":{},"tags":[]},{"ancestorTitles":["TrophyScene","トロフィー表示"],"fullName":"TrophyScene トロフィー表示 未獲得トロフィーが ❓ / ??? で表示されること","status":"passed","title":"未獲得トロフィーが ❓ / ??? で表示されること","duration":15.314791999999898,"failureMessages":[],"meta":{},"tags":[]},{"ancestorTitles":["TrophyScene","トロフィー表示"],"fullName":"TrophyScene トロフィー表示 トロフィー数が「earned / 9」形式で表示されること","status":"passed","title":"トロフィー数が「earned / 9」形式で表示されること","duration":26.645082999999886,"failureMessages":[],"meta":{},"tags":[]},{"ancestorTitles":["TrophyScene","統計表示"],"fullName":"TrophyScene 統計表示 totalPlays と totalCorrect が表示されること","status":"passed","title":"totalPlays と totalCorrect が表示されること","duration":21.52825000000007,"failureMessages":[],"meta":{},"tags":[]},{"ancestorTitles":["TrophyScene","戻るボタン"],"fullName":"TrophyScene 戻るボタン 戻るボタンクリックで title に遷移すること","status":"passed","title":"戻るボタンクリックで title に遷移すること","duration":28.878832999999986,"failureMessages":[],"meta":{},"tags":[]},{"ancestorTitles":["TrophyScene","戻るボタン"],"fullName":"TrophyScene 戻るボタン 戻るボタンクリックで buttonTap SFX が再生されること","status":"passed","title":"戻るボタンクリックで buttonTap SFX が再生されること","duration":33.98637499999995,"failureMessages":[],"meta":{},"tags":[]},{"ancestorTitles":["TrophyScene","exit()"],"fullName":"TrophyScene exit() exit() でオーバーレイ DOM が除去されること","status":"passed","title":"exit() でオーバーレイ DOM が除去されること","duration":29.08445900000015,"failureMessages":[],"meta":{},"tags":[]}],"startTime":1777712277400,"endTime":1777712277738.0845,"status":"passed","message":"","name":"/Users/shingotada/Documents/vscode/watch-game/tests/game/scenes/TrophyScene.test.ts"}]}
