{"numTotalTestSuites":115,"numPassedTestSuites":115,"numFailedTestSuites":0,"numPendingTestSuites":0,"numTotalTests":345,"numPassedTests":345,"numFailedTests":0,"numPendingTests":0,"numTodoTests":0,"snapshot":{"added":0,"failure":false,"filesAdded":0,"filesRemoved":0,"filesRemovedList":[],"filesUnmatched":0,"filesUpdated":0,"matched":0,"total":0,"unchecked":0,"uncheckedKeysByFile":[],"unmatched":0,"updated":0,"didUpdate":false},"startTime":1777709791711,"success":true,"testResults":[{"assertionResults":[{"ancestorTitles":["GameLoop"],"fullName":"GameLoop should start and call update/render","status":"passed","title":"should start and call update/render","duration":4.773513000000094,"failureMessages":[],"meta":{},"tags":[]},{"ancestorTitles":["GameLoop"],"fullName":"GameLoop should cap delta time at 0.1s","status":"passed","title":"should cap delta time at 0.1s","duration":0.7574560000000474,"failureMessages":[],"meta":{},"tags":[]},{"ancestorTitles":["GameLoop"],"fullName":"GameLoop should pause and stop","status":"passed","title":"should pause and stop","duration":0.5397390000000541,"failureMessages":[],"meta":{},"tags":[]}],"startTime":1777709805460,"endTime":1777709805465.7576,"status":"passed","message":"","name":"/home/runner/work/watch-game/watch-game/tests/game/GameLoop.test.ts"},{"assertionResults":[{"ancestorTitles":["SceneManager"],"fullName":"SceneManager should register and transition to a scene","status":"passed","title":"should register and transition to a scene","duration":8.050027999999884,"failureMessages":[],"meta":{},"tags":[]},{"ancestorTitles":["SceneManager"],"fullName":"SceneManager should call exit on previous scene when transitioning","status":"passed","title":"should call exit on previous scene when transitioning","duration":0.615891000000147,"failureMessages":[],"meta":{},"tags":[]},{"ancestorTitles":["SceneManager"],"fullName":"SceneManager should delegate update to current scene","status":"passed","title":"should delegate update to current scene","duration":1.0662939999999708,"failureMessages":[],"meta":{},"tags":[]},{"ancestorTitles":["SceneManager"],"fullName":"SceneManager should use transition handler if set","status":"passed","title":"should use transition handler if set","duration":0.6212109999999029,"failureMessages":[],"meta":{},"tags":[]},{"ancestorTitles":["SceneManager"],"fullName":"SceneManager should warn on unregistered scene","status":"passed","title":"should warn on unregistered scene","duration":0.7794060000001082,"failureMessages":[],"meta":{},"tags":[]},{"ancestorTitles":["SceneManager"],"fullName":"SceneManager currentSceneNeedsContinuousRendering respects scene opt-out","status":"passed","title":"currentSceneNeedsContinuousRendering respects scene opt-out","duration":0.34692900000004556,"failureMessages":[],"meta":{},"tags":[]}],"startTime":1777709803456,"endTime":1777709803467.347,"status":"passed","message":"","name":"/home/runner/work/watch-game/watch-game/tests/game/SceneManager.test.ts"},{"assertionResults":[{"ancestorTitles":["configureCanvasForTouch"],"fullName":"configureCanvasForTouch applies touch-action styles and sets tabIndex when not present","status":"passed","title":"applies touch-action styles and sets tabIndex when not present","duration":11.344835999999987,"failureMessages":[],"meta":{},"tags":[]},{"ancestorTitles":["configureCanvasForTouch"],"fullName":"configureCanvasForTouch does not overwrite explicit tabindex when preserveTabIndex is true","status":"passed","title":"does not overwrite explicit tabindex when preserveTabIndex is true","duration":1.508869999999888,"failureMessages":[],"meta":{},"tags":[]},{"ancestorTitles":["configureCanvasForTouch"],"fullName":"configureCanvasForTouch does not overwrite explicit tabindex when preserveTabIndex is false","status":"passed","title":"does not overwrite explicit tabindex when preserveTabIndex is false","duration":0.7621540000000095,"failureMessages":[],"meta":{},"tags":[]},{"ancestorTitles":["configureCanvasForTouch"],"fullName":"configureCanvasForTouch is resilient when called on elements with missing style (best-effort)","status":"passed","title":"is resilient when called on elements with missing style (best-effort)","duration":7.7218840000000455,"failureMessages":[],"meta":{},"tags":[]}],"startTime":1777709806158,"endTime":1777709806179.722,"status":"passed","message":"","name":"/home/runner/work/watch-game/watch-game/tests/ui/CanvasUtils.test.ts"},{"assertionResults":[{"ancestorTitles":["ChoiceButtons"],"fullName":"ChoiceButtons should render buttons for each choice","status":"passed","title":"should render buttons for each choice","duration":142.66170699999998,"failureMessages":[],"meta":{},"tags":[]},{"ancestorTitles":["ChoiceButtons"],"fullName":"ChoiceButtons should scale down on pointerdown","status":"passed","title":"should scale down on pointerdown","duration":19.55064500000003,"failureMessages":[],"meta":{},"tags":[]},{"ancestorTitles":["ChoiceButtons"],"fullName":"ChoiceButtons should reset scale on pointerup","status":"passed","title":"should reset scale on pointerup","duration":16.956848000000036,"failureMessages":[],"meta":{},"tags":[]},{"ancestorTitles":["ChoiceButtons"],"fullName":"ChoiceButtons should reset scale on pointerleave","status":"passed","title":"should reset scale on pointerleave","duration":16.77484800000002,"failureMessages":[],"meta":{},"tags":[]},{"ancestorTitles":["ChoiceButtons"],"fullName":"ChoiceButtons should call onSelect callback when clicked","status":"passed","title":"should call onSelect callback when clicked","duration":19.90920499999993,"failureMessages":[],"meta":{},"tags":[]},{"ancestorTitles":["ChoiceButtons"],"fullName":"ChoiceButtons should not call onSelect when disabled after showResult","status":"passed","title":"should not call onSelect when disabled after showResult","duration":29.063933000000134,"failureMessages":[],"meta":{},"tags":[]},{"ancestorTitles":["ChoiceButtons"],"fullName":"ChoiceButtons should not scale down on pointerdown when disabled","status":"passed","title":"should not scale down on pointerdown when disabled","duration":14.880407999999989,"failureMessages":[],"meta":{},"tags":[]},{"ancestorTitles":["ChoiceButtons"],"fullName":"ChoiceButtons should reset scale on pointerleave even when disabled","status":"passed","title":"should reset scale on pointerleave even when disabled","duration":21.133928999999853,"failureMessages":[],"meta":{},"tags":[]},{"ancestorTitles":["ChoiceButtons"],"fullName":"ChoiceButtons should clean up on unmount","status":"passed","title":"should clean up on unmount","duration":10.843092999999953,"failureMessages":[],"meta":{},"tags":[]},{"ancestorTitles":["ChoiceButtons","showHint"],"fullName":"ChoiceButtons showHint should dim 2 incorrect buttons and keep correct + 1 incorrect visible","status":"passed","title":"should dim 2 incorrect buttons and keep correct + 1 incorrect visible","duration":12.036863999999923,"failureMessages":[],"meta":{},"tags":[]},{"ancestorTitles":["ChoiceButtons","showHint"],"fullName":"ChoiceButtons showHint should set pointerEvents to none on dimmed buttons","status":"passed","title":"should set pointerEvents to none on dimmed buttons","duration":9.351666000000023,"failureMessages":[],"meta":{},"tags":[]},{"ancestorTitles":["ChoiceButtons","showHint"],"fullName":"ChoiceButtons showHint should not dim the correct button","status":"passed","title":"should not dim the correct button","duration":55.21025400000008,"failureMessages":[],"meta":{},"tags":[]},{"ancestorTitles":["ChoiceButtons","showHint"],"fullName":"ChoiceButtons showHint should do nothing when disabled (after showResult)","status":"passed","title":"should do nothing when disabled (after showResult)","duration":11.663436000000047,"failureMessages":[],"meta":{},"tags":[]},{"ancestorTitles":["ChoiceButtons","showHint"],"fullName":"ChoiceButtons showHint should not dim buttons if not mounted","status":"passed","title":"should not dim buttons if not mounted","duration":1.628643000000011,"failureMessages":[],"meta":{},"tags":[]}],"startTime":1777709799591,"endTime":1777709799974.6287,"status":"passed","message":"","name":"/home/runner/work/watch-game/watch-game/tests/ui/ChoiceButtons.test.ts"},{"assertionResults":[{"ancestorTitles":["ConfirmButton"],"fullName":"ConfirmButton mount(parent) でボタン要素が parent に追加されること","status":"passed","title":"mount(parent) でボタン要素が parent に追加されること","duration":147.2997220000002,"failureMessages":[],"meta":{},"tags":[]},{"ancestorTitles":["ConfirmButton"],"fullName":"ConfirmButton デフォルトのラベルが「けってい！」であること","status":"passed","title":"デフォルトのラベルが「けってい！」であること","duration":10.78971800000022,"failureMessages":[],"meta":{},"tags":[]},{"ancestorTitles":["ConfirmButton"],"fullName":"ConfirmButton カスタムラベルが適用されること","status":"passed","title":"カスタムラベルが適用されること","duration":5.264881000000059,"failureMessages":[],"meta":{},"tags":[]},{"ancestorTitles":["ConfirmButton"],"fullName":"ConfirmButton unmount() でボタン要素が削除されること","status":"passed","title":"unmount() でボタン要素が削除されること","duration":5.982021000000032,"failureMessages":[],"meta":{},"tags":[]},{"ancestorTitles":["ConfirmButton"],"fullName":"ConfirmButton onClick(callback) でクリック時にコールバックが呼ばれること","status":"passed","title":"onClick(callback) でクリック時にコールバックが呼ばれること","duration":9.694430000000011,"failureMessages":[],"meta":{},"tags":[]},{"ancestorTitles":["ConfirmButton"],"fullName":"ConfirmButton unmount() 後にクリックしてもコールバックが呼ばれないこと","status":"passed","title":"unmount() 後にクリックしてもコールバックが呼ばれないこと","duration":5.023479999999836,"failureMessages":[],"meta":{},"tags":[]},{"ancestorTitles":["ConfirmButton"],"fullName":"ConfirmButton disable() で opacity が 0.5、pointerEvents が none になること","status":"passed","title":"disable() で opacity が 0.5、pointerEvents が none になること","duration":6.464934000000085,"failureMessages":[],"meta":{},"tags":[]},{"ancestorTitles":["ConfirmButton"],"fullName":"ConfirmButton enable() で opacity が 1、pointerEvents が auto になること","status":"passed","title":"enable() で opacity が 1、pointerEvents が auto になること","duration":8.685154000000011,"failureMessages":[],"meta":{},"tags":[]},{"ancestorTitles":["ConfirmButton"],"fullName":"ConfirmButton カスタムカラー（gradient）が適用されること","status":"passed","title":"カスタムカラー（gradient）が適用されること","duration":17.007777999999917,"failureMessages":[],"meta":{},"tags":[]},{"ancestorTitles":["ConfirmButton"],"fullName":"ConfirmButton デフォルトカラー（グリーン gradient）が適用されること","status":"passed","title":"デフォルトカラー（グリーン gradient）が適用されること","duration":4.61235099999999,"failureMessages":[],"meta":{},"tags":[]}],"startTime":1777709801932,"endTime":1777709802153.6123,"status":"passed","message":"","name":"/home/runner/work/watch-game/watch-game/tests/ui/ConfirmButton.test.ts"},{"assertionResults":[{"ancestorTitles":["CurrentTimeDisplay"],"fullName":"CurrentTimeDisplay mount後にDOM要素が親に追加されること","status":"passed","title":"mount後にDOM要素が親に追加されること","duration":102.24343199999998,"failureMessages":[],"meta":{},"tags":[]},{"ancestorTitles":["CurrentTimeDisplay"],"fullName":"CurrentTimeDisplay ラベルに「いま ▶」が表示されること","status":"passed","title":"ラベルに「いま ▶」が表示されること","duration":10.431829000000107,"failureMessages":[],"meta":{},"tags":[]},{"ancestorTitles":["CurrentTimeDisplay"],"fullName":"CurrentTimeDisplay setTime()で表示テキストがformatTimeと一致すること（正時）","status":"passed","title":"setTime()で表示テキストがformatTimeと一致すること（正時）","duration":9.15930000000003,"failureMessages":[],"meta":{},"tags":[]},{"ancestorTitles":["CurrentTimeDisplay"],"fullName":"CurrentTimeDisplay setTime()で表示テキストがformatTimeと一致すること（30分）","status":"passed","title":"setTime()で表示テキストがformatTimeと一致すること（30分）","duration":4.644281000000092,"failureMessages":[],"meta":{},"tags":[]},{"ancestorTitles":["CurrentTimeDisplay"],"fullName":"CurrentTimeDisplay setTime()で表示テキストがformatTimeと一致すること（任意の分）","status":"passed","title":"setTime()で表示テキストがformatTimeと一致すること（任意の分）","duration":4.587093999999979,"failureMessages":[],"meta":{},"tags":[]},{"ancestorTitles":["CurrentTimeDisplay"],"fullName":"CurrentTimeDisplay mount前のsetTimeはエラーにならないこと","status":"passed","title":"mount前のsetTimeはエラーにならないこと","duration":1.2950009999999565,"failureMessages":[],"meta":{},"tags":[]},{"ancestorTitles":["CurrentTimeDisplay"],"fullName":"CurrentTimeDisplay unmountでDOM要素がクリーンアップされること","status":"passed","title":"unmountでDOM要素がクリーンアップされること","duration":4.5157409999999345,"failureMessages":[],"meta":{},"tags":[]},{"ancestorTitles":["CurrentTimeDisplay"],"fullName":"CurrentTimeDisplay unmount後のsetTimeはエラーにならないこと","status":"passed","title":"unmount後のsetTimeはエラーにならないこと","duration":4.624924999999848,"failureMessages":[],"meta":{},"tags":[]},{"ancestorTitles":["CurrentTimeDisplay"],"fullName":"CurrentTimeDisplay 半透明スタイルが適用されていること","status":"passed","title":"半透明スタイルが適用されていること","duration":3.3760999999999513,"failureMessages":[],"meta":{},"tags":[]}],"startTime":1777709803491,"endTime":1777709803635.3762,"status":"passed","message":"","name":"/home/runner/work/watch-game/watch-game/tests/ui/CurrentTimeDisplay.test.ts"},{"assertionResults":[{"ancestorTitles":["DailyProgress"],"fullName":"DailyProgress mount() で親要素にコンテナが追加されること","status":"passed","title":"mount() で親要素にコンテナが追加されること","duration":25.534398999999894,"failureMessages":[],"meta":{},"tags":[]},{"ancestorTitles":["DailyProgress"],"fullName":"DailyProgress setEvents() でドットが生成されること","status":"passed","title":"setEvents() でドットが生成されること","duration":99.019137,"failureMessages":[],"meta":{},"tags":[]},{"ancestorTitles":["DailyProgress"],"fullName":"DailyProgress 現在のイベントのドットがハイライトされること","status":"passed","title":"現在のイベントのドットがハイライトされること","duration":16.36592100000007,"failureMessages":[],"meta":{},"tags":[]},{"ancestorTitles":["DailyProgress"],"fullName":"DailyProgress 完了済みイベントのドットに「✅」が表示されること","status":"passed","title":"完了済みイベントのドットに「✅」が表示されること","duration":13.14659400000005,"failureMessages":[],"meta":{},"tags":[]},{"ancestorTitles":["DailyProgress"],"fullName":"DailyProgress 未到達イベントのドットに emoji が表示されること","status":"passed","title":"未到達イベントのドットに emoji が表示されること","duration":12.509567000000061,"failureMessages":[],"meta":{},"tags":[]},{"ancestorTitles":["DailyProgress"],"fullName":"DailyProgress unmount() で DOM が除去されること","status":"passed","title":"unmount() で DOM が除去されること","duration":1.725065000000086,"failureMessages":[],"meta":{},"tags":[]}],"startTime":1777709803961,"endTime":1777709804130.725,"status":"passed","message":"","name":"/home/runner/work/watch-game/watch-game/tests/ui/DailyProgress.test.ts"},{"assertionResults":[{"ancestorTitles":["HUD"],"fullName":"HUD mount() で親要素に DOM が追加されること","status":"passed","title":"mount() で親要素に DOM が追加されること","duration":81.934753,"failureMessages":[],"meta":{},"tags":[]},{"ancestorTitles":["HUD"],"fullName":"HUD mount() で questionEl と scoreEl が生成されること","status":"passed","title":"mount() で questionEl と scoreEl が生成されること","duration":4.677292999999963,"failureMessages":[],"meta":{},"tags":[]},{"ancestorTitles":["HUD"],"fullName":"HUD updateQuestion(3, 5) で「もんだい 3/5」が表示されること","status":"passed","title":"updateQuestion(3, 5) で「もんだい 3/5」が表示されること","duration":13.264484000000039,"failureMessages":[],"meta":{},"tags":[]},{"ancestorTitles":["HUD"],"fullName":"HUD updateScore(2) で「⭕ 2」が表示されること","status":"passed","title":"updateScore(2) で「⭕ 2」が表示されること","duration":3.7120579999998427,"failureMessages":[],"meta":{},"tags":[]},{"ancestorTitles":["HUD"],"fullName":"HUD unmount() で DOM が除去されること","status":"passed","title":"unmount() で DOM が除去されること","duration":4.243242000000009,"failureMessages":[],"meta":{},"tags":[]},{"ancestorTitles":["HUD"],"fullName":"HUD unmount() 後に updateQuestion/updateScore を呼んでもエラーにならないこと","status":"passed","title":"unmount() 後に updateQuestion/updateScore を呼んでもエラーにならないこと","duration":3.998393999999962,"failureMessages":[],"meta":{},"tags":[]},{"ancestorTitles":["HUD"],"fullName":"HUD スタイルに pointer-events: none が設定されること","status":"passed","title":"スタイルに pointer-events: none が設定されること","duration":3.0227899999999863,"failureMessages":[],"meta":{},"tags":[]}],"startTime":1777709806507,"endTime":1777709806623.0227,"status":"passed","message":"","name":"/home/runner/work/watch-game/watch-game/tests/ui/HUD.test.ts"},{"assertionResults":[{"ancestorTitles":["HomeButton"],"fullName":"HomeButton mount() で親要素にボタンが追加されること","status":"passed","title":"mount() で親要素にボタンが追加されること","duration":98.22622499999989,"failureMessages":[],"meta":{},"tags":[]},{"ancestorTitles":["HomeButton"],"fullName":"HomeButton ボタンテキストが「🏠」であること","status":"passed","title":"ボタンテキストが「🏠」であること","duration":6.179800999999998,"failureMessages":[],"meta":{},"tags":[]},{"ancestorTitles":["HomeButton"],"fullName":"HomeButton onClick() で登録したコールバックがクリック時に呼ばれること","status":"passed","title":"onClick() で登録したコールバックがクリック時に呼ばれること","duration":6.554941999999983,"failureMessages":[],"meta":{},"tags":[]},{"ancestorTitles":["HomeButton"],"fullName":"HomeButton unmount() で DOM が除去されること","status":"passed","title":"unmount() で DOM が除去されること","duration":5.121382999999923,"failureMessages":[],"meta":{},"tags":[]},{"ancestorTitles":["HomeButton"],"fullName":"HomeButton unmount() 後にクリックしてもコールバックが呼ばれないこと","status":"passed","title":"unmount() 後にクリックしてもコールバックが呼ばれないこと","duration":6.282191999999895,"failureMessages":[],"meta":{},"tags":[]}],"startTime":1777709807698,"endTime":1777709807821.2822,"status":"passed","message":"","name":"/home/runner/work/watch-game/watch-game/tests/ui/HomeButton.test.ts"},{"assertionResults":[{"ancestorTitles":["showNotification"],"fullName":"showNotification DOM要素が親に追加されること","status":"passed","title":"DOM要素が親に追加されること","duration":103.91445700000008,"failureMessages":[],"meta":{},"tags":[]},{"ancestorTitles":["showNotification"],"fullName":"showNotification 指定されたテキストと色が反映されること","status":"passed","title":"指定されたテキストと色が反映されること","duration":10.317896000000019,"failureMessages":[],"meta":{},"tags":[]},{"ancestorTitles":["showNotification"],"fullName":"showNotification notif-anim スタイル要素が document.head に1つだけ存在すること","status":"passed","title":"notif-anim スタイル要素が document.head に1つだけ存在すること","duration":24.603621000000203,"failureMessages":[],"meta":{},"tags":[]},{"ancestorTitles":["showNotification"],"fullName":"showNotification 1200ms後にDOM要素が自動削除されること","status":"passed","title":"1200ms後にDOM要素が自動削除されること","duration":7.123184999999921,"failureMessages":[],"meta":{},"tags":[]},{"ancestorTitles":["showNotification"],"fullName":"showNotification topオプションでカスタム位置が設定できること","status":"passed","title":"topオプションでカスタム位置が設定できること","duration":5.519116000000167,"failureMessages":[],"meta":{},"tags":[]},{"ancestorTitles":["showNotification"],"fullName":"showNotification デフォルトのtopは40%であること","status":"passed","title":"デフォルトのtopは40%であること","duration":3.6870010000000093,"failureMessages":[],"meta":{},"tags":[]},{"ancestorTitles":["showNotification"],"fullName":"showNotification fontSizeオプションでフォントサイズを変更できること","status":"passed","title":"fontSizeオプションでフォントサイズを変更できること","duration":4.542750999999953,"failureMessages":[],"meta":{},"tags":[]},{"ancestorTitles":["showNotification"],"fullName":"showNotification paddingオプションでパディングを変更できること","status":"passed","title":"paddingオプションでパディングを変更できること","duration":4.777561000000105,"failureMessages":[],"meta":{},"tags":[]},{"ancestorTitles":["showNotification"],"fullName":"showNotification タイマーIDを返すこと","status":"passed","title":"タイマーIDを返すこと","duration":7.936324000000013,"failureMessages":[],"meta":{},"tags":[]}],"startTime":1777709802470,"endTime":1777709802642.9363,"status":"passed","message":"","name":"/home/runner/work/watch-game/watch-game/tests/ui/Notification.test.ts"},{"assertionResults":[{"ancestorTitles":["TimeDisplay"],"fullName":"TimeDisplay mount() で親要素に DOM が追加されること","status":"passed","title":"mount() で親要素に DOM が追加されること","duration":82.77997299999993,"failureMessages":[],"meta":{},"tags":[]},{"ancestorTitles":["TimeDisplay"],"fullName":"TimeDisplay ラベルテキストが表示されること","status":"passed","title":"ラベルテキストが表示されること","duration":13.781761000000188,"failureMessages":[],"meta":{},"tags":[]},{"ancestorTitles":["TimeDisplay"],"fullName":"TimeDisplay setTime() で時刻が正しく表示されること","status":"passed","title":"setTime() で時刻が正しく表示されること","duration":5.743565999999873,"failureMessages":[],"meta":{},"tags":[]},{"ancestorTitles":["TimeDisplay"],"fullName":"TimeDisplay unmount() で DOM が除去されること","status":"passed","title":"unmount() で DOM が除去されること","duration":5.366420999999946,"failureMessages":[],"meta":{},"tags":[]},{"ancestorTitles":["TimeDisplay"],"fullName":"TimeDisplay unmount() 後に setTime() を呼んでもエラーにならないこと","status":"passed","title":"unmount() 後に setTime() を呼んでもエラーにならないこと","duration":9.12930399999982,"failureMessages":[],"meta":{},"tags":[]}],"startTime":1777709808079,"endTime":1777709808196.1294,"status":"passed","message":"","name":"/home/runner/work/watch-game/watch-game/tests/ui/TimeDisplay.test.ts"},{"assertionResults":[{"ancestorTitles":["TransitionOverlay"],"fullName":"TransitionOverlay mount で DOM 要素が追加されること","status":"passed","title":"mount で DOM 要素が追加されること","duration":46.95133099999998,"failureMessages":[],"meta":{},"tags":[]},{"ancestorTitles":["TransitionOverlay"],"fullName":"TransitionOverlay 初期状態で opacity: 0, pointer-events: none であること","status":"passed","title":"初期状態で opacity: 0, pointer-events: none であること","duration":2.743017000000009,"failureMessages":[],"meta":{},"tags":[]},{"ancestorTitles":["TransitionOverlay"],"fullName":"TransitionOverlay z-index が 200 であること","status":"passed","title":"z-index が 200 であること","duration":2.322930999999926,"failureMessages":[],"meta":{},"tags":[]},{"ancestorTitles":["TransitionOverlay"],"fullName":"TransitionOverlay fadeOut で opacity が 1 になること","status":"passed","title":"fadeOut で opacity が 1 になること","duration":3.0615819999998166,"failureMessages":[],"meta":{},"tags":[]},{"ancestorTitles":["TransitionOverlay"],"fullName":"TransitionOverlay fadeOut 開始時に pointer-events: auto になること","status":"passed","title":"fadeOut 開始時に pointer-events: auto になること","duration":2.126745000000028,"failureMessages":[],"meta":{},"tags":[]},{"ancestorTitles":["TransitionOverlay"],"fullName":"TransitionOverlay fadeOut のコールバックが transitionend 後に呼ばれること","status":"passed","title":"fadeOut のコールバックが transitionend 後に呼ばれること","duration":3.2030460000000858,"failureMessages":[],"meta":{},"tags":[]},{"ancestorTitles":["TransitionOverlay"],"fullName":"TransitionOverlay fadeOut のコールバックが propertyName !== opacity の場合は呼ばれないこと","status":"passed","title":"fadeOut のコールバックが propertyName !== opacity の場合は呼ばれないこと","duration":2.0402120000001105,"failureMessages":[],"meta":{},"tags":[]},{"ancestorTitles":["TransitionOverlay"],"fullName":"TransitionOverlay fadeOut のコールバックが setTimeout フォールバックで呼ばれること","status":"passed","title":"fadeOut のコールバックが setTimeout フォールバックで呼ばれること","duration":2.0898749999998927,"failureMessages":[],"meta":{},"tags":[]},{"ancestorTitles":["TransitionOverlay"],"fullName":"TransitionOverlay fadeIn で opacity が 0 に戻ること","status":"passed","title":"fadeIn で opacity が 0 に戻ること","duration":2.38145099999997,"failureMessages":[],"meta":{},"tags":[]},{"ancestorTitles":["TransitionOverlay"],"fullName":"TransitionOverlay fadeIn 完了後に pointer-events: none に戻ること","status":"passed","title":"fadeIn 完了後に pointer-events: none に戻ること","duration":2.562468000000081,"failureMessages":[],"meta":{},"tags":[]},{"ancestorTitles":["TransitionOverlay"],"fullName":"TransitionOverlay fadeIn 完了後に isTransitioning が false になること","status":"passed","title":"fadeIn 完了後に isTransitioning が false になること","duration":2.076731000000109,"failureMessages":[],"meta":{},"tags":[]},{"ancestorTitles":["TransitionOverlay"],"fullName":"TransitionOverlay fadeIn の setTimeout フォールバックで pointer-events: none に戻ること","status":"passed","title":"fadeIn の setTimeout フォールバックで pointer-events: none に戻ること","duration":1.8407999999999447,"failureMessages":[],"meta":{},"tags":[]},{"ancestorTitles":["TransitionOverlay"],"fullName":"TransitionOverlay isTransitioning() がフェード中に true を返すこと","status":"passed","title":"isTransitioning() がフェード中に true を返すこと","duration":1.6090269999999691,"failureMessages":[],"meta":{},"tags":[]},{"ancestorTitles":["TransitionOverlay"],"fullName":"TransitionOverlay 二重 fadeOut 呼び出し時にガードが機能すること","status":"passed","title":"二重 fadeOut 呼び出し時にガードが機能すること","duration":1.5631110000001627,"failureMessages":[],"meta":{},"tags":[]},{"ancestorTitles":["TransitionOverlay"],"fullName":"TransitionOverlay unmount で DOM 要素が除去されること","status":"passed","title":"unmount で DOM 要素が除去されること","duration":1.2241280000000643,"failureMessages":[],"meta":{},"tags":[]},{"ancestorTitles":["TransitionOverlay"],"fullName":"TransitionOverlay unmount で setTimeout タイマーがクリアされること","status":"passed","title":"unmount で setTimeout タイマーがクリアされること","duration":2.48790699999995,"failureMessages":[],"meta":{},"tags":[]}],"startTime":1777709798160,"endTime":1777709798240.4878,"status":"passed","message":"","name":"/home/runner/work/watch-game/watch-game/tests/ui/TransitionOverlay.test.ts"},{"assertionResults":[{"ancestorTitles":["AudioManager"],"fullName":"AudioManager pauseBGM() が内部の bgmGenerator.pause() を呼ぶこと","status":"passed","title":"pauseBGM() が内部の bgmGenerator.pause() を呼ぶこと","duration":3.442124000000149,"failureMessages":[],"meta":{},"tags":[]},{"ancestorTitles":["AudioManager"],"fullName":"AudioManager init() 前に pauseBGM() を呼んでもエラーにならないこと","status":"passed","title":"init() 前に pauseBGM() を呼んでもエラーにならないこと","duration":0.1868090000000393,"failureMessages":[],"meta":{},"tags":[]}],"startTime":1777709808579,"endTime":1777709808582.4421,"status":"passed","message":"","name":"/home/runner/work/watch-game/watch-game/tests/game/audio/AudioManager.test.ts"},{"assertionResults":[{"ancestorTitles":["BGMGenerator","pause()"],"fullName":"BGMGenerator pause() pause() 後に currentMode が保持されること","status":"passed","title":"pause() 後に currentMode が保持されること","duration":6.049586999999974,"failureMessages":[],"meta":{},"tags":[]},{"ancestorTitles":["BGMGenerator","pause()"],"fullName":"BGMGenerator pause() pause() で playing が false になること","status":"passed","title":"pause() で playing が false になること","duration":0.8788230000000112,"failureMessages":[],"meta":{},"tags":[]},{"ancestorTitles":["BGMGenerator","pause()"],"fullName":"BGMGenerator pause() pause() → resume() で playing が true に復帰すること","status":"passed","title":"pause() → resume() で playing が true に復帰すること","duration":0.7133839999999054,"failureMessages":[],"meta":{},"tags":[]},{"ancestorTitles":["BGMGenerator","stop() 後の resume()"],"fullName":"BGMGenerator stop() 後の resume() stop() 後に resume() が何もしないこと","status":"passed","title":"stop() 後に resume() が何もしないこと","duration":0.7447520000000623,"failureMessages":[],"meta":{},"tags":[]},{"ancestorTitles":["BGMGenerator","pause() vs stop() の違い"],"fullName":"BGMGenerator pause() vs stop() の違い pause() 後は resume() で再開できるが stop() 後はできない","status":"passed","title":"pause() 後は resume() で再開できるが stop() 後はできない","duration":0.6602539999998953,"failureMessages":[],"meta":{},"tags":[]}],"startTime":1777709802235,"endTime":1777709802244.6602,"status":"passed","message":"","name":"/home/runner/work/watch-game/watch-game/tests/game/audio/BGMGenerator.test.ts"},{"assertionResults":[{"ancestorTitles":["SFXGenerator","init()"],"fullName":"SFXGenerator init() init() で context と destination が設定されること","status":"passed","title":"init() で context と destination が設定されること","duration":11.12465700000007,"failureMessages":[],"meta":{},"tags":[]},{"ancestorTitles":["SFXGenerator","init() 前の安全性"],"fullName":"SFXGenerator init() 前の安全性 init() 前に play() を呼んでもエラーにならないこと","status":"passed","title":"init() 前に play() を呼んでもエラーにならないこと","duration":2.145590000000084,"failureMessages":[],"meta":{},"tags":[]},{"ancestorTitles":["SFXGenerator","init() 前の安全性"],"fullName":"SFXGenerator init() 前の安全性 init() 前は createOscillator が呼ばれないこと","status":"passed","title":"init() 前は createOscillator が呼ばれないこと","duration":0.9210310000000845,"failureMessages":[],"meta":{},"tags":[]},{"ancestorTitles":["SFXGenerator","全 SFX タイプの再生"],"fullName":"SFXGenerator 全 SFX タイプの再生 play(\"correct\") が createOscillator を呼ぶこと","status":"passed","title":"play(\"correct\") が createOscillator を呼ぶこと","duration":2.281925000000001,"failureMessages":[],"meta":{},"tags":[]},{"ancestorTitles":["SFXGenerator","全 SFX タイプの再生"],"fullName":"SFXGenerator 全 SFX タイプの再生 play(\"incorrect\") が createOscillator を呼ぶこと","status":"passed","title":"play(\"incorrect\") が createOscillator を呼ぶこと","duration":1.1331770000001598,"failureMessages":[],"meta":{},"tags":[]},{"ancestorTitles":["SFXGenerator","全 SFX タイプの再生"],"fullName":"SFXGenerator 全 SFX タイプの再生 play(\"hint\") が createOscillator を呼ぶこと","status":"passed","title":"play(\"hint\") が createOscillator を呼ぶこと","duration":1.016840000000002,"failureMessages":[],"meta":{},"tags":[]},{"ancestorTitles":["SFXGenerator","全 SFX タイプの再生"],"fullName":"SFXGenerator 全 SFX タイプの再生 play(\"levelClear\") が createOscillator を呼ぶこと","status":"passed","title":"play(\"levelClear\") が createOscillator を呼ぶこと","duration":1.341957999999977,"failureMessages":[],"meta":{},"tags":[]},{"ancestorTitles":["SFXGenerator","全 SFX タイプの再生"],"fullName":"SFXGenerator 全 SFX タイプの再生 play(\"allClear\") が createOscillator を呼ぶこと","status":"passed","title":"play(\"allClear\") が createOscillator を呼ぶこと","duration":1.3339930000001914,"failureMessages":[],"meta":{},"tags":[]},{"ancestorTitles":["SFXGenerator","全 SFX タイプの再生"],"fullName":"SFXGenerator 全 SFX タイプの再生 play(\"buttonTap\") が createOscillator を呼ぶこと","status":"passed","title":"play(\"buttonTap\") が createOscillator を呼ぶこと","duration":0.9821449999999459,"failureMessages":[],"meta":{},"tags":[]},{"ancestorTitles":["SFXGenerator","全 SFX タイプの再生"],"fullName":"SFXGenerator 全 SFX タイプの再生 play(\"tick\") が createOscillator を呼ぶこと","status":"passed","title":"play(\"tick\") が createOscillator を呼ぶこと","duration":0.9798809999999776,"failureMessages":[],"meta":{},"tags":[]},{"ancestorTitles":["SFXGenerator","全 SFX タイプの再生"],"fullName":"SFXGenerator 全 SFX タイプの再生 play(\"clockSet\") が createOscillator を呼ぶこと","status":"passed","title":"play(\"clockSet\") が createOscillator を呼ぶこと","duration":0.9875359999998636,"failureMessages":[],"meta":{},"tags":[]},{"ancestorTitles":["SFXGenerator","playNote 検証（buttonTap / tick 経由）"],"fullName":"SFXGenerator playNote 検証（buttonTap / tick 経由） buttonTap で createOscillator が 1 回呼ばれること","status":"passed","title":"buttonTap で createOscillator が 1 回呼ばれること","duration":0.7384710000001178,"failureMessages":[],"meta":{},"tags":[]},{"ancestorTitles":["SFXGenerator","playNote 検証（buttonTap / tick 経由）"],"fullName":"SFXGenerator playNote 検証（buttonTap / tick 経由） tick で createOscillator が 1 回呼ばれること","status":"passed","title":"tick で createOscillator が 1 回呼ばれること","duration":0.8213749999999891,"failureMessages":[],"meta":{},"tags":[]},{"ancestorTitles":["SFXGenerator","playNote 検証（buttonTap / tick 経由）"],"fullName":"SFXGenerator playNote 検証（buttonTap / tick 経由） buttonTap でオシレーターの start と stop が呼ばれること","status":"passed","title":"buttonTap でオシレーターの start と stop が呼ばれること","duration":0.8588650000001508,"failureMessages":[],"meta":{},"tags":[]},{"ancestorTitles":["SFXGenerator","playNote 検証（buttonTap / tick 経由）"],"fullName":"SFXGenerator playNote 検証（buttonTap / tick 経由） buttonTap で gain の setValueAtTime と exponentialRampToValueAtTime が呼ばれること","status":"passed","title":"buttonTap で gain の setValueAtTime と exponentialRampToValueAtTime が呼ばれること","duration":0.818520000000035,"failureMessages":[],"meta":{},"tags":[]},{"ancestorTitles":["SFXGenerator","playFanfare 検証（correct / levelClear / allClear 経由）"],"fullName":"SFXGenerator playFanfare 検証（correct / levelClear / allClear 経由） correct で setTimeout 経由で 3 ノート再生されること","status":"passed","title":"correct で setTimeout 経由で 3 ノート再生されること","duration":1.1195419999999103,"failureMessages":[],"meta":{},"tags":[]},{"ancestorTitles":["SFXGenerator","playFanfare 検証（correct / levelClear / allClear 経由）"],"fullName":"SFXGenerator playFanfare 検証（correct / levelClear / allClear 経由） levelClear で setTimeout 経由で 4 ノート再生されること","status":"passed","title":"levelClear で setTimeout 経由で 4 ノート再生されること","duration":0.9982350000000224,"failureMessages":[],"meta":{},"tags":[]},{"ancestorTitles":["SFXGenerator","playFanfare 検証（correct / levelClear / allClear 経由）"],"fullName":"SFXGenerator playFanfare 検証（correct / levelClear / allClear 経由） allClear で setTimeout 経由で 6 ノート再生されること","status":"passed","title":"allClear で setTimeout 経由で 6 ノート再生されること","duration":1.1464519999999538,"failureMessages":[],"meta":{},"tags":[]},{"ancestorTitles":["SFXGenerator","playFanfare 検証（correct / levelClear / allClear 経由）"],"fullName":"SFXGenerator playFanfare 検証（correct / levelClear / allClear 経由） correct の最初のノートは delay=0 で再生されること","status":"passed","title":"correct の最初のノートは delay=0 で再生されること","duration":0.7164589999999862,"failureMessages":[],"meta":{},"tags":[]},{"ancestorTitles":["SFXGenerator","playTone 検証（incorrect / hint 経由）"],"fullName":"SFXGenerator playTone 検証（incorrect / hint 経由） incorrect で setTimeout 経由で 2 ノート再生されること","status":"passed","title":"incorrect で setTimeout 経由で 2 ノート再生されること","duration":0.9058129999998528,"failureMessages":[],"meta":{},"tags":[]},{"ancestorTitles":["SFXGenerator","playTone 検証（incorrect / hint 経由）"],"fullName":"SFXGenerator playTone 検証（incorrect / hint 経由） hint で setTimeout 経由で 2 ノート再生されること","status":"passed","title":"hint で setTimeout 経由で 2 ノート再生されること","duration":0.7979009999999107,"failureMessages":[],"meta":{},"tags":[]},{"ancestorTitles":["SFXGenerator","playTone 検証（incorrect / hint 経由）"],"fullName":"SFXGenerator playTone 検証（incorrect / hint 経由） incorrect の最初のノートは delay=0 で再生されること","status":"passed","title":"incorrect の最初のノートは delay=0 で再生されること","duration":0.7358649999998761,"failureMessages":[],"meta":{},"tags":[]},{"ancestorTitles":["SFXGenerator","playChord 検証（clockSet 経由）"],"fullName":"SFXGenerator playChord 検証（clockSet 経由） clockSet で 3 つの音が同時に再生されること","status":"passed","title":"clockSet で 3 つの音が同時に再生されること","duration":0.7763809999999012,"failureMessages":[],"meta":{},"tags":[]},{"ancestorTitles":["SFXGenerator","playChord 検証（clockSet 経由）"],"fullName":"SFXGenerator playChord 検証（clockSet 経由） clockSet で各オシレーターが connect → start → stop されること","status":"passed","title":"clockSet で各オシレーターが connect → start → stop されること","duration":2.121845000000121,"failureMessages":[],"meta":{},"tags":[]}],"startTime":1777709795435,"endTime":1777709795473.1218,"status":"passed","message":"","name":"/home/runner/work/watch-game/watch-game/tests/game/audio/SFXGenerator.test.ts"},{"assertionResults":[{"ancestorTitles":["LevelConfig"],"fullName":"LevelConfig should have 4 levels","status":"passed","title":"should have 4 levels","duration":2.768293999999969,"failureMessages":[],"meta":{},"tags":[]},{"ancestorTitles":["LevelConfig"],"fullName":"LevelConfig each level should have valid properties","status":"passed","title":"each level should have valid properties","duration":1.966045000000122,"failureMessages":[],"meta":{},"tags":[]},{"ancestorTitles":["LevelConfig"],"fullName":"LevelConfig getLevelDef should return correct level","status":"passed","title":"getLevelDef should return correct level","duration":0.3382819999999356,"failureMessages":[],"meta":{},"tags":[]},{"ancestorTitles":["LevelConfig"],"fullName":"LevelConfig getLevelDef should fallback for invalid level","status":"passed","title":"getLevelDef should fallback for invalid level","duration":0.2527319999999236,"failureMessages":[],"meta":{},"tags":[]},{"ancestorTitles":["DailySchedule"],"fullName":"DailySchedule should have 8 events","status":"passed","title":"should have 8 events","duration":0.38238400000000183,"failureMessages":[],"meta":{},"tags":[]},{"ancestorTitles":["DailySchedule"],"fullName":"DailySchedule each event should have valid time","status":"passed","title":"each event should have valid time","duration":2.389517000000069,"failureMessages":[],"meta":{},"tags":[]}],"startTime":1777709806949,"endTime":1777709806958.3894,"status":"passed","message":"","name":"/home/runner/work/watch-game/watch-game/tests/game/config/Config.test.ts"},{"assertionResults":[{"ancestorTitles":["CorrectEffect"],"fullName":"CorrectEffect dispose() で geometry と material が解放されること","status":"passed","title":"dispose() で geometry と material が解放されること","duration":4.189869000000044,"failureMessages":[],"meta":{},"tags":[]},{"ancestorTitles":["CorrectEffect"],"fullName":"CorrectEffect dispose() 後に update() を呼んでもエラーにならないこと","status":"passed","title":"dispose() 後に update() を呼んでもエラーにならないこと","duration":1.6964509999997972,"failureMessages":[],"meta":{},"tags":[]},{"ancestorTitles":["CorrectEffect"],"fullName":"CorrectEffect dispose() を2回呼んでもエラーにならないこと（冪等性）","status":"passed","title":"dispose() を2回呼んでもエラーにならないこと（冪等性）","duration":0.7771519999998873,"failureMessages":[],"meta":{},"tags":[]},{"ancestorTitles":["CorrectEffect"],"fullName":"CorrectEffect trigger() 前に dispose() を呼んでもエラーにならないこと","status":"passed","title":"trigger() 前に dispose() を呼んでもエラーにならないこと","duration":0.4011199999999917,"failureMessages":[],"meta":{},"tags":[]},{"ancestorTitles":["IncorrectEffect"],"fullName":"IncorrectEffect dispose() で geometry と material が解放されること","status":"passed","title":"dispose() で geometry と material が解放されること","duration":0.7435390000000552,"failureMessages":[],"meta":{},"tags":[]},{"ancestorTitles":["IncorrectEffect"],"fullName":"IncorrectEffect dispose() 後に update() を呼んでもエラーにならないこと","status":"passed","title":"dispose() 後に update() を呼んでもエラーにならないこと","duration":0.5793330000001333,"failureMessages":[],"meta":{},"tags":[]},{"ancestorTitles":["IncorrectEffect"],"fullName":"IncorrectEffect dispose() を2回呼んでもエラーにならないこと（冪等性）","status":"passed","title":"dispose() を2回呼んでもエラーにならないこと（冪等性）","duration":0.5913160000000062,"failureMessages":[],"meta":{},"tags":[]},{"ancestorTitles":["IncorrectEffect"],"fullName":"IncorrectEffect trigger() 前に dispose() を呼んでもエラーにならないこと","status":"passed","title":"trigger() 前に dispose() を呼んでもエラーにならないこと","duration":0.3831560000000991,"failureMessages":[],"meta":{},"tags":[]},{"ancestorTitles":["FireworkEffect"],"fullName":"FireworkEffect dispose() でロケットがシーンから除去されること","status":"passed","title":"dispose() でロケットがシーンから除去されること","duration":1.4772510000000239,"failureMessages":[],"meta":{},"tags":[]},{"ancestorTitles":["FireworkEffect"],"fullName":"FireworkEffect dispose() 後に update() を呼んでもエラーにならないこと","status":"passed","title":"dispose() 後に update() を呼んでもエラーにならないこと","duration":0.8441980000000058,"failureMessages":[],"meta":{},"tags":[]},{"ancestorTitles":["FireworkEffect"],"fullName":"FireworkEffect dispose() を2回呼んでもエラーにならないこと（冪等性）","status":"passed","title":"dispose() を2回呼んでもエラーにならないこと（冪等性）","duration":0.5776800000001003,"failureMessages":[],"meta":{},"tags":[]},{"ancestorTitles":["FireworkEffect"],"fullName":"FireworkEffect trigger() 前に dispose() を呼んでもエラーにならないこと","status":"passed","title":"trigger() 前に dispose() を呼んでもエラーにならないこと","duration":0.2917849999998907,"failureMessages":[],"meta":{},"tags":[]}],"startTime":1777709800533,"endTime":1777709800545.5776,"status":"passed","message":"","name":"/home/runner/work/watch-game/watch-game/tests/game/effects/EffectDispose.test.ts"},{"assertionResults":[{"ancestorTitles":["Clock3D"],"fullName":"Clock3D should initialize at 12:00","status":"passed","title":"should initialize at 12:00","duration":13.896117999999888,"failureMessages":[],"meta":{},"tags":[]},{"ancestorTitles":["Clock3D"],"fullName":"Clock3D should set and get time correctly","status":"passed","title":"should set and get time correctly","duration":3.51820500000008,"failureMessages":[],"meta":{},"tags":[]},{"ancestorTitles":["Clock3D"],"fullName":"Clock3D should snap minutes to step","status":"passed","title":"should snap minutes to step","duration":2.744989999999916,"failureMessages":[],"meta":{},"tags":[]},{"ancestorTitles":["Clock3D"],"fullName":"Clock3D should snap minutes to 30-min step","status":"passed","title":"should snap minutes to 30-min step","duration":2.7520630000001347,"failureMessages":[],"meta":{},"tags":[]},{"ancestorTitles":["Clock3D"],"fullName":"Clock3D should convert angles to minutes (12 oclock = 0 min)","status":"passed","title":"should convert angles to minutes (12 oclock = 0 min)","duration":3.085256000000072,"failureMessages":[],"meta":{},"tags":[]},{"ancestorTitles":["Clock3D"],"fullName":"Clock3D should convert angles to minutes (3 oclock = 15 min)","status":"passed","title":"should convert angles to minutes (3 oclock = 15 min)","duration":2.7143620000001647,"failureMessages":[],"meta":{},"tags":[]},{"ancestorTitles":["Clock3D"],"fullName":"Clock3D should convert angles to minutes (6 oclock = 30 min)","status":"passed","title":"should convert angles to minutes (6 oclock = 30 min)","duration":2.6491009999999733,"failureMessages":[],"meta":{},"tags":[]},{"ancestorTitles":["Clock3D"],"fullName":"Clock3D should have a clock face mesh","status":"passed","title":"should have a clock face mesh","duration":2.42842799999994,"failureMessages":[],"meta":{},"tags":[]},{"ancestorTitles":["Clock3D"],"fullName":"Clock3D should set hour angle to 3 oclock","status":"passed","title":"should set hour angle to 3 oclock","duration":2.1187700000000405,"failureMessages":[],"meta":{},"tags":[]},{"ancestorTitles":["Clock3D"],"fullName":"Clock3D should set hour angle to 12 oclock","status":"passed","title":"should set hour angle to 12 oclock","duration":1.886444999999867,"failureMessages":[],"meta":{},"tags":[]},{"ancestorTitles":["Clock3D"],"fullName":"Clock3D should set hour angle to 6 oclock","status":"passed","title":"should set hour angle to 6 oclock","duration":2.0574349999999413,"failureMessages":[],"meta":{},"tags":[]},{"ancestorTitles":["Clock3D"],"fullName":"Clock3D should return hand tip positions","status":"passed","title":"should return hand tip positions","duration":2.7852550000000065,"failureMessages":[],"meta":{},"tags":[]},{"ancestorTitles":["Clock3D"],"fullName":"Clock3D getHandTipPosition should reuse provided target instance","status":"passed","title":"getHandTipPosition should reuse provided target instance","duration":3.2976119999998446,"failureMessages":[],"meta":{},"tags":[]},{"ancestorTitles":["Clock3D"],"fullName":"Clock3D getHandTipPosition without target should return a new Vector3 each call","status":"passed","title":"getHandTipPosition without target should return a new Vector3 each call","duration":3.1542349999999715,"failureMessages":[],"meta":{},"tags":[]},{"ancestorTitles":["Clock3D"],"fullName":"Clock3D should increment hours when snapMinutes rounds to 60 (step=30, min=45)","status":"passed","title":"should increment hours when snapMinutes rounds to 60 (step=30, min=45)","duration":1.9983349999999973,"failureMessages":[],"meta":{},"tags":[]},{"ancestorTitles":["Clock3D"],"fullName":"Clock3D should increment hours when snapMinutes rounds to 60 (step=5, min=58)","status":"passed","title":"should increment hours when snapMinutes rounds to 60 (step=5, min=58)","duration":2.0881520000000364,"failureMessages":[],"meta":{},"tags":[]},{"ancestorTitles":["Clock3D"],"fullName":"Clock3D should wrap hours from 12 to 1 when snapMinutes rounds to 60","status":"passed","title":"should wrap hours from 12 to 1 when snapMinutes rounds to 60","duration":3.333028000000013,"failureMessages":[],"meta":{},"tags":[]},{"ancestorTitles":["Clock3D"],"fullName":"Clock3D should not change hours when snapMinutes does not reach 60 (step=30, min=14)","status":"passed","title":"should not change hours when snapMinutes does not reach 60 (step=30, min=14)","duration":1.9656930000001012,"failureMessages":[],"meta":{},"tags":[]},{"ancestorTitles":["Clock3D"],"fullName":"Clock3D should highlight and clear hand","status":"passed","title":"should highlight and clear hand","duration":2.074816999999939,"failureMessages":[],"meta":{},"tags":[]},{"ancestorTitles":["Clock3D","tick geometry and material sharing"],"fullName":"Clock3D tick geometry and material sharing should share geometry among same type ticks (major/minor)","status":"passed","title":"should share geometry among same type ticks (major/minor)","duration":9.290140999999949,"failureMessages":[],"meta":{},"tags":[]},{"ancestorTitles":["Clock3D","dispose"],"fullName":"Clock3D dispose should not throw when called","status":"passed","title":"should not throw when called","duration":3.450147999999899,"failureMessages":[],"meta":{},"tags":[]},{"ancestorTitles":["Clock3D","dispose"],"fullName":"Clock3D dispose should remove all children from group","status":"passed","title":"should remove all children from group","duration":2.123268000000053,"failureMessages":[],"meta":{},"tags":[]},{"ancestorTitles":["Clock3D","dispose"],"fullName":"Clock3D dispose should not throw when called twice (idempotent)","status":"passed","title":"should not throw when called twice (idempotent)","duration":3.6465250000001106,"failureMessages":[],"meta":{},"tags":[]},{"ancestorTitles":["Clock3D","dispose"],"fullName":"Clock3D dispose should dispose unique geometries and materials once","status":"passed","title":"should dispose unique geometries and materials once","duration":3.859365999999909,"failureMessages":[],"meta":{},"tags":[]},{"ancestorTitles":["Clock3D","dispose"],"fullName":"Clock3D dispose should dispose unique textures on materials","status":"passed","title":"should dispose unique textures on materials","duration":2.2386629999998604,"failureMessages":[],"meta":{},"tags":[]},{"ancestorTitles":["Clock3D","shared numbers texture"],"fullName":"Clock3D shared numbers texture should reuse same texture across instances","status":"passed","title":"should reuse same texture across instances","duration":1.7538569999999254,"failureMessages":[],"meta":{},"tags":[]},{"ancestorTitles":["Clock3D","shared numbers texture"],"fullName":"Clock3D shared numbers texture should call shared texture.dispose only once when disposing multiple instances","status":"passed","title":"should call shared texture.dispose only once when disposing multiple instances","duration":2.4142320000000836,"failureMessages":[],"meta":{},"tags":[]}],"startTime":1777709793176,"endTime":1777709793266.4143,"status":"passed","message":"","name":"/home/runner/work/watch-game/watch-game/tests/game/entities/Clock3D.test.ts"},{"assertionResults":[{"ancestorTitles":["Clock disposal on scene exit"],"fullName":"Clock disposal on scene exit TitleScene should dispose Clock3D on exit and remove clock elements from scene","status":"passed","title":"TitleScene should dispose Clock3D on exit and remove clock elements from scene","duration":167.6212989999999,"failureMessages":[],"meta":{},"tags":[]}],"startTime":1777709804872,"endTime":1777709805039.6213,"status":"passed","message":"","name":"/home/runner/work/watch-game/watch-game/tests/game/scenes/ClockDisposal.test.ts"},{"assertionResults":[{"ancestorTitles":["DailyPlayScene"],"fullName":"DailyPlayScene exit() 後に setTimeout コールバックが requestTransition を呼ばないこと","status":"passed","title":"exit() 後に setTimeout コールバックが requestTransition を呼ばないこと","duration":289.07487100000003,"failureMessages":[],"meta":{},"tags":[]},{"ancestorTitles":["DailyPlayScene"],"fullName":"DailyPlayScene handleConfirm() 後にボタンが視覚的に無効化されること","status":"passed","title":"handleConfirm() 後にボタンが視覚的に無効化されること","duration":47.290344000000005,"failureMessages":[],"meta":{},"tags":[]},{"ancestorTitles":["DailyPlayScene"],"fullName":"DailyPlayScene 次のイベント表示後にボタンが再度有効化されること","status":"passed","title":"次のイベント表示後にボタンが再度有効化されること","duration":61.656680999999935,"failureMessages":[],"meta":{},"tags":[]},{"ancestorTitles":["DailyPlayScene"],"fullName":"DailyPlayScene enter() で pendingTimers が初期化されること（再入時の防御）","status":"passed","title":"enter() で pendingTimers が初期化されること（再入時の防御）","duration":68.7292379999999,"failureMessages":[],"meta":{},"tags":[]},{"ancestorTitles":["DailyPlayScene"],"fullName":"DailyPlayScene 不正解時に CurrentTimeDisplay が正解の時刻に更新されること","status":"passed","title":"不正解時に CurrentTimeDisplay が正解の時刻に更新されること","duration":55.17852700000003,"failureMessages":[],"meta":{},"tags":[]},{"ancestorTitles":["DailyPlayScene"],"fullName":"DailyPlayScene enter() で CurrentTimeDisplay に初期時刻 12:00 が表示されること","status":"passed","title":"enter() で CurrentTimeDisplay に初期時刻 12:00 が表示されること","duration":31.770721999999978,"failureMessages":[],"meta":{},"tags":[]},{"ancestorTitles":["DailyPlayScene"],"fullName":"DailyPlayScene exit() で CurrentTimeDisplay が unmount されること","status":"passed","title":"exit() で CurrentTimeDisplay が unmount されること","duration":29.384530999999924,"failureMessages":[],"meta":{},"tags":[]},{"ancestorTitles":["DailyPlayScene"],"fullName":"DailyPlayScene exit() で controller.dispose -> clock.dispose の順序で呼ばれること","status":"passed","title":"exit() で controller.dispose -> clock.dispose の順序で呼ばれること","duration":27.197105000000192,"failureMessages":[],"meta":{},"tags":[]}],"startTime":1777709798475,"endTime":1777709799086.197,"status":"passed","message":"","name":"/home/runner/work/watch-game/watch-game/tests/game/scenes/DailyPlayScene.test.ts"},{"assertionResults":[{"ancestorTitles":["LevelSelectScene","星評価表示（ベストスコアベース）"],"fullName":"LevelSelectScene 星評価表示（ベストスコアベース） 未プレイのレベルは ☆☆☆ を表示する","status":"passed","title":"未プレイのレベルは ☆☆☆ を表示する","duration":148.37231199999997,"failureMessages":[],"meta":{},"tags":[]},{"ancestorTitles":["LevelSelectScene","星評価表示（ベストスコアベース）"],"fullName":"LevelSelectScene 星評価表示（ベストスコアベース） ratio < 0.6 のとき ☆☆☆ を表示する","status":"passed","title":"ratio < 0.6 のとき ☆☆☆ を表示する","duration":16.408050000000003,"failureMessages":[],"meta":{},"tags":[]},{"ancestorTitles":["LevelSelectScene","星評価表示（ベストスコアベース）"],"fullName":"LevelSelectScene 星評価表示（ベストスコアベース） ratio >= 0.6 のとき ★☆☆ を表示する","status":"passed","title":"ratio >= 0.6 のとき ★☆☆ を表示する","duration":16.258536999999933,"failureMessages":[],"meta":{},"tags":[]},{"ancestorTitles":["LevelSelectScene","星評価表示（ベストスコアベース）"],"fullName":"LevelSelectScene 星評価表示（ベストスコアベース） ratio >= 0.8 のとき ★★☆ を表示する","status":"passed","title":"ratio >= 0.8 のとき ★★☆ を表示する","duration":16.25974599999995,"failureMessages":[],"meta":{},"tags":[]},{"ancestorTitles":["LevelSelectScene","星評価表示（ベストスコアベース）"],"fullName":"LevelSelectScene 星評価表示（ベストスコアベース） ratio === 1.0 のとき ★★★ を表示する","status":"passed","title":"ratio === 1.0 のとき ★★★ を表示する","duration":13.050477999999885,"failureMessages":[],"meta":{},"tags":[]},{"ancestorTitles":["LevelSelectScene","星評価表示（ベストスコアベース）"],"fullName":"LevelSelectScene 星評価表示（ベストスコアベース） 未プレイ（☆☆☆）はグレー(#BDC3C7)で表示される","status":"passed","title":"未プレイ（☆☆☆）はグレー(#BDC3C7)で表示される","duration":13.982009000000062,"failureMessages":[],"meta":{},"tags":[]},{"ancestorTitles":["LevelSelectScene","星評価表示（ベストスコアベース）"],"fullName":"LevelSelectScene 星評価表示（ベストスコアベース） ★ありはゴールド(#F39C12)で表示される","status":"passed","title":"★ありはゴールド(#F39C12)で表示される","duration":18.220321999999896,"failureMessages":[],"meta":{},"tags":[]},{"ancestorTitles":["LevelSelectScene","星評価表示（ベストスコアベース）"],"fullName":"LevelSelectScene 星評価表示（ベストスコアベース） setTime モードでも正しいキーでスコアを参照する","status":"passed","title":"setTime モードでも正しいキーでスコアを参照する","duration":19.264560999999958,"failureMessages":[],"meta":{},"tags":[]},{"ancestorTitles":["LevelSelectScene","ベストスコア・トロフィー表示"],"fullName":"LevelSelectScene ベストスコア・トロフィー表示 ベストスコアがある場合「🎯 3/5」のように表示される","status":"passed","title":"ベストスコアがある場合「🎯 3/5」のように表示される","duration":15.84864400000015,"failureMessages":[],"meta":{},"tags":[]},{"ancestorTitles":["LevelSelectScene","ベストスコア・トロフィー表示"],"fullName":"LevelSelectScene ベストスコア・トロフィー表示 ベストスコアがない（未プレイ）場合はスコア表示がない","status":"passed","title":"ベストスコアがない（未プレイ）場合はスコア表示がない","duration":13.300985999999966,"failureMessages":[],"meta":{},"tags":[]},{"ancestorTitles":["LevelSelectScene","ベストスコア・トロフィー表示"],"fullName":"LevelSelectScene ベストスコア・トロフィー表示 トロフィーがある場合「🏆」が表示される","status":"passed","title":"トロフィーがある場合「🏆」が表示される","duration":15.40876500000013,"failureMessages":[],"meta":{},"tags":[]},{"ancestorTitles":["LevelSelectScene","ベストスコア・トロフィー表示"],"fullName":"LevelSelectScene ベストスコア・トロフィー表示 トロフィーがない場合「🏆」は表示されない","status":"passed","title":"トロフィーがない場合「🏆」は表示されない","duration":7.958442000000105,"failureMessages":[],"meta":{},"tags":[]},{"ancestorTitles":["LevelSelectScene","ベストスコア・トロフィー表示"],"fullName":"LevelSelectScene ベストスコア・トロフィー表示 setTimeモードでも正しいキーでスコア・トロフィーを参照する","status":"passed","title":"setTimeモードでも正しいキーでスコア・トロフィーを参照する","duration":10.641937000000098,"failureMessages":[],"meta":{},"tags":[]}],"startTime":1777709794771,"endTime":1777709795097.6418,"status":"passed","message":"","name":"/home/runner/work/watch-game/watch-game/tests/game/scenes/LevelSelectScene.test.ts"},{"assertionResults":[{"ancestorTitles":["ModeSelectScene","進捗バッジ表示"],"fullName":"ModeSelectScene 進捗バッジ表示 未プレイ時は quiz カードに「★ 0/4」と表示される","status":"passed","title":"未プレイ時は quiz カードに「★ 0/4」と表示される","duration":181.5235029999999,"failureMessages":[],"meta":{},"tags":[]},{"ancestorTitles":["ModeSelectScene","進捗バッジ表示"],"fullName":"ModeSelectScene 進捗バッジ表示 quiz モードでレベル1,2をクリア済みの場合「★ 2/4」と表示される","status":"passed","title":"quiz モードでレベル1,2をクリア済みの場合「★ 2/4」と表示される","duration":32.30431999999996,"failureMessages":[],"meta":{},"tags":[]},{"ancestorTitles":["ModeSelectScene","進捗バッジ表示"],"fullName":"ModeSelectScene 進捗バッジ表示 setTime モードでレベル1をクリア済みの場合「★ 1/4」と表示される","status":"passed","title":"setTime モードでレベル1をクリア済みの場合「★ 1/4」と表示される","duration":25.971434000000045,"failureMessages":[],"meta":{},"tags":[]},{"ancestorTitles":["ModeSelectScene","進捗バッジ表示"],"fullName":"ModeSelectScene 進捗バッジ表示 daily モードが未クリアの場合チェックマークが表示されない","status":"passed","title":"daily モードが未クリアの場合チェックマークが表示されない","duration":20.656101000000035,"failureMessages":[],"meta":{},"tags":[]},{"ancestorTitles":["ModeSelectScene","進捗バッジ表示"],"fullName":"ModeSelectScene 進捗バッジ表示 daily モードがクリア済み（completedLevels.daily.length > 0）の場合「✅」が表示される","status":"passed","title":"daily モードがクリア済み（completedLevels.daily.length > 0）の場合「✅」が表示される","duration":14.917799000000059,"failureMessages":[],"meta":{},"tags":[]},{"ancestorTitles":["ModeSelectScene","進捗バッジ表示"],"fullName":"ModeSelectScene 進捗バッジ表示 全レベルクリア済みの場合、分母は LEVELS.length と一致する","status":"passed","title":"全レベルクリア済みの場合、分母は LEVELS.length と一致する","duration":18.73733399999992,"failureMessages":[],"meta":{},"tags":[]},{"ancestorTitles":["ModeSelectScene","カード操作"],"fullName":"ModeSelectScene カード操作 quiz カードをクリックすると levelSelect に遷移する","status":"passed","title":"quiz カードをクリックすると levelSelect に遷移する","duration":23.770332000000053,"failureMessages":[],"meta":{},"tags":[]},{"ancestorTitles":["ModeSelectScene","カード操作"],"fullName":"ModeSelectScene カード操作 daily カードをクリックすると dailyPlay に遷移する","status":"passed","title":"daily カードをクリックすると dailyPlay に遷移する","duration":21.740347999999813,"failureMessages":[],"meta":{},"tags":[]}],"startTime":1777709798801,"endTime":1777709799141.7402,"status":"passed","message":"","name":"/home/runner/work/watch-game/watch-game/tests/game/scenes/ModeSelectScene.test.ts"},{"assertionResults":[{"ancestorTitles":["QuizPlayScene"],"fullName":"QuizPlayScene exit() 後に setTimeout コールバックが requestTransition を呼ばないこと","status":"passed","title":"exit() 後に setTimeout コールバックが requestTransition を呼ばないこと","duration":262.6334610000001,"failureMessages":[],"meta":{},"tags":[]},{"ancestorTitles":["QuizPlayScene"],"fullName":"QuizPlayScene 質問プロンプト「なんじかな」が表示されること","status":"passed","title":"質問プロンプト「なんじかな」が表示されること","duration":31.624738999999863,"failureMessages":[],"meta":{},"tags":[]},{"ancestorTitles":["QuizPlayScene"],"fullName":"QuizPlayScene enter() で pendingTimers が初期化されること（再入時の防御）","status":"passed","title":"enter() で pendingTimers が初期化されること（再入時の防御）","duration":75.65229699999986,"failureMessages":[],"meta":{},"tags":[]},{"ancestorTitles":["QuizPlayScene","ヒントタイマー"],"fullName":"QuizPlayScene ヒントタイマー 8秒後にヒントSFXが再生されること","status":"passed","title":"8秒後にヒントSFXが再生されること","duration":18.875313000000006,"failureMessages":[],"meta":{},"tags":[]},{"ancestorTitles":["QuizPlayScene","ヒントタイマー"],"fullName":"QuizPlayScene ヒントタイマー 8秒後にボタンが2つ薄くなること（2択になる）","status":"passed","title":"8秒後にボタンが2つ薄くなること（2択になる）","duration":26.430601999999908,"failureMessages":[],"meta":{},"tags":[]},{"ancestorTitles":["QuizPlayScene","ヒントタイマー"],"fullName":"QuizPlayScene ヒントタイマー 回答するとヒントタイマーがクリアされること","status":"passed","title":"回答するとヒントタイマーがクリアされること","duration":46.265374000000065,"failureMessages":[],"meta":{},"tags":[]},{"ancestorTitles":["QuizPlayScene","ヒントタイマー"],"fullName":"QuizPlayScene ヒントタイマー ヒントは1問につき1回のみ発動すること","status":"passed","title":"ヒントは1問につき1回のみ発動すること","duration":24.681223000000045,"failureMessages":[],"meta":{},"tags":[]},{"ancestorTitles":["QuizPlayScene","ヒントタイマー"],"fullName":"QuizPlayScene ヒントタイマー exit()でヒントタイマーがクリアされること","status":"passed","title":"exit()でヒントタイマーがクリアされること","duration":20.586986999999908,"failureMessages":[],"meta":{},"tags":[]},{"ancestorTitles":["QuizPlayScene","ヒントタイマー"],"fullName":"QuizPlayScene ヒントタイマー 💡 ヒント！通知が表示されること","status":"passed","title":"💡 ヒント！通知が表示されること","duration":26.709568999999874,"failureMessages":[],"meta":{},"tags":[]},{"ancestorTitles":["QuizPlayScene"],"fullName":"QuizPlayScene enter→exit→enter が可能で dispose が呼ばれること","status":"passed","title":"enter→exit→enter が可能で dispose が呼ばれること","duration":35.831194000000096,"failureMessages":[],"meta":{},"tags":[]}],"startTime":1777709796506,"endTime":1777709797075.8313,"status":"passed","message":"","name":"/home/runner/work/watch-game/watch-game/tests/game/scenes/QuizPlayScene.test.ts"},{"assertionResults":[{"ancestorTitles":["ResultScene","進捗保存"],"fullName":"ResultScene 進捗保存 ratio >= 0.6 かつ quiz モードで completedLevel が保存される","status":"passed","title":"ratio >= 0.6 かつ quiz モードで completedLevel が保存される","duration":140.71921500000008,"failureMessages":[],"meta":{},"tags":[]},{"ancestorTitles":["ResultScene","進捗保存"],"fullName":"ResultScene 進捗保存 ratio >= 0.6 かつ setTime モードで completedLevel が保存される","status":"passed","title":"ratio >= 0.6 かつ setTime モードで completedLevel が保存される","duration":23.01649199999997,"failureMessages":[],"meta":{},"tags":[]},{"ancestorTitles":["ResultScene","進捗保存"],"fullName":"ResultScene 進捗保存 ratio < 0.6 かつ quiz モードで completedLevel が保存されない","status":"passed","title":"ratio < 0.6 かつ quiz モードで completedLevel が保存されない","duration":10.09449399999994,"failureMessages":[],"meta":{},"tags":[]},{"ancestorTitles":["ResultScene","進捗保存"],"fullName":"ResultScene 進捗保存 ratio >= 0.6 かつ daily モードで daily の completedLevel が保存される","status":"passed","title":"ratio >= 0.6 かつ daily モードで daily の completedLevel が保存される","duration":12.977588999999853,"failureMessages":[],"meta":{},"tags":[]},{"ancestorTitles":["ResultScene","進捗保存"],"fullName":"ResultScene 進捗保存 ratio < 0.6 かつ daily モードで completedLevel が保存されない","status":"passed","title":"ratio < 0.6 かつ daily モードで completedLevel が保存されない","duration":9.061242999999877,"failureMessages":[],"meta":{},"tags":[]},{"ancestorTitles":["ResultScene","進捗保存"],"fullName":"ResultScene 進捗保存 daily モードでは quiz/setTime の completedLevel には追加されない","status":"passed","title":"daily モードでは quiz/setTime の completedLevel には追加されない","duration":12.872164999999995,"failureMessages":[],"meta":{},"tags":[]},{"ancestorTitles":["ResultScene","ベストスコアと統計"],"fullName":"ResultScene ベストスコアと統計 ratio 100% で bestScore と stats が更新される","status":"passed","title":"ratio 100% で bestScore と stats が更新される","duration":13.371819000000187,"failureMessages":[],"meta":{},"tags":[]},{"ancestorTitles":["ResultScene","ベストスコアと統計"],"fullName":"ResultScene ベストスコアと統計 ratio 40% でも bestScore と stats が更新される","status":"passed","title":"ratio 40% でも bestScore と stats が更新される","duration":5.485802000000149,"failureMessages":[],"meta":{},"tags":[]},{"ancestorTitles":["ResultScene","ベストスコアと統計"],"fullName":"ResultScene ベストスコアと統計 複数回プレイで totalPlays が加算される","status":"passed","title":"複数回プレイで totalPlays が加算される","duration":13.080314000000044,"failureMessages":[],"meta":{},"tags":[]},{"ancestorTitles":["ResultScene","トロフィー"],"fullName":"ResultScene トロフィー ratio === 1 でパーフェクトトロフィーが付与される","status":"passed","title":"ratio === 1 でパーフェクトトロフィーが付与される","duration":10.113749999999982,"failureMessages":[],"meta":{},"tags":[]},{"ancestorTitles":["ResultScene","トロフィー"],"fullName":"ResultScene トロフィー ratio < 1 ではトロフィーが付与されない","status":"passed","title":"ratio < 1 ではトロフィーが付与されない","duration":10.810210999999981,"failureMessages":[],"meta":{},"tags":[]},{"ancestorTitles":["ResultScene","BGM と SFX"],"fullName":"ResultScene BGM と SFX enter() で result BGM が開始される","status":"passed","title":"enter() で result BGM が開始される","duration":9.844837999999982,"failureMessages":[],"meta":{},"tags":[]},{"ancestorTitles":["ResultScene","BGM と SFX"],"fullName":"ResultScene BGM と SFX ratio === 1 で allClear SFX が再生される","status":"passed","title":"ratio === 1 で allClear SFX が再生される","duration":10.882898999999952,"failureMessages":[],"meta":{},"tags":[]},{"ancestorTitles":["ResultScene","BGM と SFX"],"fullName":"ResultScene BGM と SFX ratio >= 0.6 かつ < 1 で levelClear SFX が再生される","status":"passed","title":"ratio >= 0.6 かつ < 1 で levelClear SFX が再生される","duration":13.82186999999999,"failureMessages":[],"meta":{},"tags":[]},{"ancestorTitles":["ResultScene","BGM と SFX"],"fullName":"ResultScene BGM と SFX ratio < 0.6 では SFX が再生されない","status":"passed","title":"ratio < 0.6 では SFX が再生されない","duration":8.365493000000015,"failureMessages":[],"meta":{},"tags":[]},{"ancestorTitles":["ResultScene","BGM と SFX"],"fullName":"ResultScene BGM と SFX exit() で BGM が停止される","status":"passed","title":"exit() で BGM が停止される","duration":7.896837999999889,"failureMessages":[],"meta":{},"tags":[]},{"ancestorTitles":["ResultScene","UI 表示"],"fullName":"ResultScene UI 表示 100% で星3つ ★★★ とパーフェクトメッセージが表示される","status":"passed","title":"100% で星3つ ★★★ とパーフェクトメッセージが表示される","duration":7.7594799999999395,"failureMessages":[],"meta":{},"tags":[]},{"ancestorTitles":["ResultScene","UI 表示"],"fullName":"ResultScene UI 表示 80% で星2つ ★★☆ と「とてもよくできました」が表示される","status":"passed","title":"80% で星2つ ★★☆ と「とてもよくできました」が表示される","duration":7.881867000000057,"failureMessages":[],"meta":{},"tags":[]},{"ancestorTitles":["ResultScene","UI 表示"],"fullName":"ResultScene UI 表示 60% で星1つ ★☆☆ と「よくがんばったね」が表示される","status":"passed","title":"60% で星1つ ★☆☆ と「よくがんばったね」が表示される","duration":8.497890999999981,"failureMessages":[],"meta":{},"tags":[]},{"ancestorTitles":["ResultScene","UI 表示"],"fullName":"ResultScene UI 表示 40% で星0個 ☆☆☆ と「もういちど チャレンジしよう」が表示される","status":"passed","title":"40% で星0個 ☆☆☆ と「もういちど チャレンジしよう」が表示される","duration":6.391376000000037,"failureMessages":[],"meta":{},"tags":[]},{"ancestorTitles":["ResultScene","UI 表示"],"fullName":"ResultScene UI 表示 スコア表示が「correct / total もん せいかい！」形式である","status":"passed","title":"スコア表示が「correct / total もん せいかい！」形式である","duration":7.05885000000012,"failureMessages":[],"meta":{},"tags":[]},{"ancestorTitles":["ResultScene","ボタン遷移"],"fullName":"ResultScene ボタン遷移 ratio < 0.6 で 3つのボタン（もういちど・モードせんたく・ホーム）が表示される","status":"passed","title":"ratio < 0.6 で 3つのボタン（もういちど・モードせんたく・ホーム）が表示される","duration":10.442144999999982,"failureMessages":[],"meta":{},"tags":[]},{"ancestorTitles":["ResultScene","ボタン遷移"],"fullName":"ResultScene ボタン遷移 ホームボタンで title に遷移する","status":"passed","title":"ホームボタンで title に遷移する","duration":8.49333200000001,"failureMessages":[],"meta":{},"tags":[]},{"ancestorTitles":["ResultScene","ボタン遷移"],"fullName":"ResultScene ボタン遷移 モードせんたくボタンで modeSelect に遷移する","status":"passed","title":"モードせんたくボタンで modeSelect に遷移する","duration":7.257052000000158,"failureMessages":[],"meta":{},"tags":[]},{"ancestorTitles":["ResultScene","ボタン遷移"],"fullName":"ResultScene ボタン遷移 もういちどボタンで quiz モードは quizPlay に遷移する","status":"passed","title":"もういちどボタンで quiz モードは quizPlay に遷移する","duration":6.973210999999992,"failureMessages":[],"meta":{},"tags":[]},{"ancestorTitles":["ResultScene","ボタン遷移"],"fullName":"ResultScene ボタン遷移 もういちどボタンで setTime モードは setTimePlay に遷移する","status":"passed","title":"もういちどボタンで setTime モードは setTimePlay に遷移する","duration":5.872724000000062,"failureMessages":[],"meta":{},"tags":[]},{"ancestorTitles":["ResultScene","ボタン遷移"],"fullName":"ResultScene ボタン遷移 もういちどボタンで daily モードは dailyPlay に遷移する","status":"passed","title":"もういちどボタンで daily モードは dailyPlay に遷移する","duration":4.328608999999915,"failureMessages":[],"meta":{},"tags":[]},{"ancestorTitles":["ResultScene","exit()"],"fullName":"ResultScene exit() exit() でオーバーレイが除去される","status":"passed","title":"exit() でオーバーレイが除去される","duration":8.599710999999843,"failureMessages":[],"meta":{},"tags":[]},{"ancestorTitles":["ResultScene — つぎのレベルへボタン"],"fullName":"ResultScene — つぎのレベルへボタン レベルクリア（ratio >= 0.6）かつ最終レベルでない場合にボタンが表示される","status":"passed","title":"レベルクリア（ratio >= 0.6）かつ最終レベルでない場合にボタンが表示される","duration":9.569201999999905,"failureMessages":[],"meta":{},"tags":[]},{"ancestorTitles":["ResultScene — つぎのレベルへボタン"],"fullName":"ResultScene — つぎのレベルへボタン ratio = 0.6 ちょうどでボタンが表示される（境界値）","status":"passed","title":"ratio = 0.6 ちょうどでボタンが表示される（境界値）","duration":7.051287000000002,"failureMessages":[],"meta":{},"tags":[]},{"ancestorTitles":["ResultScene — つぎのレベルへボタン"],"fullName":"ResultScene — つぎのレベルへボタン ratio = 0.59 でボタンが表示されない（境界値）","status":"passed","title":"ratio = 0.59 でボタンが表示されない（境界値）","duration":9.262048999999934,"failureMessages":[],"meta":{},"tags":[]},{"ancestorTitles":["ResultScene — つぎのレベルへボタン"],"fullName":"ResultScene — つぎのレベルへボタン 最終レベルの場合はボタンが表示されない","status":"passed","title":"最終レベルの場合はボタンが表示されない","duration":5.670365999999831,"failureMessages":[],"meta":{},"tags":[]},{"ancestorTitles":["ResultScene — つぎのレベルへボタン"],"fullName":"ResultScene — つぎのレベルへボタン mode === \"daily\" の場合はボタンが表示されない","status":"passed","title":"mode === \"daily\" の場合はボタンが表示されない","duration":4.075066000000106,"failureMessages":[],"meta":{},"tags":[]},{"ancestorTitles":["ResultScene — つぎのレベルへボタン"],"fullName":"ResultScene — つぎのレベルへボタン quiz モードでボタンクリック時に quizPlay に level+1 で遷移する","status":"passed","title":"quiz モードでボタンクリック時に quizPlay に level+1 で遷移する","duration":5.651111000000128,"failureMessages":[],"meta":{},"tags":[]},{"ancestorTitles":["ResultScene — つぎのレベルへボタン"],"fullName":"ResultScene — つぎのレベルへボタン setTime モードでボタンクリック時に setTimePlay に level+1 で遷移する","status":"passed","title":"setTime モードでボタンクリック時に setTimePlay に level+1 で遷移する","duration":5.330199999999877,"failureMessages":[],"meta":{},"tags":[]},{"ancestorTitles":["ResultScene — つぎのレベルへボタン"],"fullName":"ResultScene — つぎのレベルへボタン retryBtn の直後に配置される","status":"passed","title":"retryBtn の直後に配置される","duration":6.902769999999919,"failureMessages":[],"meta":{},"tags":[]},{"ancestorTitles":["ResultScene - トロフィー獲得通知"],"fullName":"ResultScene - トロフィー獲得通知 パーフェクト達成 + 初回トロフィー → 🏆 トロフィーゲット！が表示される","status":"passed","title":"パーフェクト達成 + 初回トロフィー → 🏆 トロフィーゲット！が表示される","duration":8.924507999999832,"failureMessages":[],"meta":{},"tags":[]},{"ancestorTitles":["ResultScene - トロフィー獲得通知"],"fullName":"ResultScene - トロフィー獲得通知 パーフェクト達成 + 既得トロフィー → トロフィーゲット！が表示されない","status":"passed","title":"パーフェクト達成 + 既得トロフィー → トロフィーゲット！が表示されない","duration":6.092644999999948,"failureMessages":[],"meta":{},"tags":[]},{"ancestorTitles":["ResultScene - トロフィー獲得通知"],"fullName":"ResultScene - トロフィー獲得通知 パーフェクト未達 → トロフィーゲット！が表示されない","status":"passed","title":"パーフェクト未達 → トロフィーゲット！が表示されない","duration":4.975748999999951,"failureMessages":[],"meta":{},"tags":[]},{"ancestorTitles":["ResultScene - トロフィー獲得通知"],"fullName":"ResultScene - トロフィー獲得通知 exit() で isNewTrophy がリセットされること","status":"passed","title":"exit() で isNewTrophy がリセットされること","duration":16.007814999999937,"failureMessages":[],"meta":{},"tags":[]}],"startTime":1777709793238,"endTime":1777709793731.0078,"status":"passed","message":"","name":"/home/runner/work/watch-game/watch-game/tests/game/scenes/ResultScene.test.ts"},{"assertionResults":[{"ancestorTitles":["SetTimePlayScene"],"fullName":"SetTimePlayScene exit() 後に setTimeout コールバックが requestTransition を呼ばないこと","status":"passed","title":"exit() 後に setTimeout コールバックが requestTransition を呼ばないこと","duration":276.0385120000001,"failureMessages":[],"meta":{},"tags":[]},{"ancestorTitles":["SetTimePlayScene"],"fullName":"SetTimePlayScene handleConfirm() 後にボタンが視覚的に無効化されること","status":"passed","title":"handleConfirm() 後にボタンが視覚的に無効化されること","duration":35.92802000000006,"failureMessages":[],"meta":{},"tags":[]},{"ancestorTitles":["SetTimePlayScene"],"fullName":"SetTimePlayScene 次の問題表示後にボタンが再度有効化されること","status":"passed","title":"次の問題表示後にボタンが再度有効化されること","duration":29.788984000000028,"failureMessages":[],"meta":{},"tags":[]},{"ancestorTitles":["SetTimePlayScene"],"fullName":"SetTimePlayScene enter() で pendingTimers が初期化されること（再入時の防御）","status":"passed","title":"enter() で pendingTimers が初期化されること（再入時の防御）","duration":35.20880699999998,"failureMessages":[],"meta":{},"tags":[]},{"ancestorTitles":["SetTimePlayScene"],"fullName":"SetTimePlayScene 不正解時に CurrentTimeDisplay が正解の時刻に更新されること","status":"passed","title":"不正解時に CurrentTimeDisplay が正解の時刻に更新されること","duration":50.56743800000004,"failureMessages":[],"meta":{},"tags":[]},{"ancestorTitles":["SetTimePlayScene"],"fullName":"SetTimePlayScene enter() で CurrentTimeDisplay に初期時刻 12:00 が表示されること","status":"passed","title":"enter() で CurrentTimeDisplay に初期時刻 12:00 が表示されること","duration":27.502489999999852,"failureMessages":[],"meta":{},"tags":[]},{"ancestorTitles":["SetTimePlayScene"],"fullName":"SetTimePlayScene exit() で CurrentTimeDisplay が unmount されること","status":"passed","title":"exit() で CurrentTimeDisplay が unmount されること","duration":14.76892799999996,"failureMessages":[],"meta":{},"tags":[]},{"ancestorTitles":["SetTimePlayScene"],"fullName":"SetTimePlayScene exit() で controller.dispose -> clock.dispose の順序で呼ばれること","status":"passed","title":"exit() で controller.dispose -> clock.dispose の順序で呼ばれること","duration":16.659302000000025,"failureMessages":[],"meta":{},"tags":[]}],"startTime":1777709796882,"endTime":1777709797368.6594,"status":"passed","message":"","name":"/home/runner/work/watch-game/watch-game/tests/game/scenes/SetTimePlayScene.test.ts"},{"assertionResults":[{"ancestorTitles":["TitleScene","BGM"],"fullName":"TitleScene BGM enter() で startBGM(\"title\") が呼ばれること","status":"passed","title":"enter() で startBGM(\"title\") が呼ばれること","duration":166.70628299999998,"failureMessages":[],"meta":{},"tags":[]},{"ancestorTitles":["TitleScene","BGM"],"fullName":"TitleScene BGM audioManager が未初期化の場合 startBGM が呼ばれないこと","status":"passed","title":"audioManager が未初期化の場合 startBGM が呼ばれないこと","duration":16.904330999999956,"failureMessages":[],"meta":{},"tags":[]},{"ancestorTitles":["TitleScene","BGM"],"fullName":"TitleScene BGM exit() で stopBGM() が呼ばれること","status":"passed","title":"exit() で stopBGM() が呼ばれること","duration":26.995147000000088,"failureMessages":[],"meta":{},"tags":[]},{"ancestorTitles":["TitleScene","時計表示"],"fullName":"TitleScene 時計表示 enter() で Clock3D の group が scene に追加されること","status":"passed","title":"enter() で Clock3D の group が scene に追加されること","duration":10.417408000000023,"failureMessages":[],"meta":{},"tags":[]},{"ancestorTitles":["TitleScene","時計表示"],"fullName":"TitleScene 時計表示 exit() で Clock3D の group が scene から除去されること","status":"passed","title":"exit() で Clock3D の group が scene から除去されること","duration":16.458527999999887,"failureMessages":[],"meta":{},"tags":[]},{"ancestorTitles":["TitleScene","時計表示"],"fullName":"TitleScene 時計表示 enter→exit→enter が可能で dispose が呼ばれること","status":"passed","title":"enter→exit→enter が可能で dispose が呼ばれること","duration":42.556779000000006,"failureMessages":[],"meta":{},"tags":[]},{"ancestorTitles":["TitleScene","背景 stars"],"fullName":"TitleScene 背景 stars enter() で stars パーティクルが scene に追加されること","status":"passed","title":"enter() で stars パーティクルが scene に追加されること","duration":19.30605800000012,"failureMessages":[],"meta":{},"tags":[]},{"ancestorTitles":["TitleScene","背景 stars"],"fullName":"TitleScene 背景 stars exit() で stars の geometry/material が dispose されること","status":"passed","title":"exit() で stars の geometry/material が dispose されること","duration":18.327579999999898,"failureMessages":[],"meta":{},"tags":[]},{"ancestorTitles":["TitleScene","ボタン操作"],"fullName":"TitleScene ボタン操作 「あそぶ」ボタンクリックで modeSelect に遷移すること","status":"passed","title":"「あそぶ」ボタンクリックで modeSelect に遷移すること","duration":32.062496999999894,"failureMessages":[],"meta":{},"tags":[]},{"ancestorTitles":["TitleScene","ボタン操作"],"fullName":"TitleScene ボタン操作 「トロフィー」ボタンクリックで trophy に遷移すること","status":"passed","title":"「トロフィー」ボタンクリックで trophy に遷移すること","duration":10.708039999999983,"failureMessages":[],"meta":{},"tags":[]},{"ancestorTitles":["TitleScene","ボタン操作"],"fullName":"TitleScene ボタン操作 ボタンクリック時に未初期化なら audioManager.init() が呼ばれること","status":"passed","title":"ボタンクリック時に未初期化なら audioManager.init() が呼ばれること","duration":11.339649999999892,"failureMessages":[],"meta":{},"tags":[]},{"ancestorTitles":["TitleScene","ボタン操作"],"fullName":"TitleScene ボタン操作 ボタンクリック時に初期化済みなら audioManager.init() が呼ばれないこと","status":"passed","title":"ボタンクリック時に初期化済みなら audioManager.init() が呼ばれないこと","duration":10.99274400000013,"failureMessages":[],"meta":{},"tags":[]},{"ancestorTitles":["TitleScene","ボタン操作"],"fullName":"TitleScene ボタン操作 ボタンクリックで buttonTap SFX が再生されること","status":"passed","title":"ボタンクリックで buttonTap SFX が再生されること","duration":9.778392999999824,"failureMessages":[],"meta":{},"tags":[]},{"ancestorTitles":["TitleScene","exit()"],"fullName":"TitleScene exit() exit() でオーバーレイ DOM が除去されること","status":"passed","title":"exit() でオーバーレイ DOM が除去されること","duration":14.538839000000053,"failureMessages":[],"meta":{},"tags":[]}],"startTime":1777709796510,"endTime":1777709796918.5388,"status":"passed","message":"","name":"/home/runner/work/watch-game/watch-game/tests/game/scenes/TitleScene.test.ts"},{"assertionResults":[{"ancestorTitles":["TrophyScene","BGM"],"fullName":"TrophyScene BGM enter() で startBGM(\"title\") が呼ばれること","status":"passed","title":"enter() で startBGM(\"title\") が呼ばれること","duration":122.68686200000002,"failureMessages":[],"meta":{},"tags":[]},{"ancestorTitles":["TrophyScene","BGM"],"fullName":"TrophyScene BGM audioManager が未初期化の場合 startBGM が呼ばれないこと","status":"passed","title":"audioManager が未初期化の場合 startBGM が呼ばれないこと","duration":41.350073000000066,"failureMessages":[],"meta":{},"tags":[]},{"ancestorTitles":["TrophyScene","BGM"],"fullName":"TrophyScene BGM exit() で stopBGM() が呼ばれること","status":"passed","title":"exit() で stopBGM() が呼ばれること","duration":22.831697000000077,"failureMessages":[],"meta":{},"tags":[]},{"ancestorTitles":["TrophyScene","トロフィー表示"],"fullName":"TrophyScene トロフィー表示 獲得済みトロフィーが正しい emoji・ラベルで表示されること","status":"passed","title":"獲得済みトロフィーが正しい emoji・ラベルで表示されること","duration":72.44940899999983,"failureMessages":[],"meta":{},"tags":[]},{"ancestorTitles":["TrophyScene","トロフィー表示"],"fullName":"TrophyScene トロフィー表示 未獲得トロフィーが ❓ / ??? で表示されること","status":"passed","title":"未獲得トロフィーが ❓ / ??? で表示されること","duration":24.66924300000005,"failureMessages":[],"meta":{},"tags":[]},{"ancestorTitles":["TrophyScene","トロフィー表示"],"fullName":"TrophyScene トロフィー表示 トロフィー数が「earned / 9」形式で表示されること","status":"passed","title":"トロフィー数が「earned / 9」形式で表示されること","duration":17.759979000000158,"failureMessages":[],"meta":{},"tags":[]},{"ancestorTitles":["TrophyScene","統計表示"],"fullName":"TrophyScene 統計表示 totalPlays と totalCorrect が表示されること","status":"passed","title":"totalPlays と totalCorrect が表示されること","duration":17.164935000000014,"failureMessages":[],"meta":{},"tags":[]},{"ancestorTitles":["TrophyScene","戻るボタン"],"fullName":"TrophyScene 戻るボタン 戻るボタンクリックで title に遷移すること","status":"passed","title":"戻るボタンクリックで title に遷移すること","duration":30.40315600000008,"failureMessages":[],"meta":{},"tags":[]},{"ancestorTitles":["TrophyScene","戻るボタン"],"fullName":"TrophyScene 戻るボタン 戻るボタンクリックで buttonTap SFX が再生されること","status":"passed","title":"戻るボタンクリックで buttonTap SFX が再生されること","duration":39.55280499999981,"failureMessages":[],"meta":{},"tags":[]},{"ancestorTitles":["TrophyScene","exit()"],"fullName":"TrophyScene exit() exit() でオーバーレイ DOM が除去されること","status":"passed","title":"exit() でオーバーレイ DOM が除去されること","duration":36.58818199999996,"failureMessages":[],"meta":{},"tags":[]}],"startTime":1777709800507,"endTime":1777709800932.5881,"status":"passed","message":"","name":"/home/runner/work/watch-game/watch-game/tests/game/scenes/TrophyScene.test.ts"},{"assertionResults":[{"ancestorTitles":["SaveManager"],"fullName":"SaveManager should return default data when no save exists","status":"passed","title":"should return default data when no save exists","duration":4.500109000000066,"failureMessages":[],"meta":{},"tags":[]},{"ancestorTitles":["SaveManager"],"fullName":"SaveManager should save and load data","status":"passed","title":"should save and load data","duration":0.9335250000001452,"failureMessages":[],"meta":{},"tags":[]},{"ancestorTitles":["SaveManager"],"fullName":"SaveManager should add completed level without duplicates","status":"passed","title":"should add completed level without duplicates","duration":0.8486250000000837,"failureMessages":[],"meta":{},"tags":[]},{"ancestorTitles":["SaveManager"],"fullName":"SaveManager should add trophies without duplicates","status":"passed","title":"should add trophies without duplicates","duration":0.6064139999998588,"failureMessages":[],"meta":{},"tags":[]},{"ancestorTitles":["SaveManager"],"fullName":"SaveManager should sanitize trophies array elements when loading","status":"passed","title":"should sanitize trophies array elements when loading","duration":0.730495000000019,"failureMessages":[],"meta":{},"tags":[]},{"ancestorTitles":["SaveManager"],"fullName":"SaveManager should update best score only if higher","status":"passed","title":"should update best score only if higher","duration":0.6572980000000825,"failureMessages":[],"meta":{},"tags":[]},{"ancestorTitles":["SaveManager"],"fullName":"SaveManager should increment stats","status":"passed","title":"should increment stats","duration":0.5641239999999925,"failureMessages":[],"meta":{},"tags":[]},{"ancestorTitles":["SaveManager"],"fullName":"SaveManager should clear data","status":"passed","title":"should clear data","duration":0.44852799999989656,"failureMessages":[],"meta":{},"tags":[]},{"ancestorTitles":["SaveManager"],"fullName":"SaveManager should handle corrupted data gracefully (non-json)","status":"passed","title":"should handle corrupted data gracefully (non-json)","duration":0.4665620000000672,"failureMessages":[],"meta":{},"tags":[]},{"ancestorTitles":["SaveManager"],"fullName":"SaveManager should fallback to default for structurally corrupted data and allow recovery","status":"passed","title":"should fallback to default for structurally corrupted data and allow recovery","duration":3.9576959999999417,"failureMessages":[],"meta":{},"tags":[]}],"startTime":1777709801250,"endTime":1777709801263.9578,"status":"passed","message":"","name":"/home/runner/work/watch-game/watch-game/tests/game/storage/SaveManager.test.ts"},{"assertionResults":[{"ancestorTitles":["ClockController","イベントリスナー管理"],"fullName":"ClockController イベントリスナー管理 setEnabled(true) で canvas に4種のイベントリスナーが登録されること","status":"passed","title":"setEnabled(true) で canvas に4種のイベントリスナーが登録されること","duration":1889.8205080000002,"failureMessages":[],"meta":{},"tags":[]},{"ancestorTitles":["ClockController","イベントリスナー管理"],"fullName":"ClockController イベントリスナー管理 setEnabled(false) で全リスナーが解除されること","status":"passed","title":"setEnabled(false) で全リスナーが解除されること","duration":4.753672999999708,"failureMessages":[],"meta":{},"tags":[]},{"ancestorTitles":["ClockController","イベントリスナー管理"],"fullName":"ClockController イベントリスナー管理 setEnabled(true) を2回呼んでもリスナーが二重登録されないこと","status":"passed","title":"setEnabled(true) を2回呼んでもリスナーが二重登録されないこと","duration":3.9137140000002546,"failureMessages":[],"meta":{},"tags":[]},{"ancestorTitles":["ClockController","イベントリスナー管理"],"fullName":"ClockController イベントリスナー管理 dispose() 後にリスナーが解除されること","status":"passed","title":"dispose() 後にリスナーが解除されること","duration":3.132803999999851,"failureMessages":[],"meta":{},"tags":[]},{"ancestorTitles":["ClockController","イベントリスナー管理"],"fullName":"ClockController イベントリスナー管理 pointerdown で setPointerCapture が呼ばれ、setEnabled(false) ／ dispose() で releasePointerCapture が呼ばれること","status":"passed","title":"pointerdown で setPointerCapture が呼ばれ、setEnabled(false) ／ dispose() で releasePointerCapture が呼ばれること","duration":14.750404999999773,"failureMessages":[],"meta":{},"tags":[]},{"ancestorTitles":["ClockController","イベントリスナー管理"],"fullName":"ClockController イベントリスナー管理 pointerdown → pointerup のフローで pointerId を使って releasePointerCapture が呼ばれること","status":"passed","title":"pointerdown → pointerup のフローで pointerId を使って releasePointerCapture が呼ばれること","duration":5.376373000000058,"failureMessages":[],"meta":{},"tags":[]},{"ancestorTitles":["ClockController","角度ジャンプ抑制"],"fullName":"ClockController 角度ジャンプ抑制 小さな角度変化（< 60°）が正常に通ること","status":"passed","title":"小さな角度変化（< 60°）が正常に通ること","duration":3.7308830000001763,"failureMessages":[],"meta":{},"tags":[]},{"ancestorTitles":["ClockController","角度ジャンプ抑制"],"fullName":"ClockController 角度ジャンプ抑制 大きな角度ジャンプ（> 60°）が棄却されること","status":"passed","title":"大きな角度ジャンプ（> 60°）が棄却されること","duration":2.962366000000202,"failureMessages":[],"meta":{},"tags":[]},{"ancestorTitles":["ClockController","角度ジャンプ抑制"],"fullName":"ClockController 角度ジャンプ抑制 π付近のラップアラウンドが正しく正規化されること","status":"passed","title":"π付近のラップアラウンドが正しく正規化されること","duration":3.181666000000405,"failureMessages":[],"meta":{},"tags":[]},{"ancestorTitles":["ClockController","ドラッグフロー統合テスト"],"fullName":"ClockController ドラッグフロー統合テスト pointerdown → pointermove → pointerup で onChange が呼ばれること","status":"passed","title":"pointerdown → pointermove → pointerup で onChange が呼ばれること","duration":3.096868000000086,"failureMessages":[],"meta":{},"tags":[]},{"ancestorTitles":["ClockController","ドラッグフロー統合テスト"],"fullName":"ClockController ドラッグフロー統合テスト enabled = false のとき dragging が開始されないこと","status":"passed","title":"enabled = false のとき dragging が開始されないこと","duration":2.6748280000001614,"failureMessages":[],"meta":{},"tags":[]},{"ancestorTitles":["ClockController","ドラッグフロー統合テスト"],"fullName":"ClockController ドラッグフロー統合テスト ドラッグ中に setEnabled(false) すると dragging 状態がリセットされること","status":"passed","title":"ドラッグ中に setEnabled(false) すると dragging 状態がリセットされること","duration":5.658617999999933,"failureMessages":[],"meta":{},"tags":[]},{"ancestorTitles":["ClockController","スナップ連携"],"fullName":"ClockController スナップ連携 setSnapStep(5) 設定時、pointerup で snapMinutes(5) が呼ばれること","status":"passed","title":"setSnapStep(5) 設定時、pointerup で snapMinutes(5) が呼ばれること","duration":6.270549000000301,"failureMessages":[],"meta":{},"tags":[]},{"ancestorTitles":["ClockController","onChange 時刻変化チェック"],"fullName":"ClockController onChange 時刻変化チェック ドラッグ中にスナップ後の時刻が変化しない pointermove ではコールバックが呼ばれないこと","status":"passed","title":"ドラッグ中にスナップ後の時刻が変化しない pointermove ではコールバックが呼ばれないこと","duration":4.180863000000045,"failureMessages":[],"meta":{},"tags":[]},{"ancestorTitles":["ClockController","onChange 時刻変化チェック"],"fullName":"ClockController onChange 時刻変化チェック ドラッグ中にスナップ後の時刻が変化する pointermove ではコールバックが呼ばれること","status":"passed","title":"ドラッグ中にスナップ後の時刻が変化する pointermove ではコールバックが呼ばれること","duration":2.901763000000301,"failureMessages":[],"meta":{},"tags":[]},{"ancestorTitles":["ClockController","onChange 時刻変化チェック"],"fullName":"ClockController onChange 時刻変化チェック onPointerUp 後に時刻変化がある場合のみコールバックが呼ばれること","status":"passed","title":"onPointerUp 後に時刻変化がある場合のみコールバックが呼ばれること","duration":4.330652999999984,"failureMessages":[],"meta":{},"tags":[]},{"ancestorTitles":["ClockController","onChange 時刻変化チェック"],"fullName":"ClockController onChange 時刻変化チェック onPointerUp でスナップにより時刻が変化する場合はコールバックが呼ばれること","status":"passed","title":"onPointerUp でスナップにより時刻が変化する場合はコールバックが呼ばれること","duration":2.612872000000152,"failureMessages":[],"meta":{},"tags":[]},{"ancestorTitles":["ClockController","onChange 時刻変化チェック"],"fullName":"ClockController onChange 時刻変化チェック 短針ドラッグ時にも時刻変化チェックが機能すること","status":"passed","title":"短針ドラッグ時にも時刻変化チェックが機能すること","duration":3.917319000000134,"failureMessages":[],"meta":{},"tags":[]},{"ancestorTitles":["ClockController","onChange 時刻変化チェック"],"fullName":"ClockController onChange 時刻変化チェック setEnabled(false) → setEnabled(true) → 再ドラッグで正しく動作すること","status":"passed","title":"setEnabled(false) → setEnabled(true) → 再ドラッグで正しく動作すること","duration":2.611930999999913,"failureMessages":[],"meta":{},"tags":[]},{"ancestorTitles":["ClockController","一時オブジェクト再利用"],"fullName":"ClockController 一時オブジェクト再利用 getNDC が同一の Vector2 インスタンスを返すこと","status":"passed","title":"getNDC が同一の Vector2 インスタンスを返すこと","duration":2.2986049999999523,"failureMessages":[],"meta":{},"tags":[]},{"ancestorTitles":["ClockController","一時オブジェクト再利用"],"fullName":"ClockController 一時オブジェクト再利用 getWorldPoint が同一の Vector3 インスタンスを返すこと","status":"passed","title":"getWorldPoint が同一の Vector3 インスタンスを返すこと","duration":1.8633719999997993,"failureMessages":[],"meta":{},"tags":[]},{"ancestorTitles":["ClockController","一時オブジェクト再利用"],"fullName":"ClockController 一時オブジェクト再利用 selectHand は getHandTipPosition に再利用ベクタを渡して呼び出すこと","status":"passed","title":"selectHand は getHandTipPosition に再利用ベクタを渡して呼び出すこと","duration":4.0719490000001315,"failureMessages":[],"meta":{},"tags":[]},{"ancestorTitles":["pixelsToWorldDistance (integration)"],"fullName":"pixelsToWorldDistance (integration) produces positive distances for perspective camera","status":"passed","title":"produces positive distances for perspective camera","duration":1.145050000000083,"failureMessages":[],"meta":{},"tags":[]},{"ancestorTitles":["pixelsToWorldDistance (integration)"],"fullName":"pixelsToWorldDistance (integration) returns finite positive distance when camera is at same z as plane (perspective)","status":"passed","title":"returns finite positive distance when camera is at same z as plane (perspective)","duration":0.5257120000001123,"failureMessages":[],"meta":{},"tags":[]},{"ancestorTitles":["pixelsToWorldDistance (integration)"],"fullName":"pixelsToWorldDistance (integration) produces positive distance for orthographic camera even when camera at same z","status":"passed","title":"produces positive distance for orthographic camera even when camera at same z","duration":0.7646690000001399,"failureMessages":[],"meta":{},"tags":[]},{"ancestorTitles":["pixelsToWorldDistance (integration)"],"fullName":"pixelsToWorldDistance (integration) produces different values for orthographic vs perspective","status":"passed","title":"produces different values for orthographic vs perspective","duration":0.6648320000003878,"failureMessages":[],"meta":{},"tags":[]},{"ancestorTitles":["pixelsToWorldDistance (integration)"],"fullName":"pixelsToWorldDistance (integration) returns fallback when canvas rect is zero-sized","status":"passed","title":"returns fallback when canvas rect is zero-sized","duration":0.5310730000001058,"failureMessages":[],"meta":{},"tags":[]},{"ancestorTitles":["pixelsToWorldDistance (integration)"],"fullName":"pixelsToWorldDistance (integration) returns fallback when pixels is non-positive","status":"passed","title":"returns fallback when pixels is non-positive","duration":0.47956699999986085,"failureMessages":[],"meta":{},"tags":[]}],"startTime":1777709793189,"endTime":1777709795173.4795,"status":"passed","message":"","name":"/home/runner/work/watch-game/watch-game/tests/game/systems/ClockController.test.ts"},{"assertionResults":[{"ancestorTitles":["PerformanceManager"],"fullName":"PerformanceManager applies initial pixel ratio and size on applyInitial","status":"passed","title":"applies initial pixel ratio and size on applyInitial","duration":4.978826000000026,"failureMessages":[],"meta":{},"tags":[]},{"ancestorTitles":["PerformanceManager"],"fullName":"PerformanceManager downgrades quality when frame times are high","status":"passed","title":"downgrades quality when frame times are high","duration":0.9497449999998935,"failureMessages":[],"meta":{},"tags":[]},{"ancestorTitles":["PerformanceManager"],"fullName":"PerformanceManager upgrades quality when frame times are low","status":"passed","title":"upgrades quality when frame times are low","duration":0.4989219999999932,"failureMessages":[],"meta":{},"tags":[]}],"startTime":1777709804828,"endTime":1777709804834.499,"status":"passed","message":"","name":"/home/runner/work/watch-game/watch-game/tests/game/systems/PerformanceManager.test.ts"},{"assertionResults":[{"ancestorTitles":["QuizGenerator"],"fullName":"QuizGenerator should generate times within level 1 constraints (hours only)","status":"passed","title":"should generate times within level 1 constraints (hours only)","duration":5.034468000000061,"failureMessages":[],"meta":{},"tags":[]},{"ancestorTitles":["QuizGenerator"],"fullName":"QuizGenerator should generate times within level 2 constraints (30-min steps)","status":"passed","title":"should generate times within level 2 constraints (30-min steps)","duration":1.272517999999991,"failureMessages":[],"meta":{},"tags":[]},{"ancestorTitles":["QuizGenerator"],"fullName":"QuizGenerator should generate times within level 3 constraints (5-min steps)","status":"passed","title":"should generate times within level 3 constraints (5-min steps)","duration":0.6989059999998517,"failureMessages":[],"meta":{},"tags":[]},{"ancestorTitles":["QuizGenerator"],"fullName":"QuizGenerator should generate times within level 4 constraints (1-min steps)","status":"passed","title":"should generate times within level 4 constraints (1-min steps)","duration":1.5730100000000675,"failureMessages":[],"meta":{},"tags":[]},{"ancestorTitles":["QuizGenerator"],"fullName":"QuizGenerator should generate 4 unique choices","status":"passed","title":"should generate 4 unique choices","duration":0.45949900000005073,"failureMessages":[],"meta":{},"tags":[]},{"ancestorTitles":["QuizGenerator"],"fullName":"QuizGenerator should filter wrap-around close choices (correct=12:55, wrong=1:00)","status":"passed","title":"should filter wrap-around close choices (correct=12:55, wrong=1:00)","duration":1.124080000000049,"failureMessages":[],"meta":{},"tags":[]},{"ancestorTitles":["QuizGenerator"],"fullName":"QuizGenerator should filter wrap-around close choices (correct=1:00, wrong=12:55)","status":"passed","title":"should filter wrap-around close choices (correct=1:00, wrong=12:55)","duration":0.3737590000000637,"failureMessages":[],"meta":{},"tags":[]},{"ancestorTitles":["QuizGenerator"],"fullName":"QuizGenerator should fallback to enumerated candidates when attempts exhausted","status":"passed","title":"should fallback to enumerated candidates when attempts exhausted","duration":0.8979779999999664,"failureMessages":[],"meta":{},"tags":[]},{"ancestorTitles":["generateUniqueTime"],"fullName":"generateUniqueTime should return a time not in exclude list","status":"passed","title":"should return a time not in exclude list","duration":1.1008970000000318,"failureMessages":[],"meta":{},"tags":[]},{"ancestorTitles":["generateUniqueTime"],"fullName":"generateUniqueTime should generate all unique times for level 1 with 5 questions","status":"passed","title":"should generate all unique times for level 1 with 5 questions","duration":0.4024019999999382,"failureMessages":[],"meta":{},"tags":[]},{"ancestorTitles":["generateUniqueTime"],"fullName":"generateUniqueTime should pick from remaining candidates when some are excluded (deterministic)","status":"passed","title":"should pick from remaining candidates when some are excluded (deterministic)","duration":0.7859090000001743,"failureMessages":[],"meta":{},"tags":[]},{"ancestorTitles":["generateUniqueTime"],"fullName":"generateUniqueTime should fallback when all candidates are excluded and return generated time","status":"passed","title":"should fallback when all candidates are excluded and return generated time","duration":0.48083900000005997,"failureMessages":[],"meta":{},"tags":[]},{"ancestorTitles":["generateUniqueTime"],"fullName":"generateUniqueTime should not crash when exclude covers all candidates (fallback)","status":"passed","title":"should not crash when exclude covers all candidates (fallback)","duration":0.43547399999988556,"failureMessages":[],"meta":{},"tags":[]},{"ancestorTitles":["formatTime"],"fullName":"formatTime should format exact hours","status":"passed","title":"should format exact hours","duration":0.3493030000001909,"failureMessages":[],"meta":{},"tags":[]},{"ancestorTitles":["formatTime"],"fullName":"formatTime should format half hours","status":"passed","title":"should format half hours","duration":0.25847399999997833,"failureMessages":[],"meta":{},"tags":[]},{"ancestorTitles":["formatTime"],"fullName":"formatTime should format other minutes","status":"passed","title":"should format other minutes","duration":0.1399619999999686,"failureMessages":[],"meta":{},"tags":[]},{"ancestorTitles":["QuizGenerator fallback"],"fullName":"QuizGenerator fallback should return 4 unique choices when generateTime repeatedly returns filtered candidates","status":"passed","title":"should return 4 unique choices when generateTime repeatedly returns filtered candidates","duration":0.7742769999999837,"failureMessages":[],"meta":{},"tags":[]}],"startTime":1777709794314,"endTime":1777709794330.7742,"status":"passed","message":"","name":"/home/runner/work/watch-game/watch-game/tests/game/systems/QuizGenerator.test.ts"},{"assertionResults":[{"ancestorTitles":["TimeValidator"],"fullName":"TimeValidator should validate exact match","status":"passed","title":"should validate exact match","duration":1.9264999999998054,"failureMessages":[],"meta":{},"tags":[]},{"ancestorTitles":["TimeValidator"],"fullName":"TimeValidator should validate within tolerance","status":"passed","title":"should validate within tolerance","duration":0.19394199999987904,"failureMessages":[],"meta":{},"tags":[]},{"ancestorTitles":["TimeValidator"],"fullName":"TimeValidator should reject outside tolerance","status":"passed","title":"should reject outside tolerance","duration":0.20551399999999376,"failureMessages":[],"meta":{},"tags":[]},{"ancestorTitles":["TimeValidator"],"fullName":"TimeValidator should handle wrap-around (12:55 vs 1:05)","status":"passed","title":"should handle wrap-around (12:55 vs 1:05)","duration":0.2406100000000606,"failureMessages":[],"meta":{},"tags":[]},{"ancestorTitles":["TimeValidator"],"fullName":"TimeValidator should work with tight tolerance (1 minute)","status":"passed","title":"should work with tight tolerance (1 minute)","duration":0.26824099999998907,"failureMessages":[],"meta":{},"tags":[]}],"startTime":1777709808967,"endTime":1777709808969.2683,"status":"passed","message":"","name":"/home/runner/work/watch-game/watch-game/tests/game/systems/TimeValidator.test.ts"}]}