{"numTotalTestSuites":112,"numPassedTestSuites":112,"numFailedTestSuites":0,"numPendingTestSuites":0,"numTotalTests":331,"numPassedTests":331,"numFailedTests":0,"numPendingTests":0,"numTodoTests":0,"snapshot":{"added":0,"failure":false,"filesAdded":0,"filesRemoved":0,"filesRemovedList":[],"filesUnmatched":0,"filesUpdated":0,"matched":0,"total":0,"unchecked":0,"uncheckedKeysByFile":[],"unmatched":0,"updated":0,"didUpdate":false},"startTime":1777699415621,"success":true,"testResults":[{"assertionResults":[{"ancestorTitles":["GameLoop"],"fullName":"GameLoop should start and call update/render","status":"passed","title":"should start and call update/render","duration":5.310833000000002,"failureMessages":[],"meta":{},"tags":[]},{"ancestorTitles":["GameLoop"],"fullName":"GameLoop should cap delta time at 0.1s","status":"passed","title":"should cap delta time at 0.1s","duration":1.1715410000001611,"failureMessages":[],"meta":{},"tags":[]},{"ancestorTitles":["GameLoop"],"fullName":"GameLoop should pause and stop","status":"passed","title":"should pause and stop","duration":1.1625829999998132,"failureMessages":[],"meta":{},"tags":[]}],"startTime":1777699444935,"endTime":1777699444943.1626,"status":"passed","message":"","name":"/Users/shingotada/Documents/vscode/watch-game/tests/game/GameLoop.test.ts"},{"assertionResults":[{"ancestorTitles":["SceneManager"],"fullName":"SceneManager should register and transition to a scene","status":"passed","title":"should register and transition to a scene","duration":5.572417000000314,"failureMessages":[],"meta":{},"tags":[]},{"ancestorTitles":["SceneManager"],"fullName":"SceneManager should call exit on previous scene when transitioning","status":"passed","title":"should call exit on previous scene when transitioning","duration":1.1608339999993404,"failureMessages":[],"meta":{},"tags":[]},{"ancestorTitles":["SceneManager"],"fullName":"SceneManager should delegate update to current scene","status":"passed","title":"should delegate update to current scene","duration":0.6360830000003261,"failureMessages":[],"meta":{},"tags":[]},{"ancestorTitles":["SceneManager"],"fullName":"SceneManager should use transition handler if set","status":"passed","title":"should use transition handler if set","duration":1.0925409999999829,"failureMessages":[],"meta":{},"tags":[]},{"ancestorTitles":["SceneManager"],"fullName":"SceneManager should warn on unregistered scene","status":"passed","title":"should warn on unregistered scene","duration":1.141791999999441,"failureMessages":[],"meta":{},"tags":[]},{"ancestorTitles":["SceneManager"],"fullName":"SceneManager currentSceneNeedsContinuousRendering respects scene opt-out","status":"passed","title":"currentSceneNeedsContinuousRendering respects scene opt-out","duration":0.32770800000071176,"failureMessages":[],"meta":{},"tags":[]}],"startTime":1777699443060,"endTime":1777699443069.3276,"status":"passed","message":"","name":"/Users/shingotada/Documents/vscode/watch-game/tests/game/SceneManager.test.ts"},{"assertionResults":[{"ancestorTitles":["ChoiceButtons"],"fullName":"ChoiceButtons should render buttons for each choice","status":"passed","title":"should render buttons for each choice","duration":1078.1554590000005,"failureMessages":[],"meta":{},"tags":[]},{"ancestorTitles":["ChoiceButtons"],"fullName":"ChoiceButtons should scale down on pointerdown","status":"passed","title":"should scale down on pointerdown","duration":53.43241699999999,"failureMessages":[],"meta":{},"tags":[]},{"ancestorTitles":["ChoiceButtons"],"fullName":"ChoiceButtons should reset scale on pointerup","status":"passed","title":"should reset scale on pointerup","duration":13.134500000000116,"failureMessages":[],"meta":{},"tags":[]},{"ancestorTitles":["ChoiceButtons"],"fullName":"ChoiceButtons should reset scale on pointerleave","status":"passed","title":"should reset scale on pointerleave","duration":111.70616700000028,"failureMessages":[],"meta":{},"tags":[]},{"ancestorTitles":["ChoiceButtons"],"fullName":"ChoiceButtons should call onSelect callback when clicked","status":"passed","title":"should call onSelect callback when clicked","duration":85.0226249999996,"failureMessages":[],"meta":{},"tags":[]},{"ancestorTitles":["ChoiceButtons"],"fullName":"ChoiceButtons should not call onSelect when disabled after showResult","status":"passed","title":"should not call onSelect when disabled after showResult","duration":57.47741700000006,"failureMessages":[],"meta":{},"tags":[]},{"ancestorTitles":["ChoiceButtons"],"fullName":"ChoiceButtons should not scale down on pointerdown when disabled","status":"passed","title":"should not scale down on pointerdown when disabled","duration":121.36987500000032,"failureMessages":[],"meta":{},"tags":[]},{"ancestorTitles":["ChoiceButtons"],"fullName":"ChoiceButtons should reset scale on pointerleave even when disabled","status":"passed","title":"should reset scale on pointerleave even when disabled","duration":67.33029200000055,"failureMessages":[],"meta":{},"tags":[]},{"ancestorTitles":["ChoiceButtons"],"fullName":"ChoiceButtons should clean up on unmount","status":"passed","title":"should clean up on unmount","duration":82.28062499999942,"failureMessages":[],"meta":{},"tags":[]},{"ancestorTitles":["ChoiceButtons","showHint"],"fullName":"ChoiceButtons showHint should dim 2 incorrect buttons and keep correct + 1 incorrect visible","status":"passed","title":"should dim 2 incorrect buttons and keep correct + 1 incorrect visible","duration":66.61712499999885,"failureMessages":[],"meta":{},"tags":[]},{"ancestorTitles":["ChoiceButtons","showHint"],"fullName":"ChoiceButtons showHint should set pointerEvents to none on dimmed buttons","status":"passed","title":"should set pointerEvents to none on dimmed buttons","duration":31.768584000001283,"failureMessages":[],"meta":{},"tags":[]},{"ancestorTitles":["ChoiceButtons","showHint"],"fullName":"ChoiceButtons showHint should not dim the correct button","status":"passed","title":"should not dim the correct button","duration":195.332042,"failureMessages":[],"meta":{},"tags":[]},{"ancestorTitles":["ChoiceButtons","showHint"],"fullName":"ChoiceButtons showHint should do nothing when disabled (after showResult)","status":"passed","title":"should do nothing when disabled (after showResult)","duration":21.084415999999692,"failureMessages":[],"meta":{},"tags":[]},{"ancestorTitles":["ChoiceButtons","showHint"],"fullName":"ChoiceButtons showHint should not dim buttons if not mounted","status":"passed","title":"should not dim buttons if not mounted","duration":6.004166999999143,"failureMessages":[],"meta":{},"tags":[]}],"startTime":1777699430118,"endTime":1777699432118.0042,"status":"passed","message":"","name":"/Users/shingotada/Documents/vscode/watch-game/tests/ui/ChoiceButtons.test.ts"},{"assertionResults":[{"ancestorTitles":["ConfirmButton"],"fullName":"ConfirmButton mount(parent) でボタン要素が parent に追加されること","status":"passed","title":"mount(parent) でボタン要素が parent に追加されること","duration":976.8223330000001,"failureMessages":[],"meta":{},"tags":[]},{"ancestorTitles":["ConfirmButton"],"fullName":"ConfirmButton デフォルトのラベルが「けってい！」であること","status":"passed","title":"デフォルトのラベルが「けってい！」であること","duration":31.917208000000755,"failureMessages":[],"meta":{},"tags":[]},{"ancestorTitles":["ConfirmButton"],"fullName":"ConfirmButton カスタムラベルが適用されること","status":"passed","title":"カスタムラベルが適用されること","duration":34.618750000000546,"failureMessages":[],"meta":{},"tags":[]},{"ancestorTitles":["ConfirmButton"],"fullName":"ConfirmButton unmount() でボタン要素が削除されること","status":"passed","title":"unmount() でボタン要素が削除されること","duration":16.189416999999594,"failureMessages":[],"meta":{},"tags":[]},{"ancestorTitles":["ConfirmButton"],"fullName":"ConfirmButton onClick(callback) でクリック時にコールバックが呼ばれること","status":"passed","title":"onClick(callback) でクリック時にコールバックが呼ばれること","duration":34.49474999999984,"failureMessages":[],"meta":{},"tags":[]},{"ancestorTitles":["ConfirmButton"],"fullName":"ConfirmButton unmount() 後にクリックしてもコールバックが呼ばれないこと","status":"passed","title":"unmount() 後にクリックしてもコールバックが呼ばれないこと","duration":5.552749999999833,"failureMessages":[],"meta":{},"tags":[]},{"ancestorTitles":["ConfirmButton"],"fullName":"ConfirmButton disable() で opacity が 0.5、pointerEvents が none になること","status":"passed","title":"disable() で opacity が 0.5、pointerEvents が none になること","duration":61.106165999999575,"failureMessages":[],"meta":{},"tags":[]},{"ancestorTitles":["ConfirmButton"],"fullName":"ConfirmButton enable() で opacity が 1、pointerEvents が auto になること","status":"passed","title":"enable() で opacity が 1、pointerEvents が auto になること","duration":58.60754200000065,"failureMessages":[],"meta":{},"tags":[]},{"ancestorTitles":["ConfirmButton"],"fullName":"ConfirmButton カスタムカラー（gradient）が適用されること","status":"passed","title":"カスタムカラー（gradient）が適用されること","duration":30.410375000000386,"failureMessages":[],"meta":{},"tags":[]},{"ancestorTitles":["ConfirmButton"],"fullName":"ConfirmButton デフォルトカラー（グリーン gradient）が適用されること","status":"passed","title":"デフォルトカラー（グリーン gradient）が適用されること","duration":5.186584000000039,"failureMessages":[],"meta":{},"tags":[]}],"startTime":1777699430683,"endTime":1777699431939.1865,"status":"passed","message":"","name":"/Users/shingotada/Documents/vscode/watch-game/tests/ui/ConfirmButton.test.ts"},{"assertionResults":[{"ancestorTitles":["CurrentTimeDisplay"],"fullName":"CurrentTimeDisplay mount後にDOM要素が親に追加されること","status":"passed","title":"mount後にDOM要素が親に追加されること","duration":357.9330829999999,"failureMessages":[],"meta":{},"tags":[]},{"ancestorTitles":["CurrentTimeDisplay"],"fullName":"CurrentTimeDisplay ラベルに「いま ▶」が表示されること","status":"passed","title":"ラベルに「いま ▶」が表示されること","duration":63.95029100000011,"failureMessages":[],"meta":{},"tags":[]},{"ancestorTitles":["CurrentTimeDisplay"],"fullName":"CurrentTimeDisplay setTime()で表示テキストがformatTimeと一致すること（正時）","status":"passed","title":"setTime()で表示テキストがformatTimeと一致すること（正時）","duration":57.82579100000021,"failureMessages":[],"meta":{},"tags":[]},{"ancestorTitles":["CurrentTimeDisplay"],"fullName":"CurrentTimeDisplay setTime()で表示テキストがformatTimeと一致すること（30分）","status":"passed","title":"setTime()で表示テキストがformatTimeと一致すること（30分）","duration":30.387000000000626,"failureMessages":[],"meta":{},"tags":[]},{"ancestorTitles":["CurrentTimeDisplay"],"fullName":"CurrentTimeDisplay setTime()で表示テキストがformatTimeと一致すること（任意の分）","status":"passed","title":"setTime()で表示テキストがformatTimeと一致すること（任意の分）","duration":15.704999999999927,"failureMessages":[],"meta":{},"tags":[]},{"ancestorTitles":["CurrentTimeDisplay"],"fullName":"CurrentTimeDisplay mount前のsetTimeはエラーにならないこと","status":"passed","title":"mount前のsetTimeはエラーにならないこと","duration":2.198790999999801,"failureMessages":[],"meta":{},"tags":[]},{"ancestorTitles":["CurrentTimeDisplay"],"fullName":"CurrentTimeDisplay unmountでDOM要素がクリーンアップされること","status":"passed","title":"unmountでDOM要素がクリーンアップされること","duration":15.855875000000196,"failureMessages":[],"meta":{},"tags":[]},{"ancestorTitles":["CurrentTimeDisplay"],"fullName":"CurrentTimeDisplay unmount後のsetTimeはエラーにならないこと","status":"passed","title":"unmount後のsetTimeはエラーにならないこと","duration":31.203625000000102,"failureMessages":[],"meta":{},"tags":[]},{"ancestorTitles":["CurrentTimeDisplay"],"fullName":"CurrentTimeDisplay 半透明スタイルが適用されていること","status":"passed","title":"半透明スタイルが適用されていること","duration":6.088416999999936,"failureMessages":[],"meta":{},"tags":[]}],"startTime":1777699437876,"endTime":1777699438458.0884,"status":"passed","message":"","name":"/Users/shingotada/Documents/vscode/watch-game/tests/ui/CurrentTimeDisplay.test.ts"},{"assertionResults":[{"ancestorTitles":["DailyProgress"],"fullName":"DailyProgress mount() で親要素にコンテナが追加されること","status":"passed","title":"mount() で親要素にコンテナが追加されること","duration":53.776208000000224,"failureMessages":[],"meta":{},"tags":[]},{"ancestorTitles":["DailyProgress"],"fullName":"DailyProgress setEvents() でドットが生成されること","status":"passed","title":"setEvents() でドットが生成されること","duration":618.7494159999997,"failureMessages":[],"meta":{},"tags":[]},{"ancestorTitles":["DailyProgress"],"fullName":"DailyProgress 現在のイベントのドットがハイライトされること","status":"passed","title":"現在のイベントのドットがハイライトされること","duration":22.60491699999966,"failureMessages":[],"meta":{},"tags":[]},{"ancestorTitles":["DailyProgress"],"fullName":"DailyProgress 完了済みイベントのドットに「✅」が表示されること","status":"passed","title":"完了済みイベントのドットに「✅」が表示されること","duration":51.57491700000082,"failureMessages":[],"meta":{},"tags":[]},{"ancestorTitles":["DailyProgress"],"fullName":"DailyProgress 未到達イベントのドットに emoji が表示されること","status":"passed","title":"未到達イベントのドットに emoji が表示されること","duration":21.785916999999245,"failureMessages":[],"meta":{},"tags":[]},{"ancestorTitles":["DailyProgress"],"fullName":"DailyProgress unmount() で DOM が除去されること","status":"passed","title":"unmount() で DOM が除去されること","duration":1.9839169999995647,"failureMessages":[],"meta":{},"tags":[]}],"startTime":1777699431549,"endTime":1777699432319.984,"status":"passed","message":"","name":"/Users/shingotada/Documents/vscode/watch-game/tests/ui/DailyProgress.test.ts"},{"assertionResults":[{"ancestorTitles":["HUD"],"fullName":"HUD mount() で親要素に DOM が追加されること","status":"passed","title":"mount() で親要素に DOM が追加されること","duration":230.15804200000002,"failureMessages":[],"meta":{},"tags":[]},{"ancestorTitles":["HUD"],"fullName":"HUD mount() で questionEl と scoreEl が生成されること","status":"passed","title":"mount() で questionEl と scoreEl が生成されること","duration":4.873250000000553,"failureMessages":[],"meta":{},"tags":[]},{"ancestorTitles":["HUD"],"fullName":"HUD updateQuestion(3, 5) で「もんだい 3/5」が表示されること","status":"passed","title":"updateQuestion(3, 5) で「もんだい 3/5」が表示されること","duration":20.603000000000065,"failureMessages":[],"meta":{},"tags":[]},{"ancestorTitles":["HUD"],"fullName":"HUD updateScore(2) で「⭕ 2」が表示されること","status":"passed","title":"updateScore(2) で「⭕ 2」が表示されること","duration":4.380583000000115,"failureMessages":[],"meta":{},"tags":[]},{"ancestorTitles":["HUD"],"fullName":"HUD unmount() で DOM が除去されること","status":"passed","title":"unmount() で DOM が除去されること","duration":37.76908300000014,"failureMessages":[],"meta":{},"tags":[]},{"ancestorTitles":["HUD"],"fullName":"HUD unmount() 後に updateQuestion/updateScore を呼んでもエラーにならないこと","status":"passed","title":"unmount() 後に updateQuestion/updateScore を呼んでもエラーにならないこと","duration":19.572291999999834,"failureMessages":[],"meta":{},"tags":[]},{"ancestorTitles":["HUD"],"fullName":"HUD スタイルに pointer-events: none が設定されること","status":"passed","title":"スタイルに pointer-events: none が設定されること","duration":5.460167000000183,"failureMessages":[],"meta":{},"tags":[]}],"startTime":1777699437747,"endTime":1777699438070.4602,"status":"passed","message":"","name":"/Users/shingotada/Documents/vscode/watch-game/tests/ui/HUD.test.ts"},{"assertionResults":[{"ancestorTitles":["HomeButton"],"fullName":"HomeButton mount() で親要素にボタンが追加されること","status":"passed","title":"mount() で親要素にボタンが追加されること","duration":638.7639170000002,"failureMessages":[],"meta":{},"tags":[]},{"ancestorTitles":["HomeButton"],"fullName":"HomeButton ボタンテキストが「🏠」であること","status":"passed","title":"ボタンテキストが「🏠」であること","duration":10.329166000000441,"failureMessages":[],"meta":{},"tags":[]},{"ancestorTitles":["HomeButton"],"fullName":"HomeButton onClick() で登録したコールバックがクリック時に呼ばれること","status":"passed","title":"onClick() で登録したコールバックがクリック時に呼ばれること","duration":11.52691700000014,"failureMessages":[],"meta":{},"tags":[]},{"ancestorTitles":["HomeButton"],"fullName":"HomeButton unmount() で DOM が除去されること","status":"passed","title":"unmount() で DOM が除去されること","duration":5.932749999999942,"failureMessages":[],"meta":{},"tags":[]},{"ancestorTitles":["HomeButton"],"fullName":"HomeButton unmount() 後にクリックしてもコールバックが呼ばれないこと","status":"passed","title":"unmount() 後にクリックしてもコールバックが呼ばれないこと","duration":53.42291599999953,"failureMessages":[],"meta":{},"tags":[]}],"startTime":1777699431426,"endTime":1777699432146.4229,"status":"passed","message":"","name":"/Users/shingotada/Documents/vscode/watch-game/tests/ui/HomeButton.test.ts"},{"assertionResults":[{"ancestorTitles":["showNotification"],"fullName":"showNotification DOM要素が親に追加されること","status":"passed","title":"DOM要素が親に追加されること","duration":391.29070799999954,"failureMessages":[],"meta":{},"tags":[]},{"ancestorTitles":["showNotification"],"fullName":"showNotification 指定されたテキストと色が反映されること","status":"passed","title":"指定されたテキストと色が反映されること","duration":28.805167000000438,"failureMessages":[],"meta":{},"tags":[]},{"ancestorTitles":["showNotification"],"fullName":"showNotification notif-anim スタイル要素が document.head に1つだけ存在すること","status":"passed","title":"notif-anim スタイル要素が document.head に1つだけ存在すること","duration":96.39466600000014,"failureMessages":[],"meta":{},"tags":[]},{"ancestorTitles":["showNotification"],"fullName":"showNotification 1200ms後にDOM要素が自動削除されること","status":"passed","title":"1200ms後にDOM要素が自動削除されること","duration":16.165791999999783,"failureMessages":[],"meta":{},"tags":[]},{"ancestorTitles":["showNotification"],"fullName":"showNotification topオプションでカスタム位置が設定できること","status":"passed","title":"topオプションでカスタム位置が設定できること","duration":17.906750000000102,"failureMessages":[],"meta":{},"tags":[]},{"ancestorTitles":["showNotification"],"fullName":"showNotification デフォルトのtopは40%であること","status":"passed","title":"デフォルトのtopは40%であること","duration":16.96912500000053,"failureMessages":[],"meta":{},"tags":[]},{"ancestorTitles":["showNotification"],"fullName":"showNotification fontSizeオプションでフォントサイズを変更できること","status":"passed","title":"fontSizeオプションでフォントサイズを変更できること","duration":31.880875000000742,"failureMessages":[],"meta":{},"tags":[]},{"ancestorTitles":["showNotification"],"fullName":"showNotification paddingオプションでパディングを変更できること","status":"passed","title":"paddingオプションでパディングを変更できること","duration":6.4583330000004935,"failureMessages":[],"meta":{},"tags":[]},{"ancestorTitles":["showNotification"],"fullName":"showNotification タイマーIDを返すこと","status":"passed","title":"タイマーIDを返すこと","duration":23.462165999999343,"failureMessages":[],"meta":{},"tags":[]}],"startTime":1777699437855,"endTime":1777699438492.4622,"status":"passed","message":"","name":"/Users/shingotada/Documents/vscode/watch-game/tests/ui/Notification.test.ts"},{"assertionResults":[{"ancestorTitles":["TimeDisplay"],"fullName":"TimeDisplay mount() で親要素に DOM が追加されること","status":"passed","title":"mount() で親要素に DOM が追加されること","duration":311.438666,"failureMessages":[],"meta":{},"tags":[]},{"ancestorTitles":["TimeDisplay"],"fullName":"TimeDisplay ラベルテキストが表示されること","status":"passed","title":"ラベルテキストが表示されること","duration":65.5560830000004,"failureMessages":[],"meta":{},"tags":[]},{"ancestorTitles":["TimeDisplay"],"fullName":"TimeDisplay setTime() で時刻が正しく表示されること","status":"passed","title":"setTime() で時刻が正しく表示されること","duration":37.17283299999963,"failureMessages":[],"meta":{},"tags":[]},{"ancestorTitles":["TimeDisplay"],"fullName":"TimeDisplay unmount() で DOM が除去されること","status":"passed","title":"unmount() で DOM が除去されること","duration":26.743791999999303,"failureMessages":[],"meta":{},"tags":[]},{"ancestorTitles":["TimeDisplay"],"fullName":"TimeDisplay unmount() 後に setTime() を呼んでもエラーにならないこと","status":"passed","title":"unmount() 後に setTime() を呼んでもエラーにならないこと","duration":20.96124999999938,"failureMessages":[],"meta":{},"tags":[]}],"startTime":1777699437838,"endTime":1777699438299.9612,"status":"passed","message":"","name":"/Users/shingotada/Documents/vscode/watch-game/tests/ui/TimeDisplay.test.ts"},{"assertionResults":[{"ancestorTitles":["TransitionOverlay"],"fullName":"TransitionOverlay mount で DOM 要素が追加されること","status":"passed","title":"mount で DOM 要素が追加されること","duration":166.8961250000002,"failureMessages":[],"meta":{},"tags":[]},{"ancestorTitles":["TransitionOverlay"],"fullName":"TransitionOverlay 初期状態で opacity: 0, pointer-events: none であること","status":"passed","title":"初期状態で opacity: 0, pointer-events: none であること","duration":20.29583300000013,"failureMessages":[],"meta":{},"tags":[]},{"ancestorTitles":["TransitionOverlay"],"fullName":"TransitionOverlay z-index が 200 であること","status":"passed","title":"z-index が 200 であること","duration":15.455834000000323,"failureMessages":[],"meta":{},"tags":[]},{"ancestorTitles":["TransitionOverlay"],"fullName":"TransitionOverlay fadeOut で opacity が 1 になること","status":"passed","title":"fadeOut で opacity が 1 になること","duration":5.441417000000001,"failureMessages":[],"meta":{},"tags":[]},{"ancestorTitles":["TransitionOverlay"],"fullName":"TransitionOverlay fadeOut 開始時に pointer-events: auto になること","status":"passed","title":"fadeOut 開始時に pointer-events: auto になること","duration":14.629500000000007,"failureMessages":[],"meta":{},"tags":[]},{"ancestorTitles":["TransitionOverlay"],"fullName":"TransitionOverlay fadeOut のコールバックが transitionend 後に呼ばれること","status":"passed","title":"fadeOut のコールバックが transitionend 後に呼ばれること","duration":32.46020899999985,"failureMessages":[],"meta":{},"tags":[]},{"ancestorTitles":["TransitionOverlay"],"fullName":"TransitionOverlay fadeOut のコールバックが propertyName !== opacity の場合は呼ばれないこと","status":"passed","title":"fadeOut のコールバックが propertyName !== opacity の場合は呼ばれないこと","duration":46.44712499999969,"failureMessages":[],"meta":{},"tags":[]},{"ancestorTitles":["TransitionOverlay"],"fullName":"TransitionOverlay fadeOut のコールバックが setTimeout フォールバックで呼ばれること","status":"passed","title":"fadeOut のコールバックが setTimeout フォールバックで呼ばれること","duration":4.1850000000004,"failureMessages":[],"meta":{},"tags":[]},{"ancestorTitles":["TransitionOverlay"],"fullName":"TransitionOverlay fadeIn で opacity が 0 に戻ること","status":"passed","title":"fadeIn で opacity が 0 に戻ること","duration":5.765917000000627,"failureMessages":[],"meta":{},"tags":[]},{"ancestorTitles":["TransitionOverlay"],"fullName":"TransitionOverlay fadeIn 完了後に pointer-events: none に戻ること","status":"passed","title":"fadeIn 完了後に pointer-events: none に戻ること","duration":7.842333000000508,"failureMessages":[],"meta":{},"tags":[]},{"ancestorTitles":["TransitionOverlay"],"fullName":"TransitionOverlay fadeIn 完了後に isTransitioning が false になること","status":"passed","title":"fadeIn 完了後に isTransitioning が false になること","duration":3.63537499999984,"failureMessages":[],"meta":{},"tags":[]},{"ancestorTitles":["TransitionOverlay"],"fullName":"TransitionOverlay fadeIn の setTimeout フォールバックで pointer-events: none に戻ること","status":"passed","title":"fadeIn の setTimeout フォールバックで pointer-events: none に戻ること","duration":3.0839169999999285,"failureMessages":[],"meta":{},"tags":[]},{"ancestorTitles":["TransitionOverlay"],"fullName":"TransitionOverlay isTransitioning() がフェード中に true を返すこと","status":"passed","title":"isTransitioning() がフェード中に true を返すこと","duration":12.26154200000019,"failureMessages":[],"meta":{},"tags":[]},{"ancestorTitles":["TransitionOverlay"],"fullName":"TransitionOverlay 二重 fadeOut 呼び出し時にガードが機能すること","status":"passed","title":"二重 fadeOut 呼び出し時にガードが機能すること","duration":27.943874999999935,"failureMessages":[],"meta":{},"tags":[]},{"ancestorTitles":["TransitionOverlay"],"fullName":"TransitionOverlay unmount で DOM 要素が除去されること","status":"passed","title":"unmount で DOM 要素が除去されること","duration":2.3980420000007143,"failureMessages":[],"meta":{},"tags":[]},{"ancestorTitles":["TransitionOverlay"],"fullName":"TransitionOverlay unmount で setTimeout タイマーがクリアされること","status":"passed","title":"unmount で setTimeout タイマーがクリアされること","duration":12.346749999999702,"failureMessages":[],"meta":{},"tags":[]}],"startTime":1777699438333,"endTime":1777699438714.3467,"status":"passed","message":"","name":"/Users/shingotada/Documents/vscode/watch-game/tests/ui/TransitionOverlay.test.ts"},{"assertionResults":[{"ancestorTitles":["AudioManager"],"fullName":"AudioManager pauseBGM() が内部の bgmGenerator.pause() を呼ぶこと","status":"passed","title":"pauseBGM() が内部の bgmGenerator.pause() を呼ぶこと","duration":27.362959000000046,"failureMessages":[],"meta":{},"tags":[]},{"ancestorTitles":["AudioManager"],"fullName":"AudioManager init() 前に pauseBGM() を呼んでもエラーにならないこと","status":"passed","title":"init() 前に pauseBGM() を呼んでもエラーにならないこと","duration":0.7322920000001432,"failureMessages":[],"meta":{},"tags":[]}],"startTime":1777699444863,"endTime":1777699444890.7322,"status":"passed","message":"","name":"/Users/shingotada/Documents/vscode/watch-game/tests/game/audio/AudioManager.test.ts"},{"assertionResults":[{"ancestorTitles":["BGMGenerator","pause()"],"fullName":"BGMGenerator pause() pause() 後に currentMode が保持されること","status":"passed","title":"pause() 後に currentMode が保持されること","duration":10.799458000000413,"failureMessages":[],"meta":{},"tags":[]},{"ancestorTitles":["BGMGenerator","pause()"],"fullName":"BGMGenerator pause() pause() で playing が false になること","status":"passed","title":"pause() で playing が false になること","duration":1.1117919999996957,"failureMessages":[],"meta":{},"tags":[]},{"ancestorTitles":["BGMGenerator","pause()"],"fullName":"BGMGenerator pause() pause() → resume() で playing が true に復帰すること","status":"passed","title":"pause() → resume() で playing が true に復帰すること","duration":24.24983400000019,"failureMessages":[],"meta":{},"tags":[]},{"ancestorTitles":["BGMGenerator","stop() 後の resume()"],"fullName":"BGMGenerator stop() 後の resume() stop() 後に resume() が何もしないこと","status":"passed","title":"stop() 後に resume() が何もしないこと","duration":11.623584000000847,"failureMessages":[],"meta":{},"tags":[]},{"ancestorTitles":["BGMGenerator","pause() vs stop() の違い"],"fullName":"BGMGenerator pause() vs stop() の違い pause() 後は resume() で再開できるが stop() 後はできない","status":"passed","title":"pause() 後は resume() で再開できるが stop() 後はできない","duration":1.4863330000007409,"failureMessages":[],"meta":{},"tags":[]}],"startTime":1777699442577,"endTime":1777699442626.4863,"status":"passed","message":"","name":"/Users/shingotada/Documents/vscode/watch-game/tests/game/audio/BGMGenerator.test.ts"},{"assertionResults":[{"ancestorTitles":["SFXGenerator","init()"],"fullName":"SFXGenerator init() init() で context と destination が設定されること","status":"passed","title":"init() で context と destination が設定されること","duration":28.32537499999944,"failureMessages":[],"meta":{},"tags":[]},{"ancestorTitles":["SFXGenerator","init() 前の安全性"],"fullName":"SFXGenerator init() 前の安全性 init() 前に play() を呼んでもエラーにならないこと","status":"passed","title":"init() 前に play() を呼んでもエラーにならないこと","duration":3.039542000000438,"failureMessages":[],"meta":{},"tags":[]},{"ancestorTitles":["SFXGenerator","init() 前の安全性"],"fullName":"SFXGenerator init() 前の安全性 init() 前は createOscillator が呼ばれないこと","status":"passed","title":"init() 前は createOscillator が呼ばれないこと","duration":1.1302919999998267,"failureMessages":[],"meta":{},"tags":[]},{"ancestorTitles":["SFXGenerator","全 SFX タイプの再生"],"fullName":"SFXGenerator 全 SFX タイプの再生 play(\"correct\") が createOscillator を呼ぶこと","status":"passed","title":"play(\"correct\") が createOscillator を呼ぶこと","duration":3.458542000000307,"failureMessages":[],"meta":{},"tags":[]},{"ancestorTitles":["SFXGenerator","全 SFX タイプの再生"],"fullName":"SFXGenerator 全 SFX タイプの再生 play(\"incorrect\") が createOscillator を呼ぶこと","status":"passed","title":"play(\"incorrect\") が createOscillator を呼ぶこと","duration":1.3451249999998254,"failureMessages":[],"meta":{},"tags":[]},{"ancestorTitles":["SFXGenerator","全 SFX タイプの再生"],"fullName":"SFXGenerator 全 SFX タイプの再生 play(\"hint\") が createOscillator を呼ぶこと","status":"passed","title":"play(\"hint\") が createOscillator を呼ぶこと","duration":5.961374999999862,"failureMessages":[],"meta":{},"tags":[]},{"ancestorTitles":["SFXGenerator","全 SFX タイプの再生"],"fullName":"SFXGenerator 全 SFX タイプの再生 play(\"levelClear\") が createOscillator を呼ぶこと","status":"passed","title":"play(\"levelClear\") が createOscillator を呼ぶこと","duration":1.4157920000006925,"failureMessages":[],"meta":{},"tags":[]},{"ancestorTitles":["SFXGenerator","全 SFX タイプの再生"],"fullName":"SFXGenerator 全 SFX タイプの再生 play(\"allClear\") が createOscillator を呼ぶこと","status":"passed","title":"play(\"allClear\") が createOscillator を呼ぶこと","duration":19.367750000000342,"failureMessages":[],"meta":{},"tags":[]},{"ancestorTitles":["SFXGenerator","全 SFX タイプの再生"],"fullName":"SFXGenerator 全 SFX タイプの再生 play(\"buttonTap\") が createOscillator を呼ぶこと","status":"passed","title":"play(\"buttonTap\") が createOscillator を呼ぶこと","duration":0.9113750000005894,"failureMessages":[],"meta":{},"tags":[]},{"ancestorTitles":["SFXGenerator","全 SFX タイプの再生"],"fullName":"SFXGenerator 全 SFX タイプの再生 play(\"tick\") が createOscillator を呼ぶこと","status":"passed","title":"play(\"tick\") が createOscillator を呼ぶこと","duration":0.8497919999999795,"failureMessages":[],"meta":{},"tags":[]},{"ancestorTitles":["SFXGenerator","全 SFX タイプの再生"],"fullName":"SFXGenerator 全 SFX タイプの再生 play(\"clockSet\") が createOscillator を呼ぶこと","status":"passed","title":"play(\"clockSet\") が createOscillator を呼ぶこと","duration":0.8970419999996011,"failureMessages":[],"meta":{},"tags":[]},{"ancestorTitles":["SFXGenerator","playNote 検証（buttonTap / tick 経由）"],"fullName":"SFXGenerator playNote 検証（buttonTap / tick 経由） buttonTap で createOscillator が 1 回呼ばれること","status":"passed","title":"buttonTap で createOscillator が 1 回呼ばれること","duration":0.7273750000003929,"failureMessages":[],"meta":{},"tags":[]},{"ancestorTitles":["SFXGenerator","playNote 検証（buttonTap / tick 経由）"],"fullName":"SFXGenerator playNote 検証（buttonTap / tick 経由） tick で createOscillator が 1 回呼ばれること","status":"passed","title":"tick で createOscillator が 1 回呼ばれること","duration":0.586207999999715,"failureMessages":[],"meta":{},"tags":[]},{"ancestorTitles":["SFXGenerator","playNote 検証（buttonTap / tick 経由）"],"fullName":"SFXGenerator playNote 検証（buttonTap / tick 経由） buttonTap でオシレーターの start と stop が呼ばれること","status":"passed","title":"buttonTap でオシレーターの start と stop が呼ばれること","duration":0.9111669999992955,"failureMessages":[],"meta":{},"tags":[]},{"ancestorTitles":["SFXGenerator","playNote 検証（buttonTap / tick 経由）"],"fullName":"SFXGenerator playNote 検証（buttonTap / tick 経由） buttonTap で gain の setValueAtTime と exponentialRampToValueAtTime が呼ばれること","status":"passed","title":"buttonTap で gain の setValueAtTime と exponentialRampToValueAtTime が呼ばれること","duration":0.8062909999998737,"failureMessages":[],"meta":{},"tags":[]},{"ancestorTitles":["SFXGenerator","playFanfare 検証（correct / levelClear / allClear 経由）"],"fullName":"SFXGenerator playFanfare 検証（correct / levelClear / allClear 経由） correct で setTimeout 経由で 3 ノート再生されること","status":"passed","title":"correct で setTimeout 経由で 3 ノート再生されること","duration":21.632332999999562,"failureMessages":[],"meta":{},"tags":[]},{"ancestorTitles":["SFXGenerator","playFanfare 検証（correct / levelClear / allClear 経由）"],"fullName":"SFXGenerator playFanfare 検証（correct / levelClear / allClear 経由） levelClear で setTimeout 経由で 4 ノート再生されること","status":"passed","title":"levelClear で setTimeout 経由で 4 ノート再生されること","duration":1.08600000000024,"failureMessages":[],"meta":{},"tags":[]},{"ancestorTitles":["SFXGenerator","playFanfare 検証（correct / levelClear / allClear 経由）"],"fullName":"SFXGenerator playFanfare 検証（correct / levelClear / allClear 経由） allClear で setTimeout 経由で 6 ノート再生されること","status":"passed","title":"allClear で setTimeout 経由で 6 ノート再生されること","duration":1.3800000000001091,"failureMessages":[],"meta":{},"tags":[]},{"ancestorTitles":["SFXGenerator","playFanfare 検証（correct / levelClear / allClear 経由）"],"fullName":"SFXGenerator playFanfare 検証（correct / levelClear / allClear 経由） correct の最初のノートは delay=0 で再生されること","status":"passed","title":"correct の最初のノートは delay=0 で再生されること","duration":1.4299999999993815,"failureMessages":[],"meta":{},"tags":[]},{"ancestorTitles":["SFXGenerator","playTone 検証（incorrect / hint 経由）"],"fullName":"SFXGenerator playTone 検証（incorrect / hint 経由） incorrect で setTimeout 経由で 2 ノート再生されること","status":"passed","title":"incorrect で setTimeout 経由で 2 ノート再生されること","duration":1.2177910000000338,"failureMessages":[],"meta":{},"tags":[]},{"ancestorTitles":["SFXGenerator","playTone 検証（incorrect / hint 経由）"],"fullName":"SFXGenerator playTone 検証（incorrect / hint 経由） hint で setTimeout 経由で 2 ノート再生されること","status":"passed","title":"hint で setTimeout 経由で 2 ノート再生されること","duration":0.7591250000004948,"failureMessages":[],"meta":{},"tags":[]},{"ancestorTitles":["SFXGenerator","playTone 検証（incorrect / hint 経由）"],"fullName":"SFXGenerator playTone 検証（incorrect / hint 経由） incorrect の最初のノートは delay=0 で再生されること","status":"passed","title":"incorrect の最初のノートは delay=0 で再生されること","duration":0.7041669999998703,"failureMessages":[],"meta":{},"tags":[]},{"ancestorTitles":["SFXGenerator","playChord 検証（clockSet 経由）"],"fullName":"SFXGenerator playChord 検証（clockSet 経由） clockSet で 3 つの音が同時に再生されること","status":"passed","title":"clockSet で 3 つの音が同時に再生されること","duration":0.6767919999992955,"failureMessages":[],"meta":{},"tags":[]},{"ancestorTitles":["SFXGenerator","playChord 検証（clockSet 経由）"],"fullName":"SFXGenerator playChord 検証（clockSet 経由） clockSet で各オシレーターが connect → start → stop されること","status":"passed","title":"clockSet で各オシレーターが connect → start → stop されること","duration":1.818540999999641,"failureMessages":[],"meta":{},"tags":[]}],"startTime":1777699442386,"endTime":1777699442487.8186,"status":"passed","message":"","name":"/Users/shingotada/Documents/vscode/watch-game/tests/game/audio/SFXGenerator.test.ts"},{"assertionResults":[{"ancestorTitles":["LevelConfig"],"fullName":"LevelConfig should have 4 levels","status":"passed","title":"should have 4 levels","duration":3.0236250000002656,"failureMessages":[],"meta":{},"tags":[]},{"ancestorTitles":["LevelConfig"],"fullName":"LevelConfig each level should have valid properties","status":"passed","title":"each level should have valid properties","duration":1.7762499999998909,"failureMessages":[],"meta":{},"tags":[]},{"ancestorTitles":["LevelConfig"],"fullName":"LevelConfig getLevelDef should return correct level","status":"passed","title":"getLevelDef should return correct level","duration":0.3657499999999345,"failureMessages":[],"meta":{},"tags":[]},{"ancestorTitles":["LevelConfig"],"fullName":"LevelConfig getLevelDef should fallback for invalid level","status":"passed","title":"getLevelDef should fallback for invalid level","duration":0.23287500000014916,"failureMessages":[],"meta":{},"tags":[]},{"ancestorTitles":["DailySchedule"],"fullName":"DailySchedule should have 8 events","status":"passed","title":"should have 8 events","duration":0.24808299999995143,"failureMessages":[],"meta":{},"tags":[]},{"ancestorTitles":["DailySchedule"],"fullName":"DailySchedule each event should have valid time","status":"passed","title":"each event should have valid time","duration":1.7402499999998327,"failureMessages":[],"meta":{},"tags":[]}],"startTime":1777699442970,"endTime":1777699442977.7402,"status":"passed","message":"","name":"/Users/shingotada/Documents/vscode/watch-game/tests/game/config/Config.test.ts"},{"assertionResults":[{"ancestorTitles":["CorrectEffect"],"fullName":"CorrectEffect dispose() で geometry と material が解放されること","status":"passed","title":"dispose() で geometry と material が解放されること","duration":7.887624999999389,"failureMessages":[],"meta":{},"tags":[]},{"ancestorTitles":["CorrectEffect"],"fullName":"CorrectEffect dispose() 後に update() を呼んでもエラーにならないこと","status":"passed","title":"dispose() 後に update() を呼んでもエラーにならないこと","duration":3.152208999999857,"failureMessages":[],"meta":{},"tags":[]},{"ancestorTitles":["CorrectEffect"],"fullName":"CorrectEffect dispose() を2回呼んでもエラーにならないこと（冪等性）","status":"passed","title":"dispose() を2回呼んでもエラーにならないこと（冪等性）","duration":0.7697499999994761,"failureMessages":[],"meta":{},"tags":[]},{"ancestorTitles":["CorrectEffect"],"fullName":"CorrectEffect trigger() 前に dispose() を呼んでもエラーにならないこと","status":"passed","title":"trigger() 前に dispose() を呼んでもエラーにならないこと","duration":0.5641249999998763,"failureMessages":[],"meta":{},"tags":[]},{"ancestorTitles":["IncorrectEffect"],"fullName":"IncorrectEffect dispose() で geometry と material が解放されること","status":"passed","title":"dispose() で geometry と material が解放されること","duration":1.1125410000004194,"failureMessages":[],"meta":{},"tags":[]},{"ancestorTitles":["IncorrectEffect"],"fullName":"IncorrectEffect dispose() 後に update() を呼んでもエラーにならないこと","status":"passed","title":"dispose() 後に update() を呼んでもエラーにならないこと","duration":12.581417000000329,"failureMessages":[],"meta":{},"tags":[]},{"ancestorTitles":["IncorrectEffect"],"fullName":"IncorrectEffect dispose() を2回呼んでもエラーにならないこと（冪等性）","status":"passed","title":"dispose() を2回呼んでもエラーにならないこと（冪等性）","duration":1.6393330000000788,"failureMessages":[],"meta":{},"tags":[]},{"ancestorTitles":["IncorrectEffect"],"fullName":"IncorrectEffect trigger() 前に dispose() を呼んでもエラーにならないこと","status":"passed","title":"trigger() 前に dispose() を呼んでもエラーにならないこと","duration":0.39649999999983265,"failureMessages":[],"meta":{},"tags":[]},{"ancestorTitles":["FireworkEffect"],"fullName":"FireworkEffect dispose() でロケットがシーンから除去されること","status":"passed","title":"dispose() でロケットがシーンから除去されること","duration":2.01050000000032,"failureMessages":[],"meta":{},"tags":[]},{"ancestorTitles":["FireworkEffect"],"fullName":"FireworkEffect dispose() 後に update() を呼んでもエラーにならないこと","status":"passed","title":"dispose() 後に update() を呼んでもエラーにならないこと","duration":1.1810000000004948,"failureMessages":[],"meta":{},"tags":[]},{"ancestorTitles":["FireworkEffect"],"fullName":"FireworkEffect dispose() を2回呼んでもエラーにならないこと（冪等性）","status":"passed","title":"dispose() を2回呼んでもエラーにならないこと（冪等性）","duration":1.258458000000246,"failureMessages":[],"meta":{},"tags":[]},{"ancestorTitles":["FireworkEffect"],"fullName":"FireworkEffect trigger() 前に dispose() を呼んでもエラーにならないこと","status":"passed","title":"trigger() 前に dispose() を呼んでもエラーにならないこと","duration":0.3367079999998168,"failureMessages":[],"meta":{},"tags":[]}],"startTime":1777699438712,"endTime":1777699438747.3367,"status":"passed","message":"","name":"/Users/shingotada/Documents/vscode/watch-game/tests/game/effects/EffectDispose.test.ts"},{"assertionResults":[{"ancestorTitles":["Clock3D"],"fullName":"Clock3D should initialize at 12:00","status":"passed","title":"should initialize at 12:00","duration":67.59420899999986,"failureMessages":[],"meta":{},"tags":[]},{"ancestorTitles":["Clock3D"],"fullName":"Clock3D should set and get time correctly","status":"passed","title":"should set and get time correctly","duration":5.473167000000103,"failureMessages":[],"meta":{},"tags":[]},{"ancestorTitles":["Clock3D"],"fullName":"Clock3D should snap minutes to step","status":"passed","title":"should snap minutes to step","duration":4.005292000000736,"failureMessages":[],"meta":{},"tags":[]},{"ancestorTitles":["Clock3D"],"fullName":"Clock3D should snap minutes to 30-min step","status":"passed","title":"should snap minutes to 30-min step","duration":25.776417000000038,"failureMessages":[],"meta":{},"tags":[]},{"ancestorTitles":["Clock3D"],"fullName":"Clock3D should convert angles to minutes (12 oclock = 0 min)","status":"passed","title":"should convert angles to minutes (12 oclock = 0 min)","duration":6.316667000000052,"failureMessages":[],"meta":{},"tags":[]},{"ancestorTitles":["Clock3D"],"fullName":"Clock3D should convert angles to minutes (3 oclock = 15 min)","status":"passed","title":"should convert angles to minutes (3 oclock = 15 min)","duration":8.995582999999897,"failureMessages":[],"meta":{},"tags":[]},{"ancestorTitles":["Clock3D"],"fullName":"Clock3D should convert angles to minutes (6 oclock = 30 min)","status":"passed","title":"should convert angles to minutes (6 oclock = 30 min)","duration":9.63379199999963,"failureMessages":[],"meta":{},"tags":[]},{"ancestorTitles":["Clock3D"],"fullName":"Clock3D should have a clock face mesh","status":"passed","title":"should have a clock face mesh","duration":5.96612499999992,"failureMessages":[],"meta":{},"tags":[]},{"ancestorTitles":["Clock3D"],"fullName":"Clock3D should set hour angle to 3 oclock","status":"passed","title":"should set hour angle to 3 oclock","duration":8.615749999999935,"failureMessages":[],"meta":{},"tags":[]},{"ancestorTitles":["Clock3D"],"fullName":"Clock3D should set hour angle to 12 oclock","status":"passed","title":"should set hour angle to 12 oclock","duration":27.31279100000029,"failureMessages":[],"meta":{},"tags":[]},{"ancestorTitles":["Clock3D"],"fullName":"Clock3D should set hour angle to 6 oclock","status":"passed","title":"should set hour angle to 6 oclock","duration":3.1677920000001905,"failureMessages":[],"meta":{},"tags":[]},{"ancestorTitles":["Clock3D"],"fullName":"Clock3D should return hand tip positions","status":"passed","title":"should return hand tip positions","duration":15.5962499999996,"failureMessages":[],"meta":{},"tags":[]},{"ancestorTitles":["Clock3D"],"fullName":"Clock3D getHandTipPosition should reuse provided target instance","status":"passed","title":"getHandTipPosition should reuse provided target instance","duration":19.622707999999875,"failureMessages":[],"meta":{},"tags":[]},{"ancestorTitles":["Clock3D"],"fullName":"Clock3D getHandTipPosition without target should return a new Vector3 each call","status":"passed","title":"getHandTipPosition without target should return a new Vector3 each call","duration":9.376750000000357,"failureMessages":[],"meta":{},"tags":[]},{"ancestorTitles":["Clock3D"],"fullName":"Clock3D should increment hours when snapMinutes rounds to 60 (step=30, min=45)","status":"passed","title":"should increment hours when snapMinutes rounds to 60 (step=30, min=45)","duration":4.023833000000195,"failureMessages":[],"meta":{},"tags":[]},{"ancestorTitles":["Clock3D"],"fullName":"Clock3D should increment hours when snapMinutes rounds to 60 (step=5, min=58)","status":"passed","title":"should increment hours when snapMinutes rounds to 60 (step=5, min=58)","duration":5.191292000000431,"failureMessages":[],"meta":{},"tags":[]},{"ancestorTitles":["Clock3D"],"fullName":"Clock3D should wrap hours from 12 to 1 when snapMinutes rounds to 60","status":"passed","title":"should wrap hours from 12 to 1 when snapMinutes rounds to 60","duration":30.93829099999948,"failureMessages":[],"meta":{},"tags":[]},{"ancestorTitles":["Clock3D"],"fullName":"Clock3D should not change hours when snapMinutes does not reach 60 (step=30, min=14)","status":"passed","title":"should not change hours when snapMinutes does not reach 60 (step=30, min=14)","duration":2.739958999999544,"failureMessages":[],"meta":{},"tags":[]},{"ancestorTitles":["Clock3D"],"fullName":"Clock3D should highlight and clear hand","status":"passed","title":"should highlight and clear hand","duration":1.9182499999997162,"failureMessages":[],"meta":{},"tags":[]},{"ancestorTitles":["Clock3D","tick geometry and material sharing"],"fullName":"Clock3D tick geometry and material sharing should share geometry among same type ticks (major/minor)","status":"passed","title":"should share geometry among same type ticks (major/minor)","duration":19.08129100000042,"failureMessages":[],"meta":{},"tags":[]},{"ancestorTitles":["Clock3D","dispose"],"fullName":"Clock3D dispose should not throw when called","status":"passed","title":"should not throw when called","duration":7.833125000000109,"failureMessages":[],"meta":{},"tags":[]},{"ancestorTitles":["Clock3D","dispose"],"fullName":"Clock3D dispose should remove all children from group","status":"passed","title":"should remove all children from group","duration":5.604750000000422,"failureMessages":[],"meta":{},"tags":[]},{"ancestorTitles":["Clock3D","dispose"],"fullName":"Clock3D dispose should not throw when called twice (idempotent)","status":"passed","title":"should not throw when called twice (idempotent)","duration":3.0654160000003685,"failureMessages":[],"meta":{},"tags":[]},{"ancestorTitles":["Clock3D","dispose"],"fullName":"Clock3D dispose should dispose unique geometries and materials once","status":"passed","title":"should dispose unique geometries and materials once","duration":6.938625000000684,"failureMessages":[],"meta":{},"tags":[]},{"ancestorTitles":["Clock3D","dispose"],"fullName":"Clock3D dispose should dispose unique textures on materials","status":"passed","title":"should dispose unique textures on materials","duration":32.16804200000024,"failureMessages":[],"meta":{},"tags":[]}],"startTime":1777699438593,"endTime":1777699438933.168,"status":"passed","message":"","name":"/Users/shingotada/Documents/vscode/watch-game/tests/game/entities/Clock3D.test.ts"},{"assertionResults":[{"ancestorTitles":["SaveManager"],"fullName":"SaveManager should return default data when no save exists","status":"passed","title":"should return default data when no save exists","duration":5.754166000000623,"failureMessages":[],"meta":{},"tags":[]},{"ancestorTitles":["SaveManager"],"fullName":"SaveManager should save and load data","status":"passed","title":"should save and load data","duration":0.8983329999991838,"failureMessages":[],"meta":{},"tags":[]},{"ancestorTitles":["SaveManager"],"fullName":"SaveManager should add completed level without duplicates","status":"passed","title":"should add completed level without duplicates","duration":0.6241669999999431,"failureMessages":[],"meta":{},"tags":[]},{"ancestorTitles":["SaveManager"],"fullName":"SaveManager should add trophies without duplicates","status":"passed","title":"should add trophies without duplicates","duration":0.44025000000056025,"failureMessages":[],"meta":{},"tags":[]},{"ancestorTitles":["SaveManager"],"fullName":"SaveManager should sanitize trophies array elements when loading","status":"passed","title":"should sanitize trophies array elements when loading","duration":0.37387500000022555,"failureMessages":[],"meta":{},"tags":[]},{"ancestorTitles":["SaveManager"],"fullName":"SaveManager should update best score only if higher","status":"passed","title":"should update best score only if higher","duration":0.6832079999994676,"failureMessages":[],"meta":{},"tags":[]},{"ancestorTitles":["SaveManager"],"fullName":"SaveManager should increment stats","status":"passed","title":"should increment stats","duration":0.4095420000003287,"failureMessages":[],"meta":{},"tags":[]},{"ancestorTitles":["SaveManager"],"fullName":"SaveManager should clear data","status":"passed","title":"should clear data","duration":0.3827500000006694,"failureMessages":[],"meta":{},"tags":[]},{"ancestorTitles":["SaveManager"],"fullName":"SaveManager should handle corrupted data gracefully (non-json)","status":"passed","title":"should handle corrupted data gracefully (non-json)","duration":0.32333399999970425,"failureMessages":[],"meta":{},"tags":[]},{"ancestorTitles":["SaveManager"],"fullName":"SaveManager should fallback to default for structurally corrupted data and allow recovery","status":"passed","title":"should fallback to default for structurally corrupted data and allow recovery","duration":2.271500000000742,"failureMessages":[],"meta":{},"tags":[]}],"startTime":1777699442833,"endTime":1777699442845.2715,"status":"passed","message":"","name":"/Users/shingotada/Documents/vscode/watch-game/tests/game/storage/SaveManager.test.ts"},{"assertionResults":[{"ancestorTitles":["ClockController","イベントリスナー管理"],"fullName":"ClockController イベントリスナー管理 setEnabled(true) で canvas に4種のイベントリスナーが登録されること","status":"passed","title":"setEnabled(true) で canvas に4種のイベントリスナーが登録されること","duration":786.3551660000003,"failureMessages":[],"meta":{},"tags":[]},{"ancestorTitles":["ClockController","イベントリスナー管理"],"fullName":"ClockController イベントリスナー管理 setEnabled(false) で全リスナーが解除されること","status":"passed","title":"setEnabled(false) で全リスナーが解除されること","duration":31.272500000000036,"failureMessages":[],"meta":{},"tags":[]},{"ancestorTitles":["ClockController","イベントリスナー管理"],"fullName":"ClockController イベントリスナー管理 setEnabled(true) を2回呼んでもリスナーが二重登録されないこと","status":"passed","title":"setEnabled(true) を2回呼んでもリスナーが二重登録されないこと","duration":32.63854099999935,"failureMessages":[],"meta":{},"tags":[]},{"ancestorTitles":["ClockController","イベントリスナー管理"],"fullName":"ClockController イベントリスナー管理 dispose() 後にリスナーが解除されること","status":"passed","title":"dispose() 後にリスナーが解除されること","duration":18.835415999999896,"failureMessages":[],"meta":{},"tags":[]},{"ancestorTitles":["ClockController","角度ジャンプ抑制"],"fullName":"ClockController 角度ジャンプ抑制 小さな角度変化（< 60°）が正常に通ること","status":"passed","title":"小さな角度変化（< 60°）が正常に通ること","duration":42.333834000000024,"failureMessages":[],"meta":{},"tags":[]},{"ancestorTitles":["ClockController","角度ジャンプ抑制"],"fullName":"ClockController 角度ジャンプ抑制 大きな角度ジャンプ（> 60°）が棄却されること","status":"passed","title":"大きな角度ジャンプ（> 60°）が棄却されること","duration":7.475499999999556,"failureMessages":[],"meta":{},"tags":[]},{"ancestorTitles":["ClockController","角度ジャンプ抑制"],"fullName":"ClockController 角度ジャンプ抑制 π付近のラップアラウンドが正しく正規化されること","status":"passed","title":"π付近のラップアラウンドが正しく正規化されること","duration":5.905624999999418,"failureMessages":[],"meta":{},"tags":[]},{"ancestorTitles":["ClockController","ドラッグフロー統合テスト"],"fullName":"ClockController ドラッグフロー統合テスト pointerdown → pointermove → pointerup で onChange が呼ばれること","status":"passed","title":"pointerdown → pointermove → pointerup で onChange が呼ばれること","duration":5.180459000000155,"failureMessages":[],"meta":{},"tags":[]},{"ancestorTitles":["ClockController","ドラッグフロー統合テスト"],"fullName":"ClockController ドラッグフロー統合テスト enabled = false のとき dragging が開始されないこと","status":"passed","title":"enabled = false のとき dragging が開始されないこと","duration":4.245125000000371,"failureMessages":[],"meta":{},"tags":[]},{"ancestorTitles":["ClockController","ドラッグフロー統合テスト"],"fullName":"ClockController ドラッグフロー統合テスト ドラッグ中に setEnabled(false) すると dragging 状態がリセットされること","status":"passed","title":"ドラッグ中に setEnabled(false) すると dragging 状態がリセットされること","duration":4.328209000000243,"failureMessages":[],"meta":{},"tags":[]},{"ancestorTitles":["ClockController","スナップ連携"],"fullName":"ClockController スナップ連携 setSnapStep(5) 設定時、pointerup で snapMinutes(5) が呼ばれること","status":"passed","title":"setSnapStep(5) 設定時、pointerup で snapMinutes(5) が呼ばれること","duration":83.06454099999974,"failureMessages":[],"meta":{},"tags":[]},{"ancestorTitles":["ClockController","onChange 時刻変化チェック"],"fullName":"ClockController onChange 時刻変化チェック ドラッグ中にスナップ後の時刻が変化しない pointermove ではコールバックが呼ばれないこと","status":"passed","title":"ドラッグ中にスナップ後の時刻が変化しない pointermove ではコールバックが呼ばれないこと","duration":5.686832999999751,"failureMessages":[],"meta":{},"tags":[]},{"ancestorTitles":["ClockController","onChange 時刻変化チェック"],"fullName":"ClockController onChange 時刻変化チェック ドラッグ中にスナップ後の時刻が変化する pointermove ではコールバックが呼ばれること","status":"passed","title":"ドラッグ中にスナップ後の時刻が変化する pointermove ではコールバックが呼ばれること","duration":35.14216699999997,"failureMessages":[],"meta":{},"tags":[]},{"ancestorTitles":["ClockController","onChange 時刻変化チェック"],"fullName":"ClockController onChange 時刻変化チェック onPointerUp 後に時刻変化がある場合のみコールバックが呼ばれること","status":"passed","title":"onPointerUp 後に時刻変化がある場合のみコールバックが呼ばれること","duration":7.931583000000501,"failureMessages":[],"meta":{},"tags":[]},{"ancestorTitles":["ClockController","onChange 時刻変化チェック"],"fullName":"ClockController onChange 時刻変化チェック onPointerUp でスナップにより時刻が変化する場合はコールバックが呼ばれること","status":"passed","title":"onPointerUp でスナップにより時刻が変化する場合はコールバックが呼ばれること","duration":5.651792000000569,"failureMessages":[],"meta":{},"tags":[]},{"ancestorTitles":["ClockController","onChange 時刻変化チェック"],"fullName":"ClockController onChange 時刻変化チェック 短針ドラッグ時にも時刻変化チェックが機能すること","status":"passed","title":"短針ドラッグ時にも時刻変化チェックが機能すること","duration":22.322791999999936,"failureMessages":[],"meta":{},"tags":[]},{"ancestorTitles":["ClockController","onChange 時刻変化チェック"],"fullName":"ClockController onChange 時刻変化チェック setEnabled(false) → setEnabled(true) → 再ドラッグで正しく動作すること","status":"passed","title":"setEnabled(false) → setEnabled(true) → 再ドラッグで正しく動作すること","duration":11.785667000000103,"failureMessages":[],"meta":{},"tags":[]},{"ancestorTitles":["ClockController","一時オブジェクト再利用"],"fullName":"ClockController 一時オブジェクト再利用 getNDC が同一の Vector2 インスタンスを返すこと","status":"passed","title":"getNDC が同一の Vector2 インスタンスを返すこと","duration":21.85808300000008,"failureMessages":[],"meta":{},"tags":[]},{"ancestorTitles":["ClockController","一時オブジェクト再利用"],"fullName":"ClockController 一時オブジェクト再利用 getWorldPoint が同一の Vector3 インスタンスを返すこと","status":"passed","title":"getWorldPoint が同一の Vector3 インスタンスを返すこと","duration":3.5369590000000244,"failureMessages":[],"meta":{},"tags":[]},{"ancestorTitles":["ClockController","一時オブジェクト再利用"],"fullName":"ClockController 一時オブジェクト再利用 selectHand は getHandTipPosition に再利用ベクタを渡して呼び出すこと","status":"passed","title":"selectHand は getHandTipPosition に再利用ベクタを渡して呼び出すこと","duration":31.689374999999927,"failureMessages":[],"meta":{},"tags":[]},{"ancestorTitles":["pixelsToWorldDistance (integration)"],"fullName":"pixelsToWorldDistance (integration) produces positive distances for perspective camera","status":"passed","title":"produces positive distances for perspective camera","duration":1.4420829999999114,"failureMessages":[],"meta":{},"tags":[]},{"ancestorTitles":["pixelsToWorldDistance (integration)"],"fullName":"pixelsToWorldDistance (integration) returns finite positive distance when camera is at same z as plane (perspective)","status":"passed","title":"returns finite positive distance when camera is at same z as plane (perspective)","duration":1.4687910000002375,"failureMessages":[],"meta":{},"tags":[]},{"ancestorTitles":["pixelsToWorldDistance (integration)"],"fullName":"pixelsToWorldDistance (integration) produces positive distance for orthographic camera even when camera at same z","status":"passed","title":"produces positive distance for orthographic camera even when camera at same z","duration":1.0516659999993863,"failureMessages":[],"meta":{},"tags":[]},{"ancestorTitles":["pixelsToWorldDistance (integration)"],"fullName":"pixelsToWorldDistance (integration) produces different values for orthographic vs perspective","status":"passed","title":"produces different values for orthographic vs perspective","duration":0.7217499999997017,"failureMessages":[],"meta":{},"tags":[]},{"ancestorTitles":["pixelsToWorldDistance (integration)"],"fullName":"pixelsToWorldDistance (integration) returns fallback when canvas rect is zero-sized","status":"passed","title":"returns fallback when canvas rect is zero-sized","duration":0.4295830000000933,"failureMessages":[],"meta":{},"tags":[]},{"ancestorTitles":["pixelsToWorldDistance (integration)"],"fullName":"pixelsToWorldDistance (integration) returns fallback when pixels is non-positive","status":"passed","title":"returns fallback when pixels is non-positive","duration":0.32820799999990413,"failureMessages":[],"meta":{},"tags":[]}],"startTime":1777699422210,"endTime":1777699423405.4297,"status":"passed","message":"","name":"/Users/shingotada/Documents/vscode/watch-game/tests/game/systems/ClockController.test.ts"},{"assertionResults":[{"ancestorTitles":["PerformanceManager"],"fullName":"PerformanceManager applies initial pixel ratio and size on applyInitial","status":"passed","title":"applies initial pixel ratio and size on applyInitial","duration":4.984375,"failureMessages":[],"meta":{},"tags":[]},{"ancestorTitles":["PerformanceManager"],"fullName":"PerformanceManager downgrades quality when frame times are high","status":"passed","title":"downgrades quality when frame times are high","duration":1.0547499999993306,"failureMessages":[],"meta":{},"tags":[]},{"ancestorTitles":["PerformanceManager"],"fullName":"PerformanceManager upgrades quality when frame times are low","status":"passed","title":"upgrades quality when frame times are low","duration":0.5200839999997697,"failureMessages":[],"meta":{},"tags":[]}],"startTime":1777699443034,"endTime":1777699443040.52,"status":"passed","message":"","name":"/Users/shingotada/Documents/vscode/watch-game/tests/game/systems/PerformanceManager.test.ts"},{"assertionResults":[{"ancestorTitles":["QuizGenerator"],"fullName":"QuizGenerator should generate times within level 1 constraints (hours only)","status":"passed","title":"should generate times within level 1 constraints (hours only)","duration":4.430707999999868,"failureMessages":[],"meta":{},"tags":[]},{"ancestorTitles":["QuizGenerator"],"fullName":"QuizGenerator should generate times within level 2 constraints (30-min steps)","status":"passed","title":"should generate times within level 2 constraints (30-min steps)","duration":1.6557080000002316,"failureMessages":[],"meta":{},"tags":[]},{"ancestorTitles":["QuizGenerator"],"fullName":"QuizGenerator should generate times within level 3 constraints (5-min steps)","status":"passed","title":"should generate times within level 3 constraints (5-min steps)","duration":0.7060830000000351,"failureMessages":[],"meta":{},"tags":[]},{"ancestorTitles":["QuizGenerator"],"fullName":"QuizGenerator should generate times within level 4 constraints (1-min steps)","status":"passed","title":"should generate times within level 4 constraints (1-min steps)","duration":1.2533330000001115,"failureMessages":[],"meta":{},"tags":[]},{"ancestorTitles":["QuizGenerator"],"fullName":"QuizGenerator should generate 4 unique choices","status":"passed","title":"should generate 4 unique choices","duration":0.6455410000003212,"failureMessages":[],"meta":{},"tags":[]},{"ancestorTitles":["QuizGenerator"],"fullName":"QuizGenerator should filter wrap-around close choices (correct=12:55, wrong=1:00)","status":"passed","title":"should filter wrap-around close choices (correct=12:55, wrong=1:00)","duration":1.7559999999998581,"failureMessages":[],"meta":{},"tags":[]},{"ancestorTitles":["QuizGenerator"],"fullName":"QuizGenerator should filter wrap-around close choices (correct=1:00, wrong=12:55)","status":"passed","title":"should filter wrap-around close choices (correct=1:00, wrong=12:55)","duration":0.6617080000000897,"failureMessages":[],"meta":{},"tags":[]},{"ancestorTitles":["QuizGenerator"],"fullName":"QuizGenerator should fallback to enumerated candidates when attempts exhausted","status":"passed","title":"should fallback to enumerated candidates when attempts exhausted","duration":0.9434590000000753,"failureMessages":[],"meta":{},"tags":[]},{"ancestorTitles":["generateUniqueTime"],"fullName":"generateUniqueTime should return a time not in exclude list","status":"passed","title":"should return a time not in exclude list","duration":1.1406670000001213,"failureMessages":[],"meta":{},"tags":[]},{"ancestorTitles":["generateUniqueTime"],"fullName":"generateUniqueTime should generate all unique times for level 1 with 5 questions","status":"passed","title":"should generate all unique times for level 1 with 5 questions","duration":0.47558299999991505,"failureMessages":[],"meta":{},"tags":[]},{"ancestorTitles":["generateUniqueTime"],"fullName":"generateUniqueTime should not crash when exclude covers all candidates (fallback)","status":"passed","title":"should not crash when exclude covers all candidates (fallback)","duration":0.8258749999999964,"failureMessages":[],"meta":{},"tags":[]},{"ancestorTitles":["formatTime"],"fullName":"formatTime should format exact hours","status":"passed","title":"should format exact hours","duration":0.21004100000027393,"failureMessages":[],"meta":{},"tags":[]},{"ancestorTitles":["formatTime"],"fullName":"formatTime should format half hours","status":"passed","title":"should format half hours","duration":0.12745799999993324,"failureMessages":[],"meta":{},"tags":[]},{"ancestorTitles":["formatTime"],"fullName":"formatTime should format other minutes","status":"passed","title":"should format other minutes","duration":0.11845800000037343,"failureMessages":[],"meta":{},"tags":[]},{"ancestorTitles":["QuizGenerator fallback"],"fullName":"QuizGenerator fallback should return 4 unique choices when generateTime repeatedly returns filtered candidates","status":"passed","title":"should return 4 unique choices when generateTime repeatedly returns filtered candidates","duration":1.3341249999998581,"failureMessages":[],"meta":{},"tags":[]}],"startTime":1777699442587,"endTime":1777699442604.3342,"status":"passed","message":"","name":"/Users/shingotada/Documents/vscode/watch-game/tests/game/systems/QuizGenerator.test.ts"},{"assertionResults":[{"ancestorTitles":["TimeValidator"],"fullName":"TimeValidator should validate exact match","status":"passed","title":"should validate exact match","duration":3.1080830000000788,"failureMessages":[],"meta":{},"tags":[]},{"ancestorTitles":["TimeValidator"],"fullName":"TimeValidator should validate within tolerance","status":"passed","title":"should validate within tolerance","duration":0.28683300000011513,"failureMessages":[],"meta":{},"tags":[]},{"ancestorTitles":["TimeValidator"],"fullName":"TimeValidator should reject outside tolerance","status":"passed","title":"should reject outside tolerance","duration":0.21091700000033597,"failureMessages":[],"meta":{},"tags":[]},{"ancestorTitles":["TimeValidator"],"fullName":"TimeValidator should handle wrap-around (12:55 vs 1:05)","status":"passed","title":"should handle wrap-around (12:55 vs 1:05)","duration":0.20337499999959618,"failureMessages":[],"meta":{},"tags":[]},{"ancestorTitles":["TimeValidator"],"fullName":"TimeValidator should work with tight tolerance (1 minute)","status":"passed","title":"should work with tight tolerance (1 minute)","duration":0.23870800000031522,"failureMessages":[],"meta":{},"tags":[]}],"startTime":1777699445025,"endTime":1777699445029.2388,"status":"passed","message":"","name":"/Users/shingotada/Documents/vscode/watch-game/tests/game/systems/TimeValidator.test.ts"},{"assertionResults":[{"ancestorTitles":["Clock disposal on scene exit"],"fullName":"Clock disposal on scene exit TitleScene should dispose Clock3D on exit and remove clock elements from scene","status":"passed","title":"TitleScene should dispose Clock3D on exit and remove clock elements from scene","duration":1707.5888340000001,"failureMessages":[],"meta":{},"tags":[]}],"startTime":1777699422198,"endTime":1777699423905.5889,"status":"passed","message":"","name":"/Users/shingotada/Documents/vscode/watch-game/tests/game/scenes/ClockDisposal.test.ts"},{"assertionResults":[{"ancestorTitles":["DailyPlayScene"],"fullName":"DailyPlayScene exit() 後に setTimeout コールバックが requestTransition を呼ばないこと","status":"passed","title":"exit() 後に setTimeout コールバックが requestTransition を呼ばないこと","duration":1114.6924169999993,"failureMessages":[],"meta":{},"tags":[]},{"ancestorTitles":["DailyPlayScene"],"fullName":"DailyPlayScene handleConfirm() 後にボタンが視覚的に無効化されること","status":"passed","title":"handleConfirm() 後にボタンが視覚的に無効化されること","duration":173.30558399999973,"failureMessages":[],"meta":{},"tags":[]},{"ancestorTitles":["DailyPlayScene"],"fullName":"DailyPlayScene 次のイベント表示後にボタンが再度有効化されること","status":"passed","title":"次のイベント表示後にボタンが再度有効化されること","duration":203.78562500000044,"failureMessages":[],"meta":{},"tags":[]},{"ancestorTitles":["DailyPlayScene"],"fullName":"DailyPlayScene enter() で pendingTimers が初期化されること（再入時の防御）","status":"passed","title":"enter() で pendingTimers が初期化されること（再入時の防御）","duration":340.5846249999995,"failureMessages":[],"meta":{},"tags":[]},{"ancestorTitles":["DailyPlayScene"],"fullName":"DailyPlayScene 不正解時に CurrentTimeDisplay が正解の時刻に更新されること","status":"passed","title":"不正解時に CurrentTimeDisplay が正解の時刻に更新されること","duration":208.45766699999876,"failureMessages":[],"meta":{},"tags":[]},{"ancestorTitles":["DailyPlayScene"],"fullName":"DailyPlayScene enter() で CurrentTimeDisplay に初期時刻 12:00 が表示されること","status":"passed","title":"enter() で CurrentTimeDisplay に初期時刻 12:00 が表示されること","duration":67.25333300000057,"failureMessages":[],"meta":{},"tags":[]},{"ancestorTitles":["DailyPlayScene"],"fullName":"DailyPlayScene exit() で CurrentTimeDisplay が unmount されること","status":"passed","title":"exit() で CurrentTimeDisplay が unmount されること","duration":129.87937500000044,"failureMessages":[],"meta":{},"tags":[]}],"startTime":1777699422444,"endTime":1777699424681.8794,"status":"passed","message":"","name":"/Users/shingotada/Documents/vscode/watch-game/tests/game/scenes/DailyPlayScene.test.ts"},{"assertionResults":[{"ancestorTitles":["LevelSelectScene","星評価表示（ベストスコアベース）"],"fullName":"LevelSelectScene 星評価表示（ベストスコアベース） 未プレイのレベルは ☆☆☆ を表示する","status":"passed","title":"未プレイのレベルは ☆☆☆ を表示する","duration":935.8993339999997,"failureMessages":[],"meta":{},"tags":[]},{"ancestorTitles":["LevelSelectScene","星評価表示（ベストスコアベース）"],"fullName":"LevelSelectScene 星評価表示（ベストスコアベース） ratio < 0.6 のとき ☆☆☆ を表示する","status":"passed","title":"ratio < 0.6 のとき ☆☆☆ を表示する","duration":80.7499170000001,"failureMessages":[],"meta":{},"tags":[]},{"ancestorTitles":["LevelSelectScene","星評価表示（ベストスコアベース）"],"fullName":"LevelSelectScene 星評価表示（ベストスコアベース） ratio >= 0.6 のとき ★☆☆ を表示する","status":"passed","title":"ratio >= 0.6 のとき ★☆☆ を表示する","duration":105.52187500000036,"failureMessages":[],"meta":{},"tags":[]},{"ancestorTitles":["LevelSelectScene","星評価表示（ベストスコアベース）"],"fullName":"LevelSelectScene 星評価表示（ベストスコアベース） ratio >= 0.8 のとき ★★☆ を表示する","status":"passed","title":"ratio >= 0.8 のとき ★★☆ を表示する","duration":51.70275000000038,"failureMessages":[],"meta":{},"tags":[]},{"ancestorTitles":["LevelSelectScene","星評価表示（ベストスコアベース）"],"fullName":"LevelSelectScene 星評価表示（ベストスコアベース） ratio === 1.0 のとき ★★★ を表示する","status":"passed","title":"ratio === 1.0 のとき ★★★ を表示する","duration":78.91262499999993,"failureMessages":[],"meta":{},"tags":[]},{"ancestorTitles":["LevelSelectScene","星評価表示（ベストスコアベース）"],"fullName":"LevelSelectScene 星評価表示（ベストスコアベース） 未プレイ（☆☆☆）はグレー(#BDC3C7)で表示される","status":"passed","title":"未プレイ（☆☆☆）はグレー(#BDC3C7)で表示される","duration":64.13845899999978,"failureMessages":[],"meta":{},"tags":[]},{"ancestorTitles":["LevelSelectScene","星評価表示（ベストスコアベース）"],"fullName":"LevelSelectScene 星評価表示（ベストスコアベース） ★ありはゴールド(#F39C12)で表示される","status":"passed","title":"★ありはゴールド(#F39C12)で表示される","duration":68.6857089999994,"failureMessages":[],"meta":{},"tags":[]},{"ancestorTitles":["LevelSelectScene","星評価表示（ベストスコアベース）"],"fullName":"LevelSelectScene 星評価表示（ベストスコアベース） setTime モードでも正しいキーでスコアを参照する","status":"passed","title":"setTime モードでも正しいキーでスコアを参照する","duration":83.36316699999952,"failureMessages":[],"meta":{},"tags":[]},{"ancestorTitles":["LevelSelectScene","ベストスコア・トロフィー表示"],"fullName":"LevelSelectScene ベストスコア・トロフィー表示 ベストスコアがある場合「🎯 3/5」のように表示される","status":"passed","title":"ベストスコアがある場合「🎯 3/5」のように表示される","duration":44.55537499999991,"failureMessages":[],"meta":{},"tags":[]},{"ancestorTitles":["LevelSelectScene","ベストスコア・トロフィー表示"],"fullName":"LevelSelectScene ベストスコア・トロフィー表示 ベストスコアがない（未プレイ）場合はスコア表示がない","status":"passed","title":"ベストスコアがない（未プレイ）場合はスコア表示がない","duration":13.693125000000691,"failureMessages":[],"meta":{},"tags":[]},{"ancestorTitles":["LevelSelectScene","ベストスコア・トロフィー表示"],"fullName":"LevelSelectScene ベストスコア・トロフィー表示 トロフィーがある場合「🏆」が表示される","status":"passed","title":"トロフィーがある場合「🏆」が表示される","duration":112.5209589999995,"failureMessages":[],"meta":{},"tags":[]},{"ancestorTitles":["LevelSelectScene","ベストスコア・トロフィー表示"],"fullName":"LevelSelectScene ベストスコア・トロフィー表示 トロフィーがない場合「🏆」は表示されない","status":"passed","title":"トロフィーがない場合「🏆」は表示されない","duration":19.885541999999987,"failureMessages":[],"meta":{},"tags":[]},{"ancestorTitles":["LevelSelectScene","ベストスコア・トロフィー表示"],"fullName":"LevelSelectScene ベストスコア・トロフィー表示 setTimeモードでも正しいキーでスコア・トロフィーを参照する","status":"passed","title":"setTimeモードでも正しいキーでスコア・トロフィーを参照する","duration":115.25933299999997,"failureMessages":[],"meta":{},"tags":[]}],"startTime":1777699422259,"endTime":1777699424035.2593,"status":"passed","message":"","name":"/Users/shingotada/Documents/vscode/watch-game/tests/game/scenes/LevelSelectScene.test.ts"},{"assertionResults":[{"ancestorTitles":["ModeSelectScene","進捗バッジ表示"],"fullName":"ModeSelectScene 進捗バッジ表示 未プレイ時は quiz カードに「★ 0/4」と表示される","status":"passed","title":"未プレイ時は quiz カードに「★ 0/4」と表示される","duration":1331.3369589999993,"failureMessages":[],"meta":{},"tags":[]},{"ancestorTitles":["ModeSelectScene","進捗バッジ表示"],"fullName":"ModeSelectScene 進捗バッジ表示 quiz モードでレベル1,2をクリア済みの場合「★ 2/4」と表示される","status":"passed","title":"quiz モードでレベル1,2をクリア済みの場合「★ 2/4」と表示される","duration":80.19425000000047,"failureMessages":[],"meta":{},"tags":[]},{"ancestorTitles":["ModeSelectScene","進捗バッジ表示"],"fullName":"ModeSelectScene 進捗バッジ表示 setTime モードでレベル1をクリア済みの場合「★ 1/4」と表示される","status":"passed","title":"setTime モードでレベル1をクリア済みの場合「★ 1/4」と表示される","duration":101.31966699999975,"failureMessages":[],"meta":{},"tags":[]},{"ancestorTitles":["ModeSelectScene","進捗バッジ表示"],"fullName":"ModeSelectScene 進捗バッジ表示 daily モードが未クリアの場合チェックマークが表示されない","status":"passed","title":"daily モードが未クリアの場合チェックマークが表示されない","duration":77.2195840000004,"failureMessages":[],"meta":{},"tags":[]},{"ancestorTitles":["ModeSelectScene","進捗バッジ表示"],"fullName":"ModeSelectScene 進捗バッジ表示 daily モードがクリア済み（completedLevels.daily.length > 0）の場合「✅」が表示される","status":"passed","title":"daily モードがクリア済み（completedLevels.daily.length > 0）の場合「✅」が表示される","duration":35.91304200000013,"failureMessages":[],"meta":{},"tags":[]},{"ancestorTitles":["ModeSelectScene","進捗バッジ表示"],"fullName":"ModeSelectScene 進捗バッジ表示 全レベルクリア済みの場合、分母は LEVELS.length と一致する","status":"passed","title":"全レベルクリア済みの場合、分母は LEVELS.length と一致する","duration":93.62475000000086,"failureMessages":[],"meta":{},"tags":[]},{"ancestorTitles":["ModeSelectScene","カード操作"],"fullName":"ModeSelectScene カード操作 quiz カードをクリックすると levelSelect に遷移する","status":"passed","title":"quiz カードをクリックすると levelSelect に遷移する","duration":92.82133299999987,"failureMessages":[],"meta":{},"tags":[]},{"ancestorTitles":["ModeSelectScene","カード操作"],"fullName":"ModeSelectScene カード操作 daily カードをクリックすると dailyPlay に遷移する","status":"passed","title":"daily カードをクリックすると dailyPlay に遷移する","duration":66.98370900000009,"failureMessages":[],"meta":{},"tags":[]}],"startTime":1777699430925,"endTime":1777699432805.9836,"status":"passed","message":"","name":"/Users/shingotada/Documents/vscode/watch-game/tests/game/scenes/ModeSelectScene.test.ts"},{"assertionResults":[{"ancestorTitles":["QuizPlayScene"],"fullName":"QuizPlayScene exit() 後に setTimeout コールバックが requestTransition を呼ばないこと","status":"passed","title":"exit() 後に setTimeout コールバックが requestTransition を呼ばないこと","duration":1046.6542090000003,"failureMessages":[],"meta":{},"tags":[]},{"ancestorTitles":["QuizPlayScene"],"fullName":"QuizPlayScene 質問プロンプト「なんじかな」が表示されること","status":"passed","title":"質問プロンプト「なんじかな」が表示されること","duration":167.5951669999995,"failureMessages":[],"meta":{},"tags":[]},{"ancestorTitles":["QuizPlayScene"],"fullName":"QuizPlayScene enter() で pendingTimers が初期化されること（再入時の防御）","status":"passed","title":"enter() で pendingTimers が初期化されること（再入時の防御）","duration":178.52958300000046,"failureMessages":[],"meta":{},"tags":[]},{"ancestorTitles":["QuizPlayScene","ヒントタイマー"],"fullName":"QuizPlayScene ヒントタイマー 8秒後にヒントSFXが再生されること","status":"passed","title":"8秒後にヒントSFXが再生されること","duration":135.72695900000053,"failureMessages":[],"meta":{},"tags":[]},{"ancestorTitles":["QuizPlayScene","ヒントタイマー"],"fullName":"QuizPlayScene ヒントタイマー 8秒後にボタンが2つ薄くなること（2択になる）","status":"passed","title":"8秒後にボタンが2つ薄くなること（2択になる）","duration":72.17791700000089,"failureMessages":[],"meta":{},"tags":[]},{"ancestorTitles":["QuizPlayScene","ヒントタイマー"],"fullName":"QuizPlayScene ヒントタイマー 回答するとヒントタイマーがクリアされること","status":"passed","title":"回答するとヒントタイマーがクリアされること","duration":229.49112500000047,"failureMessages":[],"meta":{},"tags":[]},{"ancestorTitles":["QuizPlayScene","ヒントタイマー"],"fullName":"QuizPlayScene ヒントタイマー ヒントは1問につき1回のみ発動すること","status":"passed","title":"ヒントは1問につき1回のみ発動すること","duration":96.6619580000006,"failureMessages":[],"meta":{},"tags":[]},{"ancestorTitles":["QuizPlayScene","ヒントタイマー"],"fullName":"QuizPlayScene ヒントタイマー exit()でヒントタイマーがクリアされること","status":"passed","title":"exit()でヒントタイマーがクリアされること","duration":88.73912500000006,"failureMessages":[],"meta":{},"tags":[]},{"ancestorTitles":["QuizPlayScene","ヒントタイマー"],"fullName":"QuizPlayScene ヒントタイマー 💡 ヒント！通知が表示されること","status":"passed","title":"💡 ヒント！通知が表示されること","duration":82.02445799999987,"failureMessages":[],"meta":{},"tags":[]}],"startTime":1777699422441,"endTime":1777699424539.0244,"status":"passed","message":"","name":"/Users/shingotada/Documents/vscode/watch-game/tests/game/scenes/QuizPlayScene.test.ts"},{"assertionResults":[{"ancestorTitles":["ResultScene","進捗保存"],"fullName":"ResultScene 進捗保存 ratio >= 0.6 かつ quiz モードで completedLevel が保存される","status":"passed","title":"ratio >= 0.6 かつ quiz モードで completedLevel が保存される","duration":925.3931250000005,"failureMessages":[],"meta":{},"tags":[]},{"ancestorTitles":["ResultScene","進捗保存"],"fullName":"ResultScene 進捗保存 ratio >= 0.6 かつ setTime モードで completedLevel が保存される","status":"passed","title":"ratio >= 0.6 かつ setTime モードで completedLevel が保存される","duration":72.11537500000031,"failureMessages":[],"meta":{},"tags":[]},{"ancestorTitles":["ResultScene","進捗保存"],"fullName":"ResultScene 進捗保存 ratio < 0.6 かつ quiz モードで completedLevel が保存されない","status":"passed","title":"ratio < 0.6 かつ quiz モードで completedLevel が保存されない","duration":46.192041000000245,"failureMessages":[],"meta":{},"tags":[]},{"ancestorTitles":["ResultScene","進捗保存"],"fullName":"ResultScene 進捗保存 ratio >= 0.6 かつ daily モードで daily の completedLevel が保存される","status":"passed","title":"ratio >= 0.6 かつ daily モードで daily の completedLevel が保存される","duration":64.9647500000001,"failureMessages":[],"meta":{},"tags":[]},{"ancestorTitles":["ResultScene","進捗保存"],"fullName":"ResultScene 進捗保存 ratio < 0.6 かつ daily モードで completedLevel が保存されない","status":"passed","title":"ratio < 0.6 かつ daily モードで completedLevel が保存されない","duration":26.49383300000045,"failureMessages":[],"meta":{},"tags":[]},{"ancestorTitles":["ResultScene","進捗保存"],"fullName":"ResultScene 進捗保存 daily モードでは quiz/setTime の completedLevel には追加されない","status":"passed","title":"daily モードでは quiz/setTime の completedLevel には追加されない","duration":16.8187910000006,"failureMessages":[],"meta":{},"tags":[]},{"ancestorTitles":["ResultScene","ベストスコアと統計"],"fullName":"ResultScene ベストスコアと統計 ratio 100% で bestScore と stats が更新される","status":"passed","title":"ratio 100% で bestScore と stats が更新される","duration":21.68066699999963,"failureMessages":[],"meta":{},"tags":[]},{"ancestorTitles":["ResultScene","ベストスコアと統計"],"fullName":"ResultScene ベストスコアと統計 ratio 40% でも bestScore と stats が更新される","status":"passed","title":"ratio 40% でも bestScore と stats が更新される","duration":9.969000000000051,"failureMessages":[],"meta":{},"tags":[]},{"ancestorTitles":["ResultScene","ベストスコアと統計"],"fullName":"ResultScene ベストスコアと統計 複数回プレイで totalPlays が加算される","status":"passed","title":"複数回プレイで totalPlays が加算される","duration":103.37962499999958,"failureMessages":[],"meta":{},"tags":[]},{"ancestorTitles":["ResultScene","トロフィー"],"fullName":"ResultScene トロフィー ratio === 1 でパーフェクトトロフィーが付与される","status":"passed","title":"ratio === 1 でパーフェクトトロフィーが付与される","duration":98.80604199999925,"failureMessages":[],"meta":{},"tags":[]},{"ancestorTitles":["ResultScene","トロフィー"],"fullName":"ResultScene トロフィー ratio < 1 ではトロフィーが付与されない","status":"passed","title":"ratio < 1 ではトロフィーが付与されない","duration":36.89829100000043,"failureMessages":[],"meta":{},"tags":[]},{"ancestorTitles":["ResultScene","BGM と SFX"],"fullName":"ResultScene BGM と SFX enter() で result BGM が開始される","status":"passed","title":"enter() で result BGM が開始される","duration":41.225374999999985,"failureMessages":[],"meta":{},"tags":[]},{"ancestorTitles":["ResultScene","BGM と SFX"],"fullName":"ResultScene BGM と SFX ratio === 1 で allClear SFX が再生される","status":"passed","title":"ratio === 1 で allClear SFX が再生される","duration":22.785667000000103,"failureMessages":[],"meta":{},"tags":[]},{"ancestorTitles":["ResultScene","BGM と SFX"],"fullName":"ResultScene BGM と SFX ratio >= 0.6 かつ < 1 で levelClear SFX が再生される","status":"passed","title":"ratio >= 0.6 かつ < 1 で levelClear SFX が再生される","duration":50.80220899999949,"failureMessages":[],"meta":{},"tags":[]},{"ancestorTitles":["ResultScene","BGM と SFX"],"fullName":"ResultScene BGM と SFX ratio < 0.6 では SFX が再生されない","status":"passed","title":"ratio < 0.6 では SFX が再生されない","duration":46.737082999999984,"failureMessages":[],"meta":{},"tags":[]},{"ancestorTitles":["ResultScene","BGM と SFX"],"fullName":"ResultScene BGM と SFX exit() で BGM が停止される","status":"passed","title":"exit() で BGM が停止される","duration":9.480916000000434,"failureMessages":[],"meta":{},"tags":[]},{"ancestorTitles":["ResultScene","UI 表示"],"fullName":"ResultScene UI 表示 100% で星3つ ★★★ とパーフェクトメッセージが表示される","status":"passed","title":"100% で星3つ ★★★ とパーフェクトメッセージが表示される","duration":82.03137500000048,"failureMessages":[],"meta":{},"tags":[]},{"ancestorTitles":["ResultScene","UI 表示"],"fullName":"ResultScene UI 表示 80% で星2つ ★★☆ と「とてもよくできました」が表示される","status":"passed","title":"80% で星2つ ★★☆ と「とてもよくできました」が表示される","duration":55.573999999999614,"failureMessages":[],"meta":{},"tags":[]},{"ancestorTitles":["ResultScene","UI 表示"],"fullName":"ResultScene UI 表示 60% で星1つ ★☆☆ と「よくがんばったね」が表示される","status":"passed","title":"60% で星1つ ★☆☆ と「よくがんばったね」が表示される","duration":14.927458000000115,"failureMessages":[],"meta":{},"tags":[]},{"ancestorTitles":["ResultScene","UI 表示"],"fullName":"ResultScene UI 表示 40% で星0個 ☆☆☆ と「もういちど チャレンジしよう」が表示される","status":"passed","title":"40% で星0個 ☆☆☆ と「もういちど チャレンジしよう」が表示される","duration":7.047875000000204,"failureMessages":[],"meta":{},"tags":[]},{"ancestorTitles":["ResultScene","UI 表示"],"fullName":"ResultScene UI 表示 スコア表示が「correct / total もん せいかい！」形式である","status":"passed","title":"スコア表示が「correct / total もん せいかい！」形式である","duration":44.874667000000045,"failureMessages":[],"meta":{},"tags":[]},{"ancestorTitles":["ResultScene","ボタン遷移"],"fullName":"ResultScene ボタン遷移 ratio < 0.6 で 3つのボタン（もういちど・モードせんたく・ホーム）が表示される","status":"passed","title":"ratio < 0.6 で 3つのボタン（もういちど・モードせんたく・ホーム）が表示される","duration":60.40008399999988,"failureMessages":[],"meta":{},"tags":[]},{"ancestorTitles":["ResultScene","ボタン遷移"],"fullName":"ResultScene ボタン遷移 ホームボタンで title に遷移する","status":"passed","title":"ホームボタンで title に遷移する","duration":70.44800000000032,"failureMessages":[],"meta":{},"tags":[]},{"ancestorTitles":["ResultScene","ボタン遷移"],"fullName":"ResultScene ボタン遷移 モードせんたくボタンで modeSelect に遷移する","status":"passed","title":"モードせんたくボタンで modeSelect に遷移する","duration":63.24012499999935,"failureMessages":[],"meta":{},"tags":[]},{"ancestorTitles":["ResultScene","ボタン遷移"],"fullName":"ResultScene ボタン遷移 もういちどボタンで quiz モードは quizPlay に遷移する","status":"passed","title":"もういちどボタンで quiz モードは quizPlay に遷移する","duration":21.28679099999954,"failureMessages":[],"meta":{},"tags":[]},{"ancestorTitles":["ResultScene","ボタン遷移"],"fullName":"ResultScene ボタン遷移 もういちどボタンで setTime モードは setTimePlay に遷移する","status":"passed","title":"もういちどボタンで setTime モードは setTimePlay に遷移する","duration":56.90337499999987,"failureMessages":[],"meta":{},"tags":[]},{"ancestorTitles":["ResultScene","ボタン遷移"],"fullName":"ResultScene ボタン遷移 もういちどボタンで daily モードは dailyPlay に遷移する","status":"passed","title":"もういちどボタンで daily モードは dailyPlay に遷移する","duration":18.078165999999328,"failureMessages":[],"meta":{},"tags":[]},{"ancestorTitles":["ResultScene","exit()"],"fullName":"ResultScene exit() exit() でオーバーレイが除去される","status":"passed","title":"exit() でオーバーレイが除去される","duration":39.21787500000028,"failureMessages":[],"meta":{},"tags":[]},{"ancestorTitles":["ResultScene — つぎのレベルへボタン"],"fullName":"ResultScene — つぎのレベルへボタン レベルクリア（ratio >= 0.6）かつ最終レベルでない場合にボタンが表示される","status":"passed","title":"レベルクリア（ratio >= 0.6）かつ最終レベルでない場合にボタンが表示される","duration":47.90387499999997,"failureMessages":[],"meta":{},"tags":[]},{"ancestorTitles":["ResultScene — つぎのレベルへボタン"],"fullName":"ResultScene — つぎのレベルへボタン ratio = 0.6 ちょうどでボタンが表示される（境界値）","status":"passed","title":"ratio = 0.6 ちょうどでボタンが表示される（境界値）","duration":50.29158300000017,"failureMessages":[],"meta":{},"tags":[]},{"ancestorTitles":["ResultScene — つぎのレベルへボタン"],"fullName":"ResultScene — つぎのレベルへボタン ratio = 0.59 でボタンが表示されない（境界値）","status":"passed","title":"ratio = 0.59 でボタンが表示されない（境界値）","duration":15.797625000000153,"failureMessages":[],"meta":{},"tags":[]},{"ancestorTitles":["ResultScene — つぎのレベルへボタン"],"fullName":"ResultScene — つぎのレベルへボタン 最終レベルの場合はボタンが表示されない","status":"passed","title":"最終レベルの場合はボタンが表示されない","duration":12.446125000000393,"failureMessages":[],"meta":{},"tags":[]},{"ancestorTitles":["ResultScene — つぎのレベルへボタン"],"fullName":"ResultScene — つぎのレベルへボタン mode === \"daily\" の場合はボタンが表示されない","status":"passed","title":"mode === \"daily\" の場合はボタンが表示されない","duration":79.56079200000022,"failureMessages":[],"meta":{},"tags":[]},{"ancestorTitles":["ResultScene — つぎのレベルへボタン"],"fullName":"ResultScene — つぎのレベルへボタン quiz モードでボタンクリック時に quizPlay に level+1 で遷移する","status":"passed","title":"quiz モードでボタンクリック時に quizPlay に level+1 で遷移する","duration":13.925459000000046,"failureMessages":[],"meta":{},"tags":[]},{"ancestorTitles":["ResultScene — つぎのレベルへボタン"],"fullName":"ResultScene — つぎのレベルへボタン setTime モードでボタンクリック時に setTimePlay に level+1 で遷移する","status":"passed","title":"setTime モードでボタンクリック時に setTimePlay に level+1 で遷移する","duration":48.33250000000044,"failureMessages":[],"meta":{},"tags":[]},{"ancestorTitles":["ResultScene — つぎのレベルへボタン"],"fullName":"ResultScene — つぎのレベルへボタン retryBtn の直後に配置される","status":"passed","title":"retryBtn の直後に配置される","duration":13.041707999999744,"failureMessages":[],"meta":{},"tags":[]},{"ancestorTitles":["ResultScene - トロフィー獲得通知"],"fullName":"ResultScene - トロフィー獲得通知 パーフェクト達成 + 初回トロフィー → 🏆 トロフィーゲット！が表示される","status":"passed","title":"パーフェクト達成 + 初回トロフィー → 🏆 トロフィーゲット！が表示される","duration":48.76833400000032,"failureMessages":[],"meta":{},"tags":[]},{"ancestorTitles":["ResultScene - トロフィー獲得通知"],"fullName":"ResultScene - トロフィー獲得通知 パーフェクト達成 + 既得トロフィー → トロフィーゲット！が表示されない","status":"passed","title":"パーフェクト達成 + 既得トロフィー → トロフィーゲット！が表示されない","duration":40.399083999999675,"failureMessages":[],"meta":{},"tags":[]},{"ancestorTitles":["ResultScene - トロフィー獲得通知"],"fullName":"ResultScene - トロフィー獲得通知 パーフェクト未達 → トロフィーゲット！が表示されない","status":"passed","title":"パーフェクト未達 → トロフィーゲット！が表示されない","duration":15.86962499999936,"failureMessages":[],"meta":{},"tags":[]},{"ancestorTitles":["ResultScene - トロフィー獲得通知"],"fullName":"ResultScene - トロフィー獲得通知 exit() で isNewTrophy がリセットされること","status":"passed","title":"exit() で isNewTrophy がリセットされること","duration":88.5762909999994,"failureMessages":[],"meta":{},"tags":[]}],"startTime":1777699421334,"endTime":1777699423940.5762,"status":"passed","message":"","name":"/Users/shingotada/Documents/vscode/watch-game/tests/game/scenes/ResultScene.test.ts"},{"assertionResults":[{"ancestorTitles":["SetTimePlayScene"],"fullName":"SetTimePlayScene exit() 後に setTimeout コールバックが requestTransition を呼ばないこと","status":"passed","title":"exit() 後に setTimeout コールバックが requestTransition を呼ばないこと","duration":1467.8436250000004,"failureMessages":[],"meta":{},"tags":[]},{"ancestorTitles":["SetTimePlayScene"],"fullName":"SetTimePlayScene handleConfirm() 後にボタンが視覚的に無効化されること","status":"passed","title":"handleConfirm() 後にボタンが視覚的に無効化されること","duration":96.4311660000003,"failureMessages":[],"meta":{},"tags":[]},{"ancestorTitles":["SetTimePlayScene"],"fullName":"SetTimePlayScene 次の問題表示後にボタンが再度有効化されること","status":"passed","title":"次の問題表示後にボタンが再度有効化されること","duration":155.59920799999963,"failureMessages":[],"meta":{},"tags":[]},{"ancestorTitles":["SetTimePlayScene"],"fullName":"SetTimePlayScene enter() で pendingTimers が初期化されること（再入時の防御）","status":"passed","title":"enter() で pendingTimers が初期化されること（再入時の防御）","duration":189.89587500000016,"failureMessages":[],"meta":{},"tags":[]},{"ancestorTitles":["SetTimePlayScene"],"fullName":"SetTimePlayScene 不正解時に CurrentTimeDisplay が正解の時刻に更新されること","status":"passed","title":"不正解時に CurrentTimeDisplay が正解の時刻に更新されること","duration":220.9928749999999,"failureMessages":[],"meta":{},"tags":[]},{"ancestorTitles":["SetTimePlayScene"],"fullName":"SetTimePlayScene enter() で CurrentTimeDisplay に初期時刻 12:00 が表示されること","status":"passed","title":"enter() で CurrentTimeDisplay に初期時刻 12:00 が表示されること","duration":62.0590830000001,"failureMessages":[],"meta":{},"tags":[]},{"ancestorTitles":["SetTimePlayScene"],"fullName":"SetTimePlayScene exit() で CurrentTimeDisplay が unmount されること","status":"passed","title":"exit() で CurrentTimeDisplay が unmount されること","duration":46.05945799999972,"failureMessages":[],"meta":{},"tags":[]}],"startTime":1777699430870,"endTime":1777699433109.0596,"status":"passed","message":"","name":"/Users/shingotada/Documents/vscode/watch-game/tests/game/scenes/SetTimePlayScene.test.ts"},{"assertionResults":[{"ancestorTitles":["TitleScene","BGM"],"fullName":"TitleScene BGM enter() で startBGM(\"title\") が呼ばれること","status":"passed","title":"enter() で startBGM(\"title\") が呼ばれること","duration":1138.556125,"failureMessages":[],"meta":{},"tags":[]},{"ancestorTitles":["TitleScene","BGM"],"fullName":"TitleScene BGM audioManager が未初期化の場合 startBGM が呼ばれないこと","status":"passed","title":"audioManager が未初期化の場合 startBGM が呼ばれないこと","duration":82.30108399999972,"failureMessages":[],"meta":{},"tags":[]},{"ancestorTitles":["TitleScene","BGM"],"fullName":"TitleScene BGM exit() で stopBGM() が呼ばれること","status":"passed","title":"exit() で stopBGM() が呼ばれること","duration":60.74358299999949,"failureMessages":[],"meta":{},"tags":[]},{"ancestorTitles":["TitleScene","時計表示"],"fullName":"TitleScene 時計表示 enter() で Clock3D の group が scene に追加されること","status":"passed","title":"enter() で Clock3D の group が scene に追加されること","duration":21.113249999998516,"failureMessages":[],"meta":{},"tags":[]},{"ancestorTitles":["TitleScene","時計表示"],"fullName":"TitleScene 時計表示 exit() で Clock3D の group が scene から除去されること","status":"passed","title":"exit() で Clock3D の group が scene から除去されること","duration":112.25941700000112,"failureMessages":[],"meta":{},"tags":[]},{"ancestorTitles":["TitleScene","背景 stars"],"fullName":"TitleScene 背景 stars enter() で stars パーティクルが scene に追加されること","status":"passed","title":"enter() で stars パーティクルが scene に追加されること","duration":49.188874999999825,"failureMessages":[],"meta":{},"tags":[]},{"ancestorTitles":["TitleScene","背景 stars"],"fullName":"TitleScene 背景 stars exit() で stars の geometry/material が dispose されること","status":"passed","title":"exit() で stars の geometry/material が dispose されること","duration":20.73841700000048,"failureMessages":[],"meta":{},"tags":[]},{"ancestorTitles":["TitleScene","ボタン操作"],"fullName":"TitleScene ボタン操作 「あそぶ」ボタンクリックで modeSelect に遷移すること","status":"passed","title":"「あそぶ」ボタンクリックで modeSelect に遷移すること","duration":164.40512499999932,"failureMessages":[],"meta":{},"tags":[]},{"ancestorTitles":["TitleScene","ボタン操作"],"fullName":"TitleScene ボタン操作 「トロフィー」ボタンクリックで trophy に遷移すること","status":"passed","title":"「トロフィー」ボタンクリックで trophy に遷移すること","duration":43.140417000000525,"failureMessages":[],"meta":{},"tags":[]},{"ancestorTitles":["TitleScene","ボタン操作"],"fullName":"TitleScene ボタン操作 ボタンクリック時に未初期化なら audioManager.init() が呼ばれること","status":"passed","title":"ボタンクリック時に未初期化なら audioManager.init() が呼ばれること","duration":41.860375000000204,"failureMessages":[],"meta":{},"tags":[]},{"ancestorTitles":["TitleScene","ボタン操作"],"fullName":"TitleScene ボタン操作 ボタンクリック時に初期化済みなら audioManager.init() が呼ばれないこと","status":"passed","title":"ボタンクリック時に初期化済みなら audioManager.init() が呼ばれないこと","duration":60.84858300000087,"failureMessages":[],"meta":{},"tags":[]},{"ancestorTitles":["TitleScene","ボタン操作"],"fullName":"TitleScene ボタン操作 ボタンクリックで buttonTap SFX が再生されること","status":"passed","title":"ボタンクリックで buttonTap SFX が再生されること","duration":43.36345799999981,"failureMessages":[],"meta":{},"tags":[]},{"ancestorTitles":["TitleScene","exit()"],"fullName":"TitleScene exit() exit() でオーバーレイ DOM が除去されること","status":"passed","title":"exit() でオーバーレイ DOM が除去されること","duration":62.10375000000022,"failureMessages":[],"meta":{},"tags":[]}],"startTime":1777699431068,"endTime":1777699432971.1038,"status":"passed","message":"","name":"/Users/shingotada/Documents/vscode/watch-game/tests/game/scenes/TitleScene.test.ts"},{"assertionResults":[{"ancestorTitles":["TrophyScene","BGM"],"fullName":"TrophyScene BGM enter() で startBGM(\"title\") が呼ばれること","status":"passed","title":"enter() で startBGM(\"title\") が呼ばれること","duration":682.069708,"failureMessages":[],"meta":{},"tags":[]},{"ancestorTitles":["TrophyScene","BGM"],"fullName":"TrophyScene BGM audioManager が未初期化の場合 startBGM が呼ばれないこと","status":"passed","title":"audioManager が未初期化の場合 startBGM が呼ばれないこと","duration":113.31974999999966,"failureMessages":[],"meta":{},"tags":[]},{"ancestorTitles":["TrophyScene","BGM"],"fullName":"TrophyScene BGM exit() で stopBGM() が呼ばれること","status":"passed","title":"exit() で stopBGM() が呼ばれること","duration":120.59362499999952,"failureMessages":[],"meta":{},"tags":[]},{"ancestorTitles":["TrophyScene","トロフィー表示"],"fullName":"TrophyScene トロフィー表示 獲得済みトロフィーが正しい emoji・ラベルで表示されること","status":"passed","title":"獲得済みトロフィーが正しい emoji・ラベルで表示されること","duration":350.7337499999994,"failureMessages":[],"meta":{},"tags":[]},{"ancestorTitles":["TrophyScene","トロフィー表示"],"fullName":"TrophyScene トロフィー表示 未獲得トロフィーが ❓ / ??? で表示されること","status":"passed","title":"未獲得トロフィーが ❓ / ??? で表示されること","duration":150.8832910000001,"failureMessages":[],"meta":{},"tags":[]},{"ancestorTitles":["TrophyScene","トロフィー表示"],"fullName":"TrophyScene トロフィー表示 トロフィー数が「earned / 9」形式で表示されること","status":"passed","title":"トロフィー数が「earned / 9」形式で表示されること","duration":114.79966700000023,"failureMessages":[],"meta":{},"tags":[]},{"ancestorTitles":["TrophyScene","統計表示"],"fullName":"TrophyScene 統計表示 totalPlays と totalCorrect が表示されること","status":"passed","title":"totalPlays と totalCorrect が表示されること","duration":78.54274999999961,"failureMessages":[],"meta":{},"tags":[]},{"ancestorTitles":["TrophyScene","戻るボタン"],"fullName":"TrophyScene 戻るボタン 戻るボタンクリックで title に遷移すること","status":"passed","title":"戻るボタンクリックで title に遷移すること","duration":169.46029099999942,"failureMessages":[],"meta":{},"tags":[]},{"ancestorTitles":["TrophyScene","戻るボタン"],"fullName":"TrophyScene 戻るボタン 戻るボタンクリックで buttonTap SFX が再生されること","status":"passed","title":"戻るボタンクリックで buttonTap SFX が再生されること","duration":123.78529199999957,"failureMessages":[],"meta":{},"tags":[]},{"ancestorTitles":["TrophyScene","exit()"],"fullName":"TrophyScene exit() exit() でオーバーレイ DOM が除去されること","status":"passed","title":"exit() でオーバーレイ DOM が除去されること","duration":21.359542000000147,"failureMessages":[],"meta":{},"tags":[]}],"startTime":1777699422244,"endTime":1777699424170.3596,"status":"passed","message":"","name":"/Users/shingotada/Documents/vscode/watch-game/tests/game/scenes/TrophyScene.test.ts"}]}
